<?xml version="1.0" encoding="UTF-8"?>
<!-- Generated by org.testng.reporters.JUnitXMLReporter -->
<testsuite ignored="0" hostname="PHDL-HOME-03" failures="9" tests="9" name="Surefire test" time="34.528" errors="0" timestamp="2026-03-25T08:53:43 EDT">
  <testcase classname="io.cucumber.testng.AbstractTestNGCucumberTests" name="runScenario" time="19.532">
    <failure type="java.lang.RuntimeException" message="Failed to connect to DB: [jdbc:mysql://localhost:3306/your_dev_db]
Error: Access denied for user &amp;apos;dev_user&amp;apos;@&amp;apos;localhost&amp;apos; (using password: YES)">
      <![CDATA[java.lang.RuntimeException: Failed to connect to DB: [jdbc:mysql://localhost:3306/your_dev_db]
Error: Access denied for user 'dev_user'@'localhost' (using password: YES)
at utils.DBUtils.createConnection(DBUtils.java:466)
at utils.DBUtils.getConnection(DBUtils.java:103)
at hooks.Hooks.beforeDbScenario(Hooks.java:144)
Caused by: java.sql.SQLException: Access denied for user 'dev_user'@'localhost' (using password: YES)
at com.mysql.cj.jdbc.exceptions.SQLError.createSQLException(SQLError.java:121)
at com.mysql.cj.jdbc.exceptions.SQLExceptionsMapping.translateException(SQLExceptionsMapping.java:113)
at com.mysql.cj.jdbc.ConnectionImpl.createNewIO(ConnectionImpl.java:861)
at com.mysql.cj.jdbc.ConnectionImpl.<init>(ConnectionImpl.java:449)
at com.mysql.cj.jdbc.ConnectionImpl.getInstance(ConnectionImpl.java:234)
at com.mysql.cj.jdbc.NonRegisteringDriver.connect(NonRegisteringDriver.java:180)
at java.sql/java.sql.DriverManager.getConnection(DriverManager.java:613)
at java.sql/java.sql.DriverManager.getConnection(DriverManager.java:199)
at utils.DBUtils.createConnection(DBUtils.java:451)
at utils.DBUtils.getConnection(DBUtils.java:103)
at hooks.Hooks.beforeDbScenario(Hooks.java:144)
at io.cucumber.java.Invoker.doInvoke(Invoker.java:66)
at io.cucumber.java.Invoker.invoke(Invoker.java:24)
at io.cucumber.java.AbstractGlueDefinition.invokeMethod(AbstractGlueDefinition.java:47)
at io.cucumber.java.JavaHookDefinition.execute(JavaHookDefinition.java:64)
at io.cucumber.core.runner.CoreHookDefinition.execute(CoreHookDefinition.java:46)
at io.cucumber.core.runner.HookDefinitionMatch.runStep(HookDefinitionMatch.java:21)
at io.cucumber.core.runner.ExecutionMode$1.execute(ExecutionMode.java:10)
at io.cucumber.core.runner.TestStep.executeStep(TestStep.java:81)
at io.cucumber.core.runner.TestStep.run(TestStep.java:53)
at io.cucumber.core.runner.TestCase.run(TestCase.java:78)
at io.cucumber.core.runner.Runner.runPickle(Runner.java:75)
at io.cucumber.testng.TestNGCucumberRunner.lambda$runScenario$1(TestNGCucumberRunner.java:132)
at io.cucumber.core.runtime.CucumberExecutionContext.lambda$runTestCase$5(CucumberExecutionContext.java:136)
at io.cucumber.core.runtime.RethrowingThrowableCollector.executeAndThrow(RethrowingThrowableCollector.java:23)
at io.cucumber.core.runtime.CucumberExecutionContext.runTestCase(CucumberExecutionContext.java:136)
at io.cucumber.testng.TestNGCucumberRunner.runScenario(TestNGCucumberRunner.java:129)
at io.cucumber.testng.AbstractTestNGCucumberTests.runScenario(AbstractTestNGCucumberTests.java:35)
at java.base/java.util.concurrent.ThreadPoolExecutor.runWorker(ThreadPoolExecutor.java:1090)
at java.base/java.util.concurrent.ThreadPoolExecutor$Worker.run(ThreadPoolExecutor.java:614)
at java.base/java.lang.Thread.run(Thread.java:1474)
... Removed 9 stack frames]]>
    </failure>
  </testcase> <!-- runScenario -->
  <testcase classname="io.cucumber.testng.AbstractTestNGCucumberTests" name="runScenario" time="19.532">
    <failure type="java.lang.RuntimeException" message="Failed to connect to DB: [jdbc:mysql://localhost:3306/your_dev_db]
Error: Access denied for user &amp;apos;dev_user&amp;apos;@&amp;apos;localhost&amp;apos; (using password: YES)">
      <![CDATA[java.lang.RuntimeException: Failed to connect to DB: [jdbc:mysql://localhost:3306/your_dev_db]
Error: Access denied for user 'dev_user'@'localhost' (using password: YES)
at utils.DBUtils.createConnection(DBUtils.java:466)
at utils.DBUtils.getConnection(DBUtils.java:103)
at hooks.Hooks.beforeDbScenario(Hooks.java:144)
Caused by: java.sql.SQLException: Access denied for user 'dev_user'@'localhost' (using password: YES)
at com.mysql.cj.jdbc.exceptions.SQLError.createSQLException(SQLError.java:121)
at com.mysql.cj.jdbc.exceptions.SQLExceptionsMapping.translateException(SQLExceptionsMapping.java:113)
at com.mysql.cj.jdbc.ConnectionImpl.createNewIO(ConnectionImpl.java:861)
at com.mysql.cj.jdbc.ConnectionImpl.<init>(ConnectionImpl.java:449)
at com.mysql.cj.jdbc.ConnectionImpl.getInstance(ConnectionImpl.java:234)
at com.mysql.cj.jdbc.NonRegisteringDriver.connect(NonRegisteringDriver.java:180)
at java.sql/java.sql.DriverManager.getConnection(DriverManager.java:613)
at java.sql/java.sql.DriverManager.getConnection(DriverManager.java:199)
at utils.DBUtils.createConnection(DBUtils.java:451)
at utils.DBUtils.getConnection(DBUtils.java:103)
at hooks.Hooks.beforeDbScenario(Hooks.java:144)
at io.cucumber.java.Invoker.doInvoke(Invoker.java:66)
at io.cucumber.java.Invoker.invoke(Invoker.java:24)
at io.cucumber.java.AbstractGlueDefinition.invokeMethod(AbstractGlueDefinition.java:47)
at io.cucumber.java.JavaHookDefinition.execute(JavaHookDefinition.java:64)
at io.cucumber.core.runner.CoreHookDefinition.execute(CoreHookDefinition.java:46)
at io.cucumber.core.runner.HookDefinitionMatch.runStep(HookDefinitionMatch.java:21)
at io.cucumber.core.runner.ExecutionMode$1.execute(ExecutionMode.java:10)
at io.cucumber.core.runner.TestStep.executeStep(TestStep.java:81)
at io.cucumber.core.runner.TestStep.run(TestStep.java:53)
at io.cucumber.core.runner.TestCase.run(TestCase.java:78)
at io.cucumber.core.runner.Runner.runPickle(Runner.java:75)
at io.cucumber.testng.TestNGCucumberRunner.lambda$runScenario$1(TestNGCucumberRunner.java:132)
at io.cucumber.core.runtime.CucumberExecutionContext.lambda$runTestCase$5(CucumberExecutionContext.java:136)
at io.cucumber.core.runtime.RethrowingThrowableCollector.executeAndThrow(RethrowingThrowableCollector.java:23)
at io.cucumber.core.runtime.CucumberExecutionContext.runTestCase(CucumberExecutionContext.java:136)
at io.cucumber.testng.TestNGCucumberRunner.runScenario(TestNGCucumberRunner.java:129)
at io.cucumber.testng.AbstractTestNGCucumberTests.runScenario(AbstractTestNGCucumberTests.java:35)
at java.base/java.util.concurrent.ThreadPoolExecutor.runWorker(ThreadPoolExecutor.java:1090)
at java.base/java.util.concurrent.ThreadPoolExecutor$Worker.run(ThreadPoolExecutor.java:614)
at java.base/java.lang.Thread.run(Thread.java:1474)
... Removed 9 stack frames]]>
    </failure>
  </testcase> <!-- runScenario -->
  <testcase classname="io.cucumber.testng.AbstractTestNGCucumberTests" name="runScenario" time="22.151">
    <failure type="java.lang.AssertionError" message="Expected HTTP status [200] but received [404] expected [200] but found [404]">
      <![CDATA[java.lang.AssertionError: Expected HTTP status [200] but received [404] expected [200] but found [404]
at utils.CustomAssert.assertStatusCode(CustomAssert.java:354)
at utils.ResponseValidator.assertStatusCode(ResponseValidator.java:93)
at stepdefinitions.ApiSteps.iAmAuthenticatedAs(ApiSteps.java:61)
at ✽.I am authenticated as "admin"(file:///Users/jok208/selenium-hybrid-template/src/test/resources/features/api.feature:70)
... Removed 6 stack frames]]>
    </failure>
  </testcase> <!-- runScenario -->
  <testcase classname="io.cucumber.testng.AbstractTestNGCucumberTests" name="runScenario" time="22.168">
    <failure type="java.lang.AssertionError" message="Response body should contain [UP] | Expected [&amp;lt;!DOCTYPE html&amp;gt;
&amp;lt;html lang=&amp;quot;en&amp;quot;&amp;gt;
&amp;lt;head&amp;gt;
&amp;lt;!-- Start cookieyes banner --&amp;gt;
&amp;lt;script id=&amp;quot;cookieyes&amp;quot; type=&amp;quot;text/javascript&amp;quot; src=&amp;quot;https://cdn-cookieyes.com/client_data/e71bc53f1cb88666d160c1e2/script.js&amp;quot;&amp;gt;&amp;lt;/script&amp;gt;
&amp;lt;!-- End cookieyes banner --&amp;gt;
&amp;lt;meta http-equiv=&amp;quot;Content-Type&amp;quot; content=&amp;quot;text/html; charset=UTF-8&amp;quot;&amp;gt;
&amp;lt;!-- Required meta tags --&amp;gt;
&amp;lt;meta name=&amp;quot;viewport&amp;quot; content=&amp;quot;width=device-width, initial-scale=1, shrink-to-fit=no&amp;quot;&amp;gt;
&amp;lt;link rel=&amp;quot;preconnect&amp;quot; href=&amp;quot;https://www.google.com&amp;quot;&amp;gt;
&amp;lt;link rel=&amp;quot;preconnect&amp;quot; href=&amp;quot;https://www.gstatic.com&amp;quot; crossorigin&amp;gt;
&amp;lt;link rel=&amp;quot;stylesheet&amp;quot; href=&amp;quot;https://cdn.jsdelivr.net/gh/fancyapps/fancybox@3.5.7/dist/jquery.fancybox.min.css&amp;quot; /&amp;gt;
&amp;lt;link rel=&amp;quot;stylesheet&amp;quot; href=&amp;quot;https://static.hugedomains.com/css/hdv3-css/reboot.min.css&amp;quot;&amp;gt;
&amp;lt;link rel=&amp;quot;stylesheet&amp;quot; href=&amp;quot;https://static.hugedomains.com/css/hdv3-css/style.css?aa=2021-06-09a&amp;quot;&amp;gt;
&amp;lt;link rel=&amp;quot;stylesheet&amp;quot; href=&amp;quot;https://static.hugedomains.com/css/hdv3-css/responsive.css?aa=2021-06-09a&amp;quot;&amp;gt;
&amp;lt;link rel=&amp;quot;stylesheet&amp;quot; href=&amp;quot;https://static.hugedomains.com/css/hdv3-css/hd-style.css?aa=2022-10-33&amp;quot;&amp;gt;
&amp;lt;link rel=&amp;quot;stylesheet&amp;quot; href=&amp;quot;https://static.hugedomains.com/css/hdv3-css/hd-style-print.css&amp;quot;&amp;gt;
&amp;lt;meta name=&amp;quot;theme-color&amp;quot; content=&amp;quot;#4e73b7&amp;quot;&amp;gt;
&amp;lt;meta property=&amp;quot;og:site_name&amp;quot; content=&amp;quot;HugeDomains&amp;quot;&amp;gt;
&amp;lt;meta property=&amp;quot;og:type&amp;quot; content=&amp;quot;website&amp;quot;&amp;gt;
&amp;lt;meta property=&amp;quot;og:image&amp;quot; content=&amp;quot;https://static.hugedomains.com/images/hdv3-img/og_hugedomains.png&amp;quot; /&amp;gt;
&amp;lt;title&amp;gt;Your-App.com is for sale | HugeDomains&amp;lt;/title&amp;gt;
&amp;lt;meta property=&amp;quot;og:title&amp;quot; content=&amp;quot;Your-App.com is for sale | HugeDomains&amp;quot; /&amp;gt;
&amp;lt;meta property=&amp;quot;og:url&amp;quot; content=&amp;quot;https://www.hugeDomains.com/domain_profile.cfm?d=Your-App.com&amp;quot; /&amp;gt;
&amp;lt;link rel=&amp;quot;canonical&amp;quot; href=&amp;quot;https://www.hugeDomains.com/domain_profile.cfm?d=Your-App.com&amp;quot; /&amp;gt;
&amp;lt;meta property=&amp;quot;og:description&amp;quot; content=&amp;quot;Friendly and helpful customer support that goes above and beyond. We help you get the perfect domain name.&amp;quot; /&amp;gt;
&amp;lt;meta name=&amp;quot;description&amp;quot; content=&amp;quot;Friendly and helpful customer support that goes above and beyond. We help you get the perfect domain name.&amp;quot;/&amp;gt;
&amp;lt;link rel=&amp;quot;stylesheet&amp;quot; href=&amp;quot;https://fonts.googleapis.com/css?family=Noto+Sans:400,700&amp;amp;display=swap&amp;quot;&amp;gt;
&amp;lt;link rel=&amp;quot;stylesheet&amp;quot; href=&amp;quot;https://use.typekit.net/zyw6mds.css&amp;quot;&amp;gt;
&amp;lt;!-- Global site tag (gtag.js) - Google Analytics --&amp;gt;
&amp;lt;script async src=&amp;quot;https://www.googletagmanager.com/gtag/js?id=UA-7117339-4&amp;quot;&amp;gt;&amp;lt;/script&amp;gt;
&amp;lt;script&amp;gt;
window.dataLayer = window.dataLayer || [];
function gtag(){dataLayer.push(arguments);}
gtag(&amp;apos;js&amp;apos;, new Date());
/* gtag(&amp;apos;config&amp;apos;, &amp;apos;UA-7117339-4&amp;apos;); */
gtag(&amp;apos;config&amp;apos;, &amp;apos;UA-7117339-4&amp;apos;, {
&amp;apos;custom_map&amp;apos;: {
&amp;apos;dimension3&amp;apos;: &amp;apos;siteversion&amp;apos;
}
});
gtag(&amp;apos;event&amp;apos;, &amp;apos;pageLoad&amp;apos;, { &amp;apos;siteversion&amp;apos;: &amp;apos;HDv3&amp;apos; });
&amp;lt;/script&amp;gt;
&amp;lt;/head&amp;gt;
&amp;lt;body &amp;gt;
&amp;lt;a href=&amp;quot;#main&amp;quot; class=&amp;quot;skip-main&amp;quot;&amp;gt;Skip to main content&amp;lt;/a&amp;gt;
&amp;lt;header id=&amp;quot;header&amp;quot; class=&amp;quot;hdv3HeaderDarkBlue noBottomBorderPrint&amp;quot; &amp;gt;
&amp;lt;div class=&amp;quot;js-overlay-modal overlay-modal&amp;quot;&amp;gt;&amp;lt;/div&amp;gt;
&amp;lt;div class=&amp;quot;container &amp;quot;&amp;gt;
&amp;lt;div class=&amp;quot;header-top d-flex ai-center &amp;quot;&amp;gt;
&amp;lt;div class=&amp;quot;navBurger&amp;quot; role=&amp;quot;button&amp;quot; id=&amp;quot;navToggle&amp;quot; aria-label=&amp;quot;Navigation Toggle&amp;quot;&amp;gt;&amp;lt;/div&amp;gt;
&amp;lt;a class=&amp;quot;logo&amp;quot; href=&amp;quot;https://www.hugeDomains.com/index.cfm&amp;quot;&amp;gt;&amp;lt;img src=&amp;quot;https://static.hugedomains.com/images/hdv3-img/hd-header-logo-v3.svg&amp;quot; alt=&amp;quot;logo&amp;quot; class=&amp;quot;img-fluid&amp;quot;&amp;gt;&amp;lt;/a&amp;gt;
&amp;lt;div class=&amp;quot;d-flex ai-center jc-end&amp;quot;&amp;gt;
&amp;lt;div class=&amp;quot;search-trigger&amp;quot;&amp;gt;
&amp;lt;a href=&amp;quot;tel:1-303-893-0552&amp;quot; class=&amp;quot;header-tel headerMobileSearchPhone&amp;quot; aria-label=&amp;quot;HugeDomains Phone Number&amp;quot;&amp;gt;&amp;lt;img src=&amp;quot;https://static.hugedomains.com/images/hdv3-img/phone-icon-white.png&amp;quot; alt=&amp;quot;&amp;quot; border=&amp;quot;0&amp;quot;&amp;gt;&amp;lt;/a&amp;gt;
&amp;lt;input type=&amp;quot;image&amp;quot; class=&amp;quot;headerSearchMagInputImg&amp;quot; src=&amp;quot;https://static.hugedomains.com/images/hdv3-img/search-icon-white.png&amp;quot; tabindex=&amp;quot;0&amp;quot; alt=&amp;quot;Header Mobile Search&amp;quot; border=&amp;quot;0&amp;quot; onclick=&amp;quot;headerMobileSearchMagFunc(); return false;&amp;quot; &amp;gt;
&amp;lt;/div&amp;gt;
&amp;lt;div class=&amp;quot;search-box &amp;quot; id=&amp;quot;hdv3HeaderSearchBoxDivID&amp;quot;&amp;gt;
&amp;lt;!--&amp;lt;span&amp;gt;Search for domains&amp;lt;/span&amp;gt;--&amp;gt;
&amp;lt;form action=&amp;quot;https://www.hugeDomains.com/domain_search.cfm&amp;quot; method=&amp;quot;get&amp;quot; class=&amp;quot;search-form&amp;quot; id=&amp;quot;siteHeaderFormSearchID&amp;quot;&amp;gt;
&amp;lt;input type=&amp;quot;text&amp;quot; name=&amp;quot;domain_name&amp;quot; value=&amp;quot;&amp;quot; class=&amp;quot;search-input&amp;quot; id=&amp;quot;hdv3HeaderSearchTextID&amp;quot; aria-label=&amp;quot;Header Domain Search&amp;quot; &amp;gt;
&amp;lt;button type=&amp;quot;submit&amp;quot; value=&amp;quot;&amp;quot; class=&amp;quot;search-btn&amp;quot; onClick=&amp;quot;hdv3HeaderSearchSubmitFunc(); return false; &amp;quot; style=&amp;quot;min-width:90px; height:35px;&amp;quot; id=&amp;quot;hdv3HeaderSearchButtonID&amp;quot; &amp;gt;Search&amp;lt;/button&amp;gt;
&amp;lt;button type=&amp;quot;button&amp;quot; value=&amp;quot;&amp;quot; id=&amp;quot;hdv3HeaderSearchProcessingID&amp;quot; class=&amp;quot;search-btn btn hiddenAtLoad width50&amp;quot; onclick=&amp;quot;return false;&amp;quot; style=&amp;quot; height:35px; min-width:90px; width:90px; padding-left:0px; padding-right:0px; padding-bottom:0px; padding-top:0px; margin-bottom:0px; overflow:hidden;&amp;quot; &amp;gt;
&amp;lt;div class=&amp;quot;circularJ circularBlackJ &amp;quot; style=&amp;quot;margin-left:0px; margin-right:0px; margin-top:2px; display:inline-block;&amp;quot;&amp;gt;
&amp;lt;div class=&amp;quot;circularJ_1&amp;quot;&amp;gt;&amp;lt;/div&amp;gt;
&amp;lt;div class=&amp;quot;circularJ_2&amp;quot;&amp;gt;&amp;lt;/div&amp;gt;
&amp;lt;div class=&amp;quot;circularJ_3&amp;quot;&amp;gt;&amp;lt;/div&amp;gt;
&amp;lt;div class=&amp;quot;circularJ_4&amp;quot;&amp;gt;&amp;lt;/div&amp;gt;
&amp;lt;div class=&amp;quot;circularJ_5&amp;quot;&amp;gt;&amp;lt;/div&amp;gt;
&amp;lt;div class=&amp;quot;circularJ_6&amp;quot;&amp;gt;&amp;lt;/div&amp;gt;
&amp;lt;div class=&amp;quot;circularJ_7&amp;quot;&amp;gt;&amp;lt;/div&amp;gt;
&amp;lt;div class=&amp;quot;circularJ_8&amp;quot;&amp;gt;&amp;lt;/div&amp;gt;
&amp;lt;/div&amp;gt;
&amp;lt;/button&amp;gt;
&amp;lt;/form&amp;gt;
&amp;lt;/div&amp;gt;
&amp;lt;a href=&amp;quot;tel:1-303-893-0552&amp;quot; class=&amp;quot;header-tel hideAt991Width&amp;quot; aria-label=&amp;quot;HugeDomains Phone Number&amp;quot;&amp;gt;&amp;lt;img src=&amp;quot;https://static.hugedomains.com/images/hdv3-img/phone-icon.png&amp;quot; alt=&amp;quot;&amp;quot;&amp;gt;&amp;lt;span class=&amp;quot;tell-text&amp;quot;&amp;gt;+1-303-893-0552&amp;lt;/span&amp;gt;&amp;lt;/a&amp;gt;
&amp;lt;/div&amp;gt;
&amp;lt;/div&amp;gt;
&amp;lt;/div&amp;gt;
&amp;lt;nav class=&amp;quot;navbar hQQQideAt991Width&amp;quot;&amp;gt;
&amp;lt;div class=&amp;quot;overDrawerLay &amp;quot; onclick=&amp;quot; $( &amp;apos;#navToggle&amp;apos; ).click(); &amp;quot;&amp;gt;&amp;lt;/div&amp;gt;
&amp;lt;div class=&amp;quot;overlay &amp;quot;&amp;gt;
&amp;lt;div class=&amp;quot;overlayMenu d-flex ai-center jc-between&amp;quot;&amp;gt;
&amp;lt;ul class=&amp;quot;navbar-nav&amp;quot;&amp;gt;
&amp;lt;li class=&amp;quot;nav-item&amp;quot;&amp;gt;
&amp;lt;a class=&amp;quot;nav-link &amp;quot; href=&amp;quot;https://www.hugeDomains.com/index.cfm&amp;quot;&amp;gt;Home&amp;lt;/a&amp;gt;
&amp;lt;/li&amp;gt;
&amp;lt;li class=&amp;quot;nav-item&amp;quot;&amp;gt;
&amp;lt;a class=&amp;quot;nav-link &amp;quot; href=&amp;quot;https://www.hugeDomains.com/faq.cfm&amp;quot;&amp;gt;FAQs&amp;lt;/b&amp;gt;&amp;lt;/a&amp;gt;
&amp;lt;/li&amp;gt;
&amp;lt;li class=&amp;quot;nav-item&amp;quot;&amp;gt;
&amp;lt;a class=&amp;quot;nav-link &amp;quot; href=&amp;quot;https://www.hugeDomains.com/about.cfm&amp;quot;&amp;gt;About us&amp;lt;/b&amp;gt;&amp;lt;/a&amp;gt;
&amp;lt;/li&amp;gt;
&amp;lt;li class=&amp;quot;nav-item&amp;quot;&amp;gt;
&amp;lt;a class=&amp;quot;nav-link &amp;quot; href=&amp;quot;https://www.hugeDomains.com/contact.cfm&amp;quot;&amp;gt;Contact us&amp;lt;/b&amp;gt;&amp;lt;/a&amp;gt;
&amp;lt;/li&amp;gt;
&amp;lt;li class=&amp;quot;nav-item&amp;quot;&amp;gt;
&amp;lt;a href=&amp;quot;https://www.hugeDomains.com/payment-plan-login.cfm&amp;quot; class=&amp;quot;nav-link &amp;quot;&amp;gt;My account&amp;lt;/a&amp;gt;
&amp;lt;/li&amp;gt;
&amp;lt;/ul&amp;gt;
&amp;lt;div class=&amp;quot;shop-links&amp;quot;&amp;gt;
&amp;lt;div class=&amp;quot;cart-icon favorit-ico &amp;quot; style=&amp;quot;padding-top:0px;&amp;quot;&amp;gt;&amp;lt;a href=&amp;quot;https://www.hugeDomains.com/my-favorites.cfm&amp;quot; class=&amp;quot;whiteLink &amp;quot; id=&amp;quot;hdv3HeaderFavIconLinkID&amp;quot; aria-label=&amp;quot;My favorites&amp;quot; &amp;gt;&amp;lt;span class=&amp;quot;mobile-show&amp;quot;&amp;gt;My favorites&amp;lt;/span&amp;gt;&amp;lt;img src=&amp;quot;https://static.hugedomains.com/images/hdv3-img/favorite-header.png&amp;quot; alt=&amp;quot;&amp;quot;&amp;gt;&amp;lt;span class=&amp;quot;cart-number hiddenAtLoad&amp;quot; id=&amp;quot;hdv3FavNumberSpanID&amp;quot;&amp;gt;&amp;lt;/span&amp;gt;&amp;lt;/a&amp;gt;&amp;lt;/div&amp;gt;
&amp;lt;div class=&amp;quot;cart-icon&amp;quot; style=&amp;quot;padding-top:0px;&amp;quot;&amp;gt;&amp;lt;a href=&amp;quot;https://www.hugeDomains.com/shopping_cart.cfm&amp;quot; class=&amp;quot;whiteLink &amp;quot; id=&amp;quot;hdv3HeaderShoppingCartLinkID&amp;quot; aria-label=&amp;quot;Shopping Cart&amp;quot; &amp;gt;&amp;lt;span class=&amp;quot;mobile-show&amp;quot;&amp;gt;Shopping cart&amp;lt;/span&amp;gt;&amp;lt;img src=&amp;quot;https://static.hugedomains.com/images/hdv3-img/cart.png&amp;quot; alt=&amp;quot;&amp;quot;&amp;gt;&amp;lt;span class=&amp;quot;cart-number hiddenAtLoad&amp;quot; id=&amp;quot;hdv3CartNumberSpanID&amp;quot; &amp;gt;&amp;lt;/span&amp;gt;&amp;lt;/a&amp;gt;&amp;lt;/div&amp;gt;
&amp;lt;/div&amp;gt;
&amp;lt;/div&amp;gt;
&amp;lt;/div&amp;gt;
&amp;lt;/nav&amp;gt;
&amp;lt;/header&amp;gt;
&amp;lt;main class=&amp;quot;site-main &amp;quot;&amp;gt;
&amp;lt;!-- 219 / HDv3 Product 3 - Billboard - Switch - Buy Now or PP 1 | Always $100 - 24 Months --&amp;gt;
&amp;lt;!-- 214 / billboardbuy now or pp 1 - 24 months --&amp;gt;
&amp;lt;div class=&amp;quot;product-fav-wrapp container&amp;quot;&amp;gt;
&amp;lt;div class=&amp;quot;side-wrapp dn-mobile&amp;quot;&amp;gt;
&amp;lt;div class=&amp;quot;slide-sidebar-block&amp;quot;&amp;gt;
&amp;lt;div class=&amp;quot;ss-block-inner&amp;quot;&amp;gt;
&amp;lt;div class=&amp;quot;ss-block-inner-new&amp;quot;&amp;gt;
&amp;lt;span class=&amp;quot;ss-block-title green&amp;quot; &amp;gt;Your-App.com&amp;lt;/span&amp;gt;
&amp;lt;span class=&amp;quot;row-save ss-bn &amp;quot;&amp;gt;
&amp;lt;span&amp;gt;Buy now:&amp;lt;/span&amp;gt;&amp;lt;span class=&amp;quot;big-text green&amp;quot;&amp;gt;$1,595&amp;lt;/span&amp;gt;
&amp;lt;/span&amp;gt;
&amp;lt;!-- buy now --&amp;gt;
&amp;lt;a href=&amp;quot;https://www.hugeDomains.com/shopping_cart.cfm?d=Your-App&amp;amp;e=com&amp;quot; class=&amp;quot;btn m-b-0 m-t-0 &amp;quot; id=&amp;quot;hdv3Billboard197BuyID&amp;quot; onClick=&amp;quot;$(&amp;apos;#hdv3Billboard197BuyID&amp;apos;).addClass(&amp;apos;hiddenAtLoad&amp;apos;); $(&amp;apos;#hdv3Billboard197BuyProceID&amp;apos;).removeClass(&amp;apos;hiddenAtLoad&amp;apos;); landerFuncA5D81EA57EB7465AB54D1288CE7B22F1Func(); return false;&amp;quot; style=&amp;quot;height:50px; padding-right:30px;&amp;quot; &amp;gt;&amp;amp;#9656; Buy now&amp;lt;/a&amp;gt;
&amp;lt;button type=&amp;quot;button&amp;quot; value=&amp;quot;&amp;quot; id=&amp;quot;hdv3Billboard197BuyProceID&amp;quot; class=&amp;quot; place-order-btn paymentpay-accaunt-content-btn btn hiddenAtLoad&amp;quot; onclick=&amp;quot;return false;&amp;quot; style=&amp;quot;height:50px; margin-left:0px; min-width:273px; margin-top:0px; margin-bottom:0px; display:flex;&amp;quot; &amp;gt;Processing
&amp;lt;div class=&amp;quot;circularJ&amp;quot;&amp;gt;
&amp;lt;div class=&amp;quot;circularJ_1&amp;quot;&amp;gt;&amp;lt;/div&amp;gt;
&amp;lt;div class=&amp;quot;circularJ_2&amp;quot;&amp;gt;&amp;lt;/div&amp;gt;
&amp;lt;div class=&amp;quot;circularJ_3&amp;quot;&amp;gt;&amp;lt;/div&amp;gt;
&amp;lt;div class=&amp;quot;circularJ_4&amp;quot;&amp;gt;&amp;lt;/div&amp;gt;
&amp;lt;div class=&amp;quot;circularJ_5&amp;quot;&amp;gt;&amp;lt;/div&amp;gt;
&amp;lt;div class=&amp;quot;circularJ_6&amp;quot;&amp;gt;&amp;lt;/div&amp;gt;
&amp;lt;div class=&amp;quot;circularJ_7&amp;quot;&amp;gt;&amp;lt;/div&amp;gt;
&amp;lt;div class=&amp;quot;circularJ_8&amp;quot;&amp;gt;&amp;lt;/div&amp;gt;
&amp;lt;/div&amp;gt;
&amp;lt;/button&amp;gt;
&amp;lt;span class=&amp;quot;or&amp;quot;&amp;gt;or&amp;lt;/span&amp;gt;
&amp;lt;!-- pp --&amp;gt;
&amp;lt;a href=&amp;quot;https://www.hugeDomains.com/payment-plan-setup.cfm?d=Your-App.com&amp;quot; class=&amp;quot;btn m-t-0 &amp;quot; id=&amp;quot;hdv3Billboard197PPID&amp;quot; onClick=&amp;quot;$(&amp;apos;#hdv3Billboard197PPID&amp;apos;).addClass(&amp;apos;hiddenAtLoad&amp;apos;); $(&amp;apos;#hdv3Billboard197PPProceID&amp;apos;).removeClass(&amp;apos;hiddenAtLoad&amp;apos;);&amp;quot; style=&amp;quot;height:50px; padding-right:30px;&amp;quot; &amp;gt;&amp;amp;#9656; Start payment plan&amp;lt;/a&amp;gt;
&amp;lt;button type=&amp;quot;button&amp;quot; value=&amp;quot;&amp;quot; id=&amp;quot;hdv3Billboard197PPProceID&amp;quot; class=&amp;quot; place-order-btn paymentpay-accaunt-content-btn btn hiddenAtLoad&amp;quot; onclick=&amp;quot;return false;&amp;quot; style=&amp;quot;height:50px; margin-left:0px; min-width:273px; margin-top:0px; margin-bottom:25px; display:flex;&amp;quot; &amp;gt;Processing
&amp;lt;div class=&amp;quot;circularJ&amp;quot;&amp;gt;
&amp;lt;div class=&amp;quot;circularJ_1&amp;quot;&amp;gt;&amp;lt;/div&amp;gt;
&amp;lt;div class=&amp;quot;circularJ_2&amp;quot;&amp;gt;&amp;lt;/div&amp;gt;
&amp;lt;div class=&amp;quot;circularJ_3&amp;quot;&amp;gt;&amp;lt;/div&amp;gt;
&amp;lt;div class=&amp;quot;circularJ_4&amp;quot;&amp;gt;&amp;lt;/div&amp;gt;
&amp;lt;div class=&amp;quot;circularJ_5&amp;quot;&amp;gt;&amp;lt;/div&amp;gt;
&amp;lt;div class=&amp;quot;circularJ_6&amp;quot;&amp;gt;&amp;lt;/div&amp;gt;
&amp;lt;div class=&amp;quot;circularJ_7&amp;quot;&amp;gt;&amp;lt;/div&amp;gt;
&amp;lt;div class=&amp;quot;circularJ_8&amp;quot;&amp;gt;&amp;lt;/div&amp;gt;
&amp;lt;/div&amp;gt;
&amp;lt;/button&amp;gt;
&amp;lt;span class=&amp;quot;ssblock-footer&amp;quot;&amp;gt;Only $66.46/mo. for 24 months&amp;lt;/span&amp;gt;
&amp;lt;a href=&amp;quot;https://www.hugeDomains.com/payment-plan-setup.cfm?d=Your-App.com&amp;quot; class=&amp;quot;link dif-l&amp;quot;&amp;gt;See details&amp;lt;/a&amp;gt;
&amp;lt;/div&amp;gt;
&amp;lt;div class=&amp;quot;crediti &amp;quot;&amp;gt;
&amp;lt;ul&amp;gt;
&amp;lt;li&amp;gt;
&amp;lt;div class=&amp;quot;img&amp;quot;&amp;gt;
&amp;lt;img src=&amp;quot;https://static.hugedomains.com/images/hdv3-img/30daysmallico.png&amp;quot; alt=&amp;quot;&amp;quot;&amp;gt;
&amp;lt;/div&amp;gt;
&amp;lt;div class=&amp;quot;content&amp;quot;&amp;gt;
&amp;lt;span&amp;gt;30-day money back guarantee&amp;lt;/span&amp;gt;
&amp;lt;/div&amp;gt;
&amp;lt;/li&amp;gt;
&amp;lt;li&amp;gt;
&amp;lt;div class=&amp;quot;img&amp;quot;&amp;gt;
&amp;lt;img src=&amp;quot;https://static.hugedomains.com/images/hdv3-img/roket-side-ico.png&amp;quot; alt=&amp;quot;&amp;quot;&amp;gt;
&amp;lt;/div&amp;gt;
&amp;lt;div class=&amp;quot;content&amp;quot;&amp;gt;
&amp;lt;span&amp;gt;Take immediate ownership&amp;lt;/span&amp;gt;
&amp;lt;/div&amp;gt;
&amp;lt;/li&amp;gt;
&amp;lt;li&amp;gt;
&amp;lt;div class=&amp;quot;img&amp;quot;&amp;gt;
&amp;lt;img src=&amp;quot;https://static.hugedomains.com/images/hdv3-img/safesmallico.png&amp;quot; alt=&amp;quot;&amp;quot;&amp;gt;
&amp;lt;/div&amp;gt;
&amp;lt;div class=&amp;quot;content&amp;quot;&amp;gt;
&amp;lt;span&amp;gt;Safe and secure shopping&amp;lt;/span&amp;gt;
&amp;lt;/div&amp;gt;
&amp;lt;/li&amp;gt;
&amp;lt;/ul&amp;gt;
&amp;lt;/div&amp;gt;
&amp;lt;/div&amp;gt;
&amp;lt;/div&amp;gt;
&amp;lt;/div&amp;gt;
&amp;lt;!-- LL: 214 , 214 --&amp;gt;
&amp;lt;form action=&amp;quot;https://www.hugeDomains.com/shopping_cart.cfm?d=Your-App.com&amp;quot; method=&amp;quot;post&amp;quot; id=&amp;quot;landerFormA5D81EA57EB7465AB54D1288CE7B22F1ID&amp;quot;&amp;gt;
&amp;lt;input type=&amp;quot;hidden&amp;quot; name=&amp;quot;cartCheck&amp;quot; value=&amp;quot;0&amp;quot; id=&amp;quot;landerFormA5D81EA57EB7465AB54D1288CE7B22F1CheckID&amp;quot;&amp;gt;
&amp;lt;/form&amp;gt;
&amp;lt;script&amp;gt;
function landerFuncA5D81EA57EB7465AB54D1288CE7B22F1Func() {
document.getElementById(&amp;apos;landerFormA5D81EA57EB7465AB54D1288CE7B22F1CheckID&amp;apos;).value = 42;
document.getElementById(&amp;apos;landerFormA5D81EA57EB7465AB54D1288CE7B22F1ID&amp;apos;).submit();
}
&amp;lt;/script&amp;gt;
&amp;lt;div class=&amp;quot;content-wrapp&amp;quot;&amp;gt;
&amp;lt;section class=&amp;quot;buy-now single-product top-container-new-product&amp;quot;&amp;gt;
&amp;lt;div class=&amp;quot;container&amp;quot;&amp;gt;
&amp;lt;div class=&amp;quot;single-product-block&amp;quot;&amp;gt;
&amp;lt;div class=&amp;quot;bn-block&amp;quot;&amp;gt;
&amp;lt;h1 id=&amp;quot;main&amp;quot; class=&amp;quot;domain-name&amp;quot; &amp;gt;Your-App.com&amp;lt;/h1&amp;gt;
&amp;lt;p class=&amp;quot;d-t-n&amp;quot;&amp;gt;This domain is for sale: &amp;lt;span class=&amp;quot;green&amp;quot;&amp;gt;$1,595&amp;lt;/span&amp;gt;&amp;lt;/p&amp;gt;
&amp;lt;/div&amp;gt;
&amp;lt;!-- tablet block --&amp;gt;
&amp;lt;div class=&amp;quot;tablet-block-s&amp;quot;&amp;gt;
&amp;lt;p class=&amp;quot;text-center&amp;quot;&amp;gt;Buy now for &amp;lt;span class=&amp;quot;green&amp;quot;&amp;gt;$1,595&amp;lt;/span&amp;gt; or pay &amp;lt;span class=&amp;quot;green&amp;quot;&amp;gt;$66.46&amp;lt;/span&amp;gt; per month for 24 months&amp;lt;/p&amp;gt;
&amp;lt;div class=&amp;quot;tablet-block-row&amp;quot;&amp;gt;
&amp;lt;div class=&amp;quot;tablet-block-left&amp;quot;&amp;gt;
&amp;lt;a href=&amp;quot;https://www.hugeDomains.com/shopping_cart.cfm?d=Your-App&amp;amp;e=com&amp;quot; class=&amp;quot;btn&amp;quot; style=&amp;quot;padding-right:30px; width:170px; min-width:170px; margin-top:10px; &amp;quot; id=&amp;quot;hdv3Billboard197BuyTabID&amp;quot; onClick=&amp;quot;$(&amp;apos;#hdv3Billboard197BuyTabID&amp;apos;).addClass(&amp;apos;hiddenAtLoad&amp;apos;); $(&amp;apos;#hdv3Billboard197BuyTabProceID&amp;apos;).removeClass(&amp;apos;hiddenAtLoad&amp;apos;); landerFuncA5D81EA57EB7465AB54D1288CE7B22F1Func(); return false;&amp;quot; &amp;gt;&amp;amp;#9656; Buy now&amp;lt;/a&amp;gt;
&amp;lt;button type=&amp;quot;button&amp;quot; value=&amp;quot;&amp;quot; id=&amp;quot;hdv3Billboard197BuyTabProceID&amp;quot; class=&amp;quot; place-order-btn paymentpay-accaunt-content-btn btn hiddenAtLoad&amp;quot; onclick=&amp;quot;return false;&amp;quot; style=&amp;quot;height:50px; margin-left:0px; min-width:170px; margin-top:10px; margin-bottom:25px; display:flex;&amp;quot; &amp;gt;Processing
&amp;lt;div class=&amp;quot;circularJ&amp;quot;&amp;gt;
&amp;lt;div class=&amp;quot;circularJ_1&amp;quot;&amp;gt;&amp;lt;/div&amp;gt;
&amp;lt;div class=&amp;quot;circularJ_2&amp;quot;&amp;gt;&amp;lt;/div&amp;gt;
&amp;lt;div class=&amp;quot;circularJ_3&amp;quot;&amp;gt;&amp;lt;/div&amp;gt;
&amp;lt;div class=&amp;quot;circularJ_4&amp;quot;&amp;gt;&amp;lt;/div&amp;gt;
&amp;lt;div class=&amp;quot;circularJ_5&amp;quot;&amp;gt;&amp;lt;/div&amp;gt;
&amp;lt;div class=&amp;quot;circularJ_6&amp;quot;&amp;gt;&amp;lt;/div&amp;gt;
&amp;lt;div class=&amp;quot;circularJ_7&amp;quot;&amp;gt;&amp;lt;/div&amp;gt;
&amp;lt;div class=&amp;quot;circularJ_8&amp;quot;&amp;gt;&amp;lt;/div&amp;gt;
&amp;lt;/div&amp;gt;
&amp;lt;/button&amp;gt;
&amp;lt;/div&amp;gt;
&amp;lt;div class=&amp;quot;tablet-block-midle&amp;quot; style=&amp;quot;padding-bottom:25px;&amp;quot; &amp;gt;
&amp;lt;span style=&amp;quot;font-size:16px;&amp;quot; &amp;gt;or&amp;lt;/span&amp;gt;
&amp;lt;/div&amp;gt;
&amp;lt;div class=&amp;quot;tablet-block-right&amp;quot;&amp;gt;
&amp;lt;a href=&amp;quot;https://www.hugeDomains.com/payment-plan-setup.cfm?d=Your-App.com&amp;quot; class=&amp;quot;btn&amp;quot; style=&amp;quot;padding-right:30px; width:247px; min-width:247px; margin-top:10px; &amp;quot; id=&amp;quot;hdv3Billboard197BuyTabPPID&amp;quot; onClick=&amp;quot;$(&amp;apos;#hdv3Billboard197BuyTabPPID&amp;apos;).addClass(&amp;apos;hiddenAtLoad&amp;apos;); $(&amp;apos;#hdv3Billboard197BuyTabPPProceID&amp;apos;).removeClass(&amp;apos;hiddenAtLoad&amp;apos;);&amp;quot; &amp;gt;&amp;amp;#9656; Start payment plan&amp;lt;/a&amp;gt;
&amp;lt;button type=&amp;quot;button&amp;quot; value=&amp;quot;&amp;quot; id=&amp;quot;hdv3Billboard197BuyTabPPProceID&amp;quot; class=&amp;quot; place-order-btn paymentpay-accaunt-content-btn btn hiddenAtLoad&amp;quot; onclick=&amp;quot;return false;&amp;quot; style=&amp;quot;height:50px; margin-left:0px; min-width:247px; margin-top:10px; margin-bottom:25px; display:flex;&amp;quot; &amp;gt;Processing
&amp;lt;div class=&amp;quot;circularJ&amp;quot;&amp;gt;
&amp;lt;div class=&amp;quot;circularJ_1&amp;quot;&amp;gt;&amp;lt;/div&amp;gt;
&amp;lt;div class=&amp;quot;circularJ_2&amp;quot;&amp;gt;&amp;lt;/div&amp;gt;
&amp;lt;div class=&amp;quot;circularJ_3&amp;quot;&amp;gt;&amp;lt;/div&amp;gt;
&amp;lt;div class=&amp;quot;circularJ_4&amp;quot;&amp;gt;&amp;lt;/div&amp;gt;
&amp;lt;div class=&amp;quot;circularJ_5&amp;quot;&amp;gt;&amp;lt;/div&amp;gt;
&amp;lt;div class=&amp;quot;circularJ_6&amp;quot;&amp;gt;&amp;lt;/div&amp;gt;
&amp;lt;div class=&amp;quot;circularJ_7&amp;quot;&amp;gt;&amp;lt;/div&amp;gt;
&amp;lt;div class=&amp;quot;circularJ_8&amp;quot;&amp;gt;&amp;lt;/div&amp;gt;
&amp;lt;/div&amp;gt;
&amp;lt;/button&amp;gt;
&amp;lt;/div&amp;gt;
&amp;lt;/div&amp;gt;
&amp;lt;!-- desktop 1 line --&amp;gt;
&amp;lt;div class=&amp;quot;tablet-block-footer hdv3Product3b196TabletPPOneLine&amp;quot; style=&amp;quot;&amp;quot; id=&amp;quot;&amp;quot;&amp;gt;
&amp;lt;p&amp;gt;
&amp;lt;span&amp;gt;Make 24 monthly payments&amp;lt;/span&amp;gt;
&amp;lt;span&amp;gt;Pay 0% interest&amp;lt;/span&amp;gt;
&amp;lt;span&amp;gt;Start using the domain today. &amp;lt;a href=&amp;quot;https://www.hugeDomains.com/payment-plan-setup.cfm?d=Your-App.com&amp;quot; class=&amp;quot;blueLink linkUnderlineHover&amp;quot; &amp;gt;See details&amp;lt;/a&amp;gt;&amp;lt;/span&amp;gt;
&amp;lt;/p&amp;gt;
&amp;lt;/div&amp;gt;
&amp;lt;!-- tablet 2 line --&amp;gt;
&amp;lt;div class=&amp;quot;tablet-block-footer hdv3Product3b196TabletPPTwoLine&amp;quot; style=&amp;quot;margin-top:0px;&amp;quot;&amp;gt;
&amp;lt;p&amp;gt;
&amp;lt;span&amp;gt;Make 24 monthly payments&amp;lt;/span&amp;gt;
&amp;lt;span&amp;gt;Pay 0% interest&amp;lt;/span&amp;gt;
&amp;lt;/p&amp;gt;
&amp;lt;p&amp;gt;
&amp;lt;span&amp;gt;Start using the domain today. &amp;lt;a href=&amp;quot;https://www.hugeDomains.com/payment-plan-setup.cfm?d=Your-App.com&amp;quot; class=&amp;quot;blueLink linkUnderlineHover&amp;quot; &amp;gt;See details&amp;lt;/a&amp;gt;&amp;lt;/span&amp;gt;
&amp;lt;/p&amp;gt;
&amp;lt;/div&amp;gt;
&amp;lt;/div&amp;gt;
&amp;lt;!--	mobile buying block mobileQQQ --&amp;gt;
&amp;lt;div class=&amp;quot;moble-block leftRightMargin20Mobile560&amp;quot;&amp;gt;
&amp;lt;p class=&amp;quot;text-center&amp;quot; style=&amp;quot;margin-bottom:0px;&amp;quot;&amp;gt;This domain is for sale: &amp;lt;span class=&amp;quot;green&amp;quot;&amp;gt;$1,595&amp;lt;/span&amp;gt;&amp;lt;/p&amp;gt;
&amp;lt;div class=&amp;quot;ss-block-inner-new bb-none&amp;quot;&amp;gt;
&amp;lt;a href=&amp;quot;https://www.hugeDomains.com/shopping_cart.cfm?d=Your-App&amp;amp;e=com&amp;quot; class=&amp;quot;btn m-b-0 m-t-0&amp;quot; id=&amp;quot;hdv3Billboard197BuyMobileID&amp;quot; onClick=&amp;quot;$(&amp;apos;#hdv3Billboard197BuyMobileID&amp;apos;).addClass(&amp;apos;hiddenAtLoad&amp;apos;); $(&amp;apos;#hdv3Billboard197BuyMobileProceID&amp;apos;).removeClass(&amp;apos;hiddenAtLoad&amp;apos;); landerFuncA5D81EA57EB7465AB54D1288CE7B22F1Func(); return false;&amp;quot; style=&amp;quot;height:50px; padding-right:30px;&amp;quot; &amp;gt;&amp;amp;#9656; Buy now&amp;lt;/a&amp;gt;
&amp;lt;!-- from above
&amp;lt;a href=&amp;quot;https://www.hugeDomains.com/shopping_cart.cfm?d=Your-App&amp;amp;e=com&amp;quot; class=&amp;quot;btn&amp;quot; style=&amp;quot;padding-right:30px; width:170px; min-width:170px; &amp;quot;&amp;gt;&amp;amp;#9656; Buy now&amp;lt;/a&amp;gt;
--&amp;gt;
&amp;lt;button type=&amp;quot;button&amp;quot; value=&amp;quot;&amp;quot; id=&amp;quot;hdv3Billboard197BuyMobileProceID&amp;quot; class=&amp;quot; place-order-btn paymentpay-accaunt-content-btn btn hiddenAtLoad&amp;quot; onclick=&amp;quot;return false;&amp;quot; style=&amp;quot;height:50px; margin-left:0px; min-width:170px; margin-top:0px; margin-bottom:0px; display:flex;&amp;quot; &amp;gt;&amp;lt;span style=&amp;quot;font-size:20px;&amp;quot;&amp;gt;Processing&amp;lt;/span&amp;gt;
&amp;lt;div class=&amp;quot;circularJ&amp;quot;&amp;gt;
&amp;lt;div class=&amp;quot;circularJ_1&amp;quot;&amp;gt;&amp;lt;/div&amp;gt;
&amp;lt;div class=&amp;quot;circularJ_2&amp;quot;&amp;gt;&amp;lt;/div&amp;gt;
&amp;lt;div class=&amp;quot;circularJ_3&amp;quot;&amp;gt;&amp;lt;/div&amp;gt;
&amp;lt;div class=&amp;quot;circularJ_4&amp;quot;&amp;gt;&amp;lt;/div&amp;gt;
&amp;lt;div class=&amp;quot;circularJ_5&amp;quot;&amp;gt;&amp;lt;/div&amp;gt;
&amp;lt;div class=&amp;quot;circularJ_6&amp;quot;&amp;gt;&amp;lt;/div&amp;gt;
&amp;lt;div class=&amp;quot;circularJ_7&amp;quot;&amp;gt;&amp;lt;/div&amp;gt;
&amp;lt;div class=&amp;quot;circularJ_8&amp;quot;&amp;gt;&amp;lt;/div&amp;gt;
&amp;lt;/div&amp;gt;
&amp;lt;/button&amp;gt;
&amp;lt;span class=&amp;quot;or&amp;quot; style=&amp;quot;text-align:center;&amp;quot;&amp;gt;or&amp;lt;/span&amp;gt;
&amp;lt;a href=&amp;quot;https://www.hugeDomains.com/payment-plan-setup.cfm?d=Your-App.com&amp;quot; class=&amp;quot;btn m-t-0&amp;quot; id=&amp;quot;hdv3Billboard197BuyMobilePPID&amp;quot; onClick=&amp;quot;$(&amp;apos;#hdv3Billboard197BuyMobilePPID&amp;apos;).addClass(&amp;apos;hiddenAtLoad&amp;apos;); $(&amp;apos;#hdv3Billboard197BuyMobilePPProceID&amp;apos;).removeClass(&amp;apos;hiddenAtLoad&amp;apos;);&amp;quot; style=&amp;quot;height:50px; padding-right:30px;&amp;quot; &amp;gt;&amp;amp;#9656; Start payment plan&amp;lt;/a&amp;gt;
&amp;lt;!-- from
&amp;lt;a href=&amp;quot;https://www.hugeDomains.com/payment-plan-setup.cfm?d=Your-App.com&amp;quot; class=&amp;quot;btn&amp;quot; style=&amp;quot;padding-right:30px; width:247px; min-width:247px; &amp;quot; &amp;gt;&amp;amp;#9656; Start payment plan&amp;lt;/a&amp;gt;
--&amp;gt;
&amp;lt;button type=&amp;quot;button&amp;quot; value=&amp;quot;&amp;quot; id=&amp;quot;hdv3Billboard197BuyMobilePPProceID&amp;quot; class=&amp;quot; place-order-btn paymentpay-accaunt-content-btn btn hiddenAtLoad&amp;quot; onclick=&amp;quot;return false;&amp;quot; style=&amp;quot;height:50px; margin-left:0px; min-width:247px; margin-top:0px; margin-bottom:25px; display:flex;&amp;quot; &amp;gt;&amp;lt;span style=&amp;quot;font-size:20px;&amp;quot;&amp;gt;Processing&amp;lt;/span&amp;gt;
&amp;lt;div class=&amp;quot;circularJ&amp;quot;&amp;gt;
&amp;lt;div class=&amp;quot;circularJ_1&amp;quot;&amp;gt;&amp;lt;/div&amp;gt;
&amp;lt;div class=&amp;quot;circularJ_2&amp;quot;&amp;gt;&amp;lt;/div&amp;gt;
&amp;lt;div class=&amp;quot;circularJ_3&amp;quot;&amp;gt;&amp;lt;/div&amp;gt;
&amp;lt;div class=&amp;quot;circularJ_4&amp;quot;&amp;gt;&amp;lt;/div&amp;gt;
&amp;lt;div class=&amp;quot;circularJ_5&amp;quot;&amp;gt;&amp;lt;/div&amp;gt;
&amp;lt;div class=&amp;quot;circularJ_6&amp;quot;&amp;gt;&amp;lt;/div&amp;gt;
&amp;lt;div class=&amp;quot;circularJ_7&amp;quot;&amp;gt;&amp;lt;/div&amp;gt;
&amp;lt;div class=&amp;quot;circularJ_8&amp;quot;&amp;gt;&amp;lt;/div&amp;gt;
&amp;lt;/div&amp;gt;
&amp;lt;/button&amp;gt;
&amp;lt;span class=&amp;quot;ssblock-footer&amp;quot;&amp;gt;Only $66.46/mo. for 24 months&amp;lt;/span&amp;gt;
&amp;lt;a href=&amp;quot;https://www.hugeDomains.com/payment-plan-setup.cfm?d=Your-App.com&amp;quot; class=&amp;quot;link dif-l&amp;quot;&amp;gt;See details&amp;lt;/a&amp;gt;
&amp;lt;/div&amp;gt;
&amp;lt;/div&amp;gt;
&amp;lt;!-- fav --&amp;gt;
&amp;lt;div class=&amp;quot;full-width-favorite favorite-left-side&amp;quot;&amp;gt;
&amp;lt;div class=&amp;quot;favorite-check-wrap topBottomMargin4Mobile560&amp;quot;&amp;gt;
&amp;lt;label for=&amp;quot;hdv3ProductFavoriteHeartID&amp;quot;&amp;gt;
&amp;lt;input type=&amp;quot;checkbox&amp;quot; id=&amp;quot;hdv3ProductFavoriteHeartID&amp;quot; onChange=&amp;quot;favoriteProductBarFirstFunc(&amp;apos;Your-App.com&amp;apos;);&amp;quot;&amp;gt;
&amp;lt;span&amp;gt;Favorite &amp;lt;span id=&amp;quot;hdv3ProductHurrySpanID&amp;quot; class=&amp;quot;hiddenAtLoad&amp;quot;&amp;gt;&amp;lt;/span&amp;gt;&amp;lt;/span&amp;gt;
&amp;lt;/label&amp;gt;
&amp;lt;/div&amp;gt;
&amp;lt;/div&amp;gt;
&amp;lt;div style=&amp;quot;&amp;quot; class=&amp;quot;leftRightMargin20Mobile560 borderTopGreyBar560 marginTop15px560&amp;quot;&amp;gt;&amp;lt;/div&amp;gt;
&amp;lt;div class=&amp;quot;top-bottom-bordered-block noBorderTop560 noMarginTop560 &amp;quot;&amp;gt;
&amp;lt;span&amp;gt;Questions? Talk to a domain expert: &amp;lt;a href=&amp;quot;tel:1-303-893-0552&amp;quot; class=&amp;quot;link&amp;quot;&amp;gt;1&amp;amp;#8209;303&amp;amp;#8209;893&amp;amp;#8209;0552&amp;lt;/a&amp;gt;&amp;lt;/span&amp;gt;
&amp;lt;/div&amp;gt;
&amp;lt;/div&amp;gt;
&amp;lt;/div&amp;gt;
&amp;lt;/section&amp;gt;
&amp;lt;div class=&amp;quot;crediti tablet-block hdv3pitch noMobileLeftRightBorder560 leftRightPadding20Mobile560&amp;quot;&amp;gt;
&amp;lt;ul&amp;gt;
&amp;lt;li&amp;gt;
&amp;lt;div class=&amp;quot;img&amp;quot;&amp;gt;
&amp;lt;img src=&amp;quot;https://static.hugedomains.com/images/hdv3-img/zero-side-ico.png&amp;quot; alt=&amp;quot;&amp;quot;&amp;gt;
&amp;lt;/div&amp;gt;
&amp;lt;div class=&amp;quot;content&amp;quot;&amp;gt;
&amp;lt;span&amp;gt;Enjoy zero percent financing&amp;lt;/span&amp;gt;
&amp;lt;/div&amp;gt;
&amp;lt;/li&amp;gt;
&amp;lt;li&amp;gt;
&amp;lt;div class=&amp;quot;img&amp;quot;&amp;gt;
&amp;lt;img src=&amp;quot;https://static.hugedomains.com/images/hdv3-img/roket-side-ico.png&amp;quot; alt=&amp;quot;&amp;quot;&amp;gt;
&amp;lt;/div&amp;gt;
&amp;lt;div class=&amp;quot;content&amp;quot;&amp;gt;
&amp;lt;span&amp;gt;Quick delivery of the domain&amp;lt;/span&amp;gt;
&amp;lt;/div&amp;gt;
&amp;lt;/li&amp;gt;
&amp;lt;li&amp;gt;
&amp;lt;div class=&amp;quot;img&amp;quot;&amp;gt;
&amp;lt;img src=&amp;quot;https://static.hugedomains.com/images/hdv3-img/safesmallico.png&amp;quot; alt=&amp;quot;&amp;quot;&amp;gt;
&amp;lt;/div&amp;gt;
&amp;lt;div class=&amp;quot;content&amp;quot;&amp;gt;
&amp;lt;span&amp;gt;Safe and secure shopping&amp;lt;/span&amp;gt;
&amp;lt;/div&amp;gt;
&amp;lt;/li&amp;gt;
&amp;lt;/ul&amp;gt;
&amp;lt;/div&amp;gt;
&amp;lt;!-- 185 / test --&amp;gt;
&amp;lt;section class=&amp;quot;testimonails single-product hdv3pitch leftRightPadding20Mobile991 leftRightPadding20Mobile560 leftRightPaddingImp20Mobile991 &amp;quot; style=&amp;quot;border-bottom:0px; &amp;quot;&amp;gt;
&amp;lt;div class=&amp;quot;testimonails-wrap container&amp;quot;&amp;gt;
&amp;lt;div class=&amp;quot;single-product-block&amp;quot;&amp;gt;
&amp;lt;h2&amp;gt;Since 2005, we&amp;apos;ve helped thousands of people get the perfect domain name&amp;lt;/h2&amp;gt;
&amp;lt;!-- &amp;lt;div class=&amp;quot;block-title&amp;quot;&amp;gt;&amp;lt;h2&amp;gt;Since 2005, we&amp;apos;ve helped thousands of people get the perfect domain name&amp;lt;/h2&amp;gt;&amp;lt;/div&amp;gt; --&amp;gt;
&amp;lt;div class=&amp;quot;testimonials-container&amp;quot;&amp;gt;
&amp;lt;div class=&amp;quot;testimonials-item&amp;quot;&amp;gt;
&amp;lt;div class=&amp;quot;testimonials-item_image&amp;quot;&amp;gt;&amp;lt;div class=&amp;quot;img-placeholder darkblue&amp;quot; style=&amp;quot;background-color:#9085ff;&amp;quot;&amp;gt;G&amp;lt;/div&amp;gt;&amp;lt;/div&amp;gt;
&amp;lt;div class=&amp;quot;testimonials-item_content bb-quotes-content&amp;quot;&amp;gt;
&amp;lt;p class=&amp;quot;feedback&amp;quot;&amp;gt;I have been wanting this site for so long and it was EZ Breazy with HugeDomains.&amp;lt;/p&amp;gt;
&amp;lt;span class=&amp;quot;feedback-owner&amp;quot;&amp;gt;- Gregory Hardy, February 18, 2026&amp;lt;/span&amp;gt;
&amp;lt;/div&amp;gt;
&amp;lt;/div&amp;gt;
&amp;lt;div class=&amp;quot;testimonials-item&amp;quot;&amp;gt;
&amp;lt;div class=&amp;quot;testimonials-item_image&amp;quot;&amp;gt;&amp;lt;div class=&amp;quot;img-placeholder darkblue&amp;quot; style=&amp;quot;background-color:#0047af;&amp;quot;&amp;gt;D&amp;lt;/div&amp;gt;&amp;lt;/div&amp;gt;
&amp;lt;div class=&amp;quot;testimonials-item_content bb-quotes-content&amp;quot;&amp;gt;
&amp;lt;p class=&amp;quot;feedback&amp;quot;&amp;gt;Love your interest-free payment plans! This is my 3rd or 4th domain purchase with you, quick, trustable and easy, thank you!&amp;lt;/p&amp;gt;
&amp;lt;span class=&amp;quot;feedback-owner&amp;quot;&amp;gt;- Dmitri Sennikov, February 10, 2026&amp;lt;/span&amp;gt;
&amp;lt;/div&amp;gt;
&amp;lt;/div&amp;gt;
&amp;lt;div class=&amp;quot;testimonials-item&amp;quot;&amp;gt;
&amp;lt;div class=&amp;quot;testimonials-item_image&amp;quot;&amp;gt;&amp;lt;div class=&amp;quot;img-placeholder darkblue&amp;quot; style=&amp;quot;background-color:#830000;&amp;quot;&amp;gt;J&amp;lt;/div&amp;gt;&amp;lt;/div&amp;gt;
&amp;lt;div class=&amp;quot;testimonials-item_content bb-quotes-content&amp;quot;&amp;gt;
&amp;lt;p class=&amp;quot;feedback&amp;quot;&amp;gt;The team was helpful, quick and provided more discount than what I proposed. Thanks a lot team HudeDomains.&amp;lt;/p&amp;gt;
&amp;lt;span class=&amp;quot;feedback-owner&amp;quot;&amp;gt;- Joseph Azar, February 2, 2026&amp;lt;/span&amp;gt;
&amp;lt;/div&amp;gt;
&amp;lt;/div&amp;gt;
&amp;lt;div class=&amp;quot;testimonials-item&amp;quot;&amp;gt;
&amp;lt;div class=&amp;quot;testimonials-item_image&amp;quot;&amp;gt;&amp;lt;div class=&amp;quot;img-placeholder darkblue&amp;quot; style=&amp;quot;background-color:#89969f;&amp;quot;&amp;gt;C&amp;lt;/div&amp;gt;&amp;lt;/div&amp;gt;
&amp;lt;div class=&amp;quot;testimonials-item_content bb-quotes-content&amp;quot;&amp;gt;
&amp;lt;p class=&amp;quot;feedback&amp;quot;&amp;gt;Good service and immediate responses.&amp;lt;/p&amp;gt;
&amp;lt;span class=&amp;quot;feedback-owner&amp;quot;&amp;gt;- Christian Alexander Margaritis, January 30, 2026&amp;lt;/span&amp;gt;
&amp;lt;/div&amp;gt;
&amp;lt;/div&amp;gt;
&amp;lt;div class=&amp;quot;testimonials-item&amp;quot;&amp;gt;
&amp;lt;div class=&amp;quot;testimonials-item_image&amp;quot;&amp;gt;&amp;lt;div class=&amp;quot;img-placeholder darkblue&amp;quot; style=&amp;quot;background-color:#2aa527;&amp;quot;&amp;gt;J&amp;lt;/div&amp;gt;&amp;lt;/div&amp;gt;
&amp;lt;div class=&amp;quot;testimonials-item_content bb-quotes-content&amp;quot;&amp;gt;
&amp;lt;p class=&amp;quot;feedback&amp;quot;&amp;gt;Easy Transaction with quick response and quick delivery of domain. We would definitely work with Huge Domains again.&amp;lt;/p&amp;gt;
&amp;lt;span class=&amp;quot;feedback-owner&amp;quot;&amp;gt;- J M Gaffney, January 30, 2026&amp;lt;/span&amp;gt;
&amp;lt;/div&amp;gt;
&amp;lt;/div&amp;gt;
&amp;lt;/div&amp;gt;
&amp;lt;a href=&amp;quot;https://www.hugeDomains.com/testimonials.cfm&amp;quot; class=&amp;quot;see-more testim-see-more blueLink linkUnderlineHover centerTextAt560Width&amp;quot; target=&amp;quot;_blank&amp;quot;&amp;gt;See more testimonials&amp;lt;/a&amp;gt;
&amp;lt;/div&amp;gt;
&amp;lt;/div&amp;gt;
&amp;lt;/section&amp;gt;
&amp;lt;!-- 186 / 3 boxes --&amp;gt;
&amp;lt;style&amp;gt;
.testimonailQQQs {
border-bottom: 0px solid #d2d6da !important;
}
&amp;lt;/style&amp;gt;
&amp;lt;h2 class=&amp;quot;size24&amp;quot;&amp;gt;Our promise to you&amp;lt;/h2&amp;gt;
&amp;lt;section class=&amp;quot;noMobileLeftRightBorder560 leftRightMargin20Mobile991 noLeftRightMargin20Mobile560 noMiddleBorderBottomMobile991 width100Minus42Mobile991 widthQQQ100Mobile991 width100Mobile560 testimonails single-product colored-section m-mb-0 boreder-b-none hdv3pitch &amp;quot;&amp;gt;
&amp;lt;div class=&amp;quot;testimonails-wrap container widthQQQ100Mobile991 widthAutoMobile991 &amp;quot;&amp;gt;
&amp;lt;div class=&amp;quot;single-product-block small-p&amp;quot;&amp;gt;
&amp;lt;h3 class=&amp;quot;subtitels&amp;quot;&amp;gt;30-day money back guarantee&amp;lt;/h3&amp;gt;
&amp;lt;p&amp;gt;HugeDomains provides a 100% satisfaction guarantee on every domain name that we sell through our website. If you buy a domain and are unhappy with it, we will accept the return within 30 days and issue a full refund – no questions asked.&amp;lt;/p&amp;gt;
&amp;lt;/div&amp;gt;
&amp;lt;/div&amp;gt;
&amp;lt;/section&amp;gt;
&amp;lt;section class=&amp;quot;testimonails single-product colored-section m-mb-0 boreder-t-none boreder-b-none m-border-block noMobileLeftRightBorder560 leftRightMargin20Mobile991 width100Mobile560 noLeftRightMargin20Mobile560 noMiddleBorderBottomMobile991 width100Minus42Mobile991 widthQQQ100Mobile991&amp;quot;&amp;gt;
&amp;lt;div class=&amp;quot;testimonails-wrap container widthAutoMobile991&amp;quot;&amp;gt;
&amp;lt;div class=&amp;quot;single-product-block small-p&amp;quot;&amp;gt;
&amp;lt;h3 class=&amp;quot;subtitels&amp;quot;&amp;gt;Quick delivery of the domain&amp;lt;/h3&amp;gt;
&amp;lt;p&amp;gt;In most cases access to the domain will be available within one to two hours of purchase, however access to domains purchased after business hours will be available within the next business day.&amp;lt;/p&amp;gt;
&amp;lt;/div&amp;gt;
&amp;lt;/div&amp;gt;
&amp;lt;/section&amp;gt;
&amp;lt;section class=&amp;quot;testimonails single-product colored-section boreder-t-none noMobileLeftRightBorder560 leftRightMargin20Mobile991 noLeftRightMargin20Mobile560 width100Minus42Mobile991 width100Mobile560 widthQQQ100Mobile991&amp;quot;&amp;gt;
&amp;lt;div class=&amp;quot;testimonails-wrap container widthAutoMobile991&amp;quot;&amp;gt;
&amp;lt;div class=&amp;quot;single-product-block small-p&amp;quot;&amp;gt;
&amp;lt;h3 class=&amp;quot;subtitels&amp;quot;&amp;gt;Safe and secure shopping&amp;lt;/h3&amp;gt;
&amp;lt;p&amp;gt;Your online safety and security is our top priority. We understand the importance of protecting your personal information.&amp;lt;/p&amp;gt;
&amp;lt;br /&amp;gt;
&amp;lt;p&amp;gt;We protect your information through SSL encryption technology, providing the safest, most secure shopping experience possible. Additionally, you may checkout with PayPal or Escrow.com.&amp;lt;/p&amp;gt;
&amp;lt;/div&amp;gt;
&amp;lt;/div&amp;gt;
&amp;lt;/section&amp;gt;
&amp;lt;!-- 187 faq --&amp;gt;
&amp;lt;!-- faq p3--&amp;gt;
&amp;lt;section class=&amp;quot;faq-section single-product bordered-section hdv3pitch lQQQeftRightPadding20Mobile991 leftRightPadding20Mobile560 lQQQeftRightPaddingImp20Mobile991 LeftRightPaddingImp20Mobile560 lQQQeftRightMargin20Mobile560 width100Minus40Mobile991 leftRightMargin20Mobile991 noLeftRightPaddingImpMobile991 &amp;quot;&amp;gt;
&amp;lt;div class=&amp;quot;container&amp;quot;&amp;gt;
&amp;lt;div class=&amp;quot;single-product-block&amp;quot;&amp;gt;
&amp;lt;div class=&amp;quot;oter-domain-title d-flex jc-between&amp;quot;&amp;gt;
&amp;lt;h2 class=&amp;quot;size24&amp;quot;&amp;gt;FAQs&amp;lt;/h2&amp;gt;
&amp;lt;a href=&amp;quot;https://www.hugeDomains.com/faq.cfm&amp;quot; class=&amp;quot;see-more-domains blueLink linkUnderlineHover hideAt560Width&amp;quot; target=&amp;quot;_blank&amp;quot;&amp;gt;See more FAQs&amp;lt;/a&amp;gt;
&amp;lt;/div&amp;gt;
&amp;lt;!-- block --&amp;gt;
&amp;lt;div class=&amp;quot;faq-block&amp;quot;&amp;gt;
&amp;lt;!-- Can I transfer the domain to another registrar like GoDaddy? --&amp;gt;
&amp;lt;!-- Transferring the domain to another registrar such as GoDaddy --&amp;gt;
&amp;lt;div class=&amp;quot;faq-block-item&amp;quot;&amp;gt;
&amp;lt;div class=&amp;quot;faq-bi-title&amp;quot;&amp;gt;&amp;lt;a href=&amp;quot;#&amp;quot; style=&amp;quot;color:white; &amp;quot; &amp;gt;How do I transfer to another registrar such as GoDaddy?&amp;lt;/a&amp;gt;&amp;lt;/div&amp;gt;
&amp;lt;div class=&amp;quot;faq-bi-content&amp;quot;&amp;gt;&amp;lt;p&amp;gt;Yes, you can transfer your domain to any registrar or hosting company once you have purchased it. Since domain transfers are a manual process, it can take up to 5 days to transfer the domain.&amp;lt;/p&amp;gt;
&amp;lt;p&amp;gt;&amp;amp;nbsp;&amp;lt;/p&amp;gt;
&amp;lt;p&amp;gt;Domains purchased with payment plans are not eligible to transfer until all payments have been made. Please remember that our 30-day money back guarantee is void once a domain has been transferred.&amp;lt;/p&amp;gt;
&amp;lt;p&amp;gt;&amp;amp;nbsp;&amp;lt;/p&amp;gt;
&amp;lt;p&amp;gt;For transfer instructions to GoDaddy, please &amp;lt;a href=&amp;quot;https://www.hugeDomains.com/transfer-domain-to-godaddy.cfm&amp;quot; class=&amp;quot;whiteLink&amp;quot; style=&amp;quot;text-decoration:underline;&amp;quot;&amp;gt;click here&amp;lt;/a&amp;gt;.&amp;lt;/p&amp;gt;
&amp;lt;/div&amp;gt;
&amp;lt;/div&amp;gt;
&amp;lt;div class=&amp;quot;faq-block-item&amp;quot;&amp;gt;
&amp;lt;div class=&amp;quot;faq-bi-title&amp;quot;&amp;gt;&amp;lt;a href=&amp;quot;#&amp;quot; style=&amp;quot;color:white; &amp;quot; &amp;gt;How do I get the domain after the purchase?&amp;lt;/a&amp;gt;&amp;lt;/div&amp;gt;
&amp;lt;div class=&amp;quot;faq-bi-content&amp;quot;&amp;gt;&amp;lt;p&amp;gt;Once you purchase the domain we will push it into an account for you at our registrar, NameBright.com, we will then send you an email with your NameBright username and password. In most cases access to the domain will be available within one to two hours of purchase, however access to domains purchased after business hours will be available within the next business day.&amp;lt;/p&amp;gt;&amp;lt;/div&amp;gt;
&amp;lt;/div&amp;gt;
&amp;lt;div class=&amp;quot;faq-block-item&amp;quot;&amp;gt;
&amp;lt;div class=&amp;quot;faq-bi-title&amp;quot;&amp;gt;&amp;lt;a href=&amp;quot;#&amp;quot; style=&amp;quot;color:white; &amp;quot; &amp;gt;What comes with the domain name?&amp;lt;/a&amp;gt;&amp;lt;/div&amp;gt;
&amp;lt;div class=&amp;quot;faq-bi-content&amp;quot;&amp;gt;&amp;lt;p&amp;gt;Nothing else is included with the purchase of the domain name. Our registrar NameBright.com does offer email packages for a yearly fee, however you will need to find hosting and web design services on your own.&amp;lt;/p&amp;gt;&amp;lt;/div&amp;gt;
&amp;lt;/div&amp;gt;
&amp;lt;div class=&amp;quot;faq-block-item&amp;quot;&amp;gt;
&amp;lt;div class=&amp;quot;faq-bi-title&amp;quot;&amp;gt;&amp;lt;a href=&amp;quot;#&amp;quot; style=&amp;quot;color:white; &amp;quot; &amp;gt;Do you offer payment plans?&amp;lt;/a&amp;gt;&amp;lt;/div&amp;gt;
&amp;lt;div class=&amp;quot;faq-bi-content&amp;quot;&amp;gt;&amp;lt;p&amp;gt;Yes we offer payment plans for up to 12 months. &amp;lt;a href=&amp;quot;https://www.hugeDomains.com/payment-plans.cfm?d=Your-App.com&amp;quot; style=&amp;quot;color:white; text-decoration:underline;&amp;quot; target=&amp;quot;_blank&amp;quot; &amp;gt;See details&amp;lt;/a&amp;gt;.&amp;lt;/p&amp;gt;&amp;lt;/div&amp;gt;
&amp;lt;/div&amp;gt;
&amp;lt;div class=&amp;quot;faq-block-item&amp;quot;&amp;gt;
&amp;lt;div class=&amp;quot;faq-bi-title&amp;quot;&amp;gt;&amp;lt;a href=&amp;quot;#&amp;quot; style=&amp;quot;color:white; &amp;quot; &amp;gt;How do I keep my personal information private?&amp;lt;/a&amp;gt;&amp;lt;/div&amp;gt;
&amp;lt;div class=&amp;quot;faq-bi-content&amp;quot;&amp;gt;&amp;lt;p&amp;gt;If you wish the domain ownership information to be private, add WhoIs Privacy Protection to your domain. This hides your personal information from the general public.&amp;lt;/p&amp;gt;
&amp;lt;p&amp;gt;&amp;amp;nbsp;&amp;lt;/p&amp;gt;
&amp;lt;p&amp;gt;To add privacy protection to your domain, do so within your registrar account. NameBright offers WhoIs Privacy Protection for free for the first year, and then for a small fee for subsequent years.&amp;lt;/p&amp;gt;
&amp;lt;p&amp;gt;&amp;amp;nbsp;&amp;lt;/p&amp;gt;
&amp;lt;p&amp;gt;Whois information is not updated immediately. It typically takes several hours for Whois data to update, and different registrars are faster than others. Usually your Whois information will be fully updated within two days.&amp;lt;/p&amp;gt;&amp;lt;/div&amp;gt;
&amp;lt;/div&amp;gt;
&amp;lt;!--
&amp;lt;div class=&amp;quot;more-w&amp;quot;&amp;gt;
&amp;lt;a href=&amp;quot;https://www.hugeDomains.com/faq.cfm&amp;quot; class=&amp;quot;see-more-faq link blueLink&amp;quot; target=&amp;quot;_blank&amp;quot;&amp;gt;See more FAQs&amp;lt;/a&amp;gt;
&amp;lt;/div&amp;gt;
--&amp;gt;
&amp;lt;div class=&amp;quot;more-w hiddenAtLoad showAt560Width&amp;quot;&amp;gt;
&amp;lt;a href=&amp;quot;https://www.hugeDomains.com/faq.cfm&amp;quot; class=&amp;quot;see-more-faq link blueLink&amp;quot; target=&amp;quot;_blank&amp;quot;&amp;gt;See more FAQs&amp;lt;/a&amp;gt;
&amp;lt;/div&amp;gt;
&amp;lt;/div&amp;gt;
&amp;lt;/div&amp;gt;
&amp;lt;!-- block --&amp;gt;
&amp;lt;!-- qqq wrong div
&amp;lt;/div&amp;gt;
&amp;lt;/div&amp;gt;
--&amp;gt;
&amp;lt;/section&amp;gt;
&amp;lt;!-- eof faq --&amp;gt;
&amp;lt;!-- 188 --&amp;gt;
&amp;lt;!-- .com video --&amp;gt;
&amp;lt;!-- 188 --&amp;gt;
&amp;lt;section class=&amp;quot;testimonails single-product bordered-section hdv3pitch lQQQeftRightPadding20Mobile991 leftRightPadding20Mobile560 width100Minus40Mobile991 leftRightMargin20Mobile991 noLeftRightPaddingImpMobile991 &amp;quot; &amp;gt;
&amp;lt;div class=&amp;quot;testimonails-wrap container&amp;quot;&amp;gt;
&amp;lt;div class=&amp;quot;single-product-block&amp;quot;&amp;gt;
&amp;lt;div class=&amp;quot;video-block&amp;quot;&amp;gt;
&amp;lt;iframe aria-label=&amp;quot;Find out why a good domain name is important&amp;quot; width=&amp;quot;480&amp;quot; height=&amp;quot;270&amp;quot; src=&amp;quot;https://www.youtube.com/embed/bqLUp7GuUTg?rel=0&amp;amp;autoplay=0&amp;amp;showinfo=0&amp;amp;controls=0&amp;quot; frameborder=&amp;quot;0&amp;quot; allow=&amp;quot;accelerometer; autoplay; encrypted-media; gyroscope; picture-in-picture&amp;quot; allowfullscreen &amp;gt;&amp;lt;/iframe&amp;gt;
&amp;lt;/div&amp;gt;
&amp;lt;div class=&amp;quot;text-video hideAt630Width &amp;quot;&amp;gt;&amp;lt;p&amp;gt;Your Web address means everything – watch our video see why&amp;lt;/p&amp;gt;&amp;lt;/div&amp;gt;
&amp;lt;div class=&amp;quot;text-video showAt630Width &amp;quot;&amp;gt;&amp;lt;p align=&amp;quot;center&amp;quot;&amp;gt;Your Web address means everything&amp;lt;br /&amp;gt;watch our video see why&amp;lt;/p&amp;gt;&amp;lt;/div&amp;gt;
&amp;lt;/div&amp;gt;
&amp;lt;/div&amp;gt;
&amp;lt;/section&amp;gt;
&amp;lt;!-- 227 // HDv3 Product 3 - Pitch - related v2 --&amp;gt;
&amp;lt;section class=&amp;quot;other-domains-update-v-1 single-product&amp;quot;&amp;gt;
&amp;lt;div class=&amp;quot;container&amp;quot;&amp;gt;
&amp;lt;div class=&amp;quot;single-product-block&amp;quot;&amp;gt;
&amp;lt;div class=&amp;quot;oter-domain-title d-flex jc-between&amp;quot;&amp;gt;
&amp;lt;h2 class=&amp;quot;size24&amp;quot;&amp;gt;Other domains you might like&amp;lt;/h2&amp;gt;
&amp;lt;/div&amp;gt;
&amp;lt;div class=&amp;quot;domains-table border-none&amp;quot;&amp;gt;
&amp;lt;div class=&amp;quot;domain-row&amp;quot;&amp;gt;
&amp;lt;div class=&amp;quot;domain&amp;quot;&amp;gt;
&amp;lt;a href=&amp;quot;https://www.hugeDomains.com/domain_profile.cfm?d=MoveYourApp.com&amp;quot; class=&amp;quot;link blueLink&amp;quot;&amp;gt;MoveYourApp.com&amp;lt;/a&amp;gt;
&amp;lt;a href=&amp;quot;https://www.hugeDomains.com/domain_profile.cfm?d=MoveYourApp.com&amp;quot; class=&amp;quot;btn&amp;quot; style=&amp;quot;height:35px;&amp;quot; &amp;gt;&amp;amp;#9656; See domain&amp;lt;/a&amp;gt;
&amp;lt;span class=&amp;quot;price&amp;quot;&amp;gt;$7,895&amp;lt;/span&amp;gt;
&amp;lt;/div&amp;gt;
&amp;lt;/div&amp;gt;
&amp;lt;div class=&amp;quot;domain-row&amp;quot;&amp;gt;
&amp;lt;div class=&amp;quot;domain&amp;quot;&amp;gt;
&amp;lt;a href=&amp;quot;https://www.hugeDomains.com/domain_profile.cfm?d=YourBizApp.com&amp;quot; class=&amp;quot;link blueLink&amp;quot;&amp;gt;YourBizApp.com&amp;lt;/a&amp;gt;
&amp;lt;a href=&amp;quot;https://www.hugeDomains.com/domain_profile.cfm?d=YourBizApp.com&amp;quot; class=&amp;quot;btn&amp;quot; style=&amp;quot;height:35px;&amp;quot; &amp;gt;&amp;amp;#9656; See domain&amp;lt;/a&amp;gt;
&amp;lt;span class=&amp;quot;price&amp;quot;&amp;gt;$2,495&amp;lt;/span&amp;gt;
&amp;lt;/div&amp;gt;
&amp;lt;/div&amp;gt;
&amp;lt;div class=&amp;quot;domain-row&amp;quot;&amp;gt;
&amp;lt;div class=&amp;quot;domain&amp;quot;&amp;gt;
&amp;lt;a href=&amp;quot;https://www.hugeDomains.com/domain_profile.cfm?d=YourLocalApp.com&amp;quot; class=&amp;quot;link blueLink&amp;quot;&amp;gt;YourLocalApp.com&amp;lt;/a&amp;gt;
&amp;lt;a href=&amp;quot;https://www.hugeDomains.com/domain_profile.cfm?d=YourLocalApp.com&amp;quot; class=&amp;quot;btn&amp;quot; style=&amp;quot;height:35px;&amp;quot; &amp;gt;&amp;amp;#9656; See domain&amp;lt;/a&amp;gt;
&amp;lt;span class=&amp;quot;price&amp;quot;&amp;gt;$1,395&amp;lt;/span&amp;gt;
&amp;lt;/div&amp;gt;
&amp;lt;/div&amp;gt;
&amp;lt;!--
&amp;lt;div class=&amp;quot;see-more-link&amp;quot;&amp;gt;
&amp;lt;a href=&amp;quot;https://www.hugeDomains.com/domain_search.cfm?domain_name=Your-+App&amp;quot; class=&amp;quot;see-more-domains link blueLink&amp;quot; target=&amp;quot;_blank&amp;quot;&amp;gt;See more domains&amp;lt;/a&amp;gt;
&amp;lt;/div&amp;gt;
--&amp;gt;
&amp;lt;/div&amp;gt;
&amp;lt;/div&amp;gt;
&amp;lt;/div&amp;gt;
&amp;lt;/section&amp;gt;
&amp;lt;!-- 226 // HDv3 Product 3 - Pitch - Quick Stats --&amp;gt;
&amp;lt;section class=&amp;quot;quick-stats-section single-product hdv3pitch leftRightMargin20Mobile991 width100Minus40Mobile991&amp;quot; style=&amp;quot;margin-top:30px;&amp;quot;&amp;gt;
&amp;lt;div class=&amp;quot;container&amp;quot;&amp;gt;
&amp;lt;div class=&amp;quot;single-product-block&amp;quot;&amp;gt;
&amp;lt;div class=&amp;quot;oter-domain-title d-flex jc-between&amp;quot;&amp;gt;
&amp;lt;h2 class=&amp;quot;size24&amp;quot;&amp;gt;Quick stats&amp;lt;/h2&amp;gt;
&amp;lt;/div&amp;gt;
&amp;lt;div class=&amp;quot;quick-stat-block&amp;quot;&amp;gt;
&amp;lt;div class=&amp;quot;qs-row&amp;quot;&amp;gt;
&amp;lt;div&amp;gt;Domain length&amp;lt;/div&amp;gt;
&amp;lt;div&amp;gt;8 characters&amp;lt;/div&amp;gt;
&amp;lt;/div&amp;gt;
&amp;lt;div class=&amp;quot;qs-row&amp;quot;&amp;gt;
&amp;lt;div&amp;gt;Keywords&amp;lt;/div&amp;gt;
&amp;lt;div&amp;gt;
&amp;lt;a href=&amp;quot;https://www.hugeDomains.com/domain_search.cfm?domain_name=Your-&amp;quot; class=&amp;quot;link blueLink&amp;quot;&amp;gt;Your-&amp;lt;/a&amp;gt;, &amp;lt;a href=&amp;quot;https://www.hugeDomains.com/domain_search.cfm?domain_name=App&amp;quot; class=&amp;quot;link blueLink&amp;quot;&amp;gt;App&amp;lt;/a&amp;gt;
&amp;lt;/div&amp;gt;
&amp;lt;/div&amp;gt;
&amp;lt;div class=&amp;quot;qs-row&amp;quot;&amp;gt;
&amp;lt;div&amp;gt;Base domain&amp;lt;/div&amp;gt;
&amp;lt;div&amp;gt;Your-App&amp;lt;/div&amp;gt;
&amp;lt;/div&amp;gt;
&amp;lt;div class=&amp;quot;qs-row&amp;quot;&amp;gt;
&amp;lt;div&amp;gt;TLD extension&amp;lt;/div&amp;gt;
&amp;lt;div&amp;gt;.com&amp;lt;/div&amp;gt;
&amp;lt;/div&amp;gt;
&amp;lt;/div&amp;gt;
&amp;lt;/div&amp;gt;
&amp;lt;/div&amp;gt;
&amp;lt;/section&amp;gt;
&amp;lt;!-- 191 // close out / buy or pp / anchor --&amp;gt;
&amp;lt;/div&amp;gt;
&amp;lt;div class=&amp;quot;mobile-fixed-block hiddenAtLoad&amp;quot; style=&amp;quot;border-top:1px solid #d2d6da;&amp;quot; id=&amp;quot;hdv3Product3FooterBarrID&amp;quot; &amp;gt;
&amp;lt;div class=&amp;quot;ss-block-inner-new&amp;quot;&amp;gt;
&amp;lt;span class=&amp;quot;ss-block-title&amp;quot; &amp;gt;Your-App.com&amp;lt;/span&amp;gt;
&amp;lt;!-- buy now --&amp;gt;
&amp;lt;a href=&amp;quot;https://www.hugeDomains.com/shopping_cart.cfm?d=Your-App&amp;amp;e=com&amp;quot; class=&amp;quot;btn&amp;quot; style=&amp;quot;margin-bottom:5px; padding-right:30px; height:50px; &amp;quot; id=&amp;quot;hdv3Billboard184BuyID&amp;quot; onClick=&amp;quot;$(&amp;apos;#hdv3Billboard184BuyID&amp;apos;).addClass(&amp;apos;hiddenAtLoad&amp;apos;); $(&amp;apos;#hdv3Billboard184BuyProceID&amp;apos;).removeClass(&amp;apos;hiddenAtLoad&amp;apos;); landerFunc9A0ABB2D12D74CEB94624268229421E9Func(); return false;&amp;quot;&amp;gt;&amp;amp;rtrif; Buy now&amp;lt;/a&amp;gt;
&amp;lt;button type=&amp;quot;button&amp;quot; value=&amp;quot;&amp;quot; id=&amp;quot;hdv3Billboard184BuyProceID&amp;quot; class=&amp;quot; place-order-btn paymentpay-accaunt-content-btn btn hiddenAtLoad&amp;quot; onclick=&amp;quot;return false;&amp;quot; style=&amp;quot;height:50px; margin-left:0px; min-width:30px; margin-top:0px; margin-bottom:5px; display:block;&amp;quot; &amp;gt;&amp;lt;!--Processing--&amp;gt;
&amp;lt;div class=&amp;quot;circularJ&amp;quot;&amp;gt;
&amp;lt;div class=&amp;quot;circularJ_1&amp;quot;&amp;gt;&amp;lt;/div&amp;gt;
&amp;lt;div class=&amp;quot;circularJ_2&amp;quot;&amp;gt;&amp;lt;/div&amp;gt;
&amp;lt;div class=&amp;quot;circularJ_3&amp;quot;&amp;gt;&amp;lt;/div&amp;gt;
&amp;lt;div class=&amp;quot;circularJ_4&amp;quot;&amp;gt;&amp;lt;/div&amp;gt;
&amp;lt;div class=&amp;quot;circularJ_5&amp;quot;&amp;gt;&amp;lt;/div&amp;gt;
&amp;lt;div class=&amp;quot;circularJ_6&amp;quot;&amp;gt;&amp;lt;/div&amp;gt;
&amp;lt;div class=&amp;quot;circularJ_7&amp;quot;&amp;gt;&amp;lt;/div&amp;gt;
&amp;lt;div class=&amp;quot;circularJ_8&amp;quot;&amp;gt;&amp;lt;/div&amp;gt;
&amp;lt;/div&amp;gt;
&amp;lt;/button&amp;gt;
&amp;lt;!-- payment plan p4/4 --&amp;gt;
&amp;lt;a href=&amp;quot;https://www.hugeDomains.com/payment-plan-setup.cfm?d=Your-App.com&amp;quot; class=&amp;quot;btn bordered-btn&amp;quot; style=&amp;quot;border:3px solid #2aa527; background-color:white; color:#2aa527; height:50px; padding-top:8px; padding-bottom:0px; padding-right:30px; &amp;quot; onclick=&amp;quot;hdv39ADA26CE378541BB87C9F7DA7FE78A7DFunc(); return false;&amp;quot; id=&amp;quot;hdv39ADA26CE378541BB87C9F7DA7FE78A7DLinkID&amp;quot; &amp;gt;&amp;amp;#9656; Start Payment Plan&amp;lt;/a&amp;gt;
&amp;lt;button type=&amp;quot;button&amp;quot; value=&amp;quot;&amp;quot; id=&amp;quot;hdv39ADA26CE378541BB87C9F7DA7FE78A7DProcID&amp;quot; class=&amp;quot; place-order-btn paymentpay-accaunt-content-btn btn hiddenAtLoad&amp;quot; onclick=&amp;quot;return false;&amp;quot; style=&amp;quot;height:50px; margin-left:0px; margin-top:0px; width:100%;&amp;quot; &amp;gt;&amp;lt;!--Processing--&amp;gt;
&amp;lt;div class=&amp;quot;circularJ&amp;quot;&amp;gt;
&amp;lt;div class=&amp;quot;circularJ_1&amp;quot;&amp;gt;&amp;lt;/div&amp;gt;
&amp;lt;div class=&amp;quot;circularJ_2&amp;quot;&amp;gt;&amp;lt;/div&amp;gt;
&amp;lt;div class=&amp;quot;circularJ_3&amp;quot;&amp;gt;&amp;lt;/div&amp;gt;
&amp;lt;div class=&amp;quot;circularJ_4&amp;quot;&amp;gt;&amp;lt;/div&amp;gt;
&amp;lt;div class=&amp;quot;circularJ_5&amp;quot;&amp;gt;&amp;lt;/div&amp;gt;
&amp;lt;div class=&amp;quot;circularJ_6&amp;quot;&amp;gt;&amp;lt;/div&amp;gt;
&amp;lt;div class=&amp;quot;circularJ_7&amp;quot;&amp;gt;&amp;lt;/div&amp;gt;
&amp;lt;div class=&amp;quot;circularJ_8&amp;quot;&amp;gt;&amp;lt;/div&amp;gt;
&amp;lt;/div&amp;gt;
&amp;lt;/button&amp;gt;
&amp;lt;script&amp;gt;
function hdv39ADA26CE378541BB87C9F7DA7FE78A7DFunc() {
$(&amp;apos;#hdv39ADA26CE378541BB87C9F7DA7FE78A7DLinkID&amp;apos;).addClass(&amp;apos;hiddenAtLoad&amp;apos;);
$(&amp;apos;#hdv39ADA26CE378541BB87C9F7DA7FE78A7DProcID&amp;apos;).removeClass(&amp;apos;hiddenAtLoad&amp;apos;);
/* reset the button */
window.addEventListener(&amp;quot;unload&amp;quot;, function(event) {
$(&amp;apos;#hdv39ADA26CE378541BB87C9F7DA7FE78A7DLinkID&amp;apos;).removeClass(&amp;apos;hiddenAtLoad&amp;apos;);
$(&amp;apos;#hdv39ADA26CE378541BB87C9F7DA7FE78A7DProcID&amp;apos;).addClass(&amp;apos;hiddenAtLoad&amp;apos;);
});
window.addEventListener(&amp;quot;pageshow&amp;quot;, function(event) {
if (event.persisted) {
}
$(&amp;apos;#hdv39ADA26CE378541BB87C9F7DA7FE78A7DLinkID&amp;apos;).removeClass(&amp;apos;hiddenAtLoad&amp;apos;);
$(&amp;apos;#hdv39ADA26CE378541BB87C9F7DA7FE78A7DProcID&amp;apos;).addClass(&amp;apos;hiddenAtLoad&amp;apos;);
});
window.location.href = &amp;apos;https://www.hugeDomains.com/payment-plan-setup.cfm?d=Your-App.com&amp;apos;;
return false;
}
&amp;lt;/script&amp;gt;
&amp;lt;/div&amp;gt;
&amp;lt;/div&amp;gt;
&amp;lt;/div&amp;gt;
&amp;lt;!-- LL: 191 , 191 --&amp;gt;
&amp;lt;form action=&amp;quot;https://www.hugeDomains.com/shopping_cart.cfm?d=Your-App.com&amp;quot; method=&amp;quot;post&amp;quot; id=&amp;quot;landerForm9A0ABB2D12D74CEB94624268229421E9ID&amp;quot;&amp;gt;
&amp;lt;input type=&amp;quot;hidden&amp;quot; name=&amp;quot;cartCheck&amp;quot; value=&amp;quot;0&amp;quot; id=&amp;quot;landerForm9A0ABB2D12D74CEB94624268229421E9CheckID&amp;quot;&amp;gt;
&amp;lt;/form&amp;gt;
&amp;lt;script&amp;gt;
function landerFunc9A0ABB2D12D74CEB94624268229421E9Func() {
document.getElementById(&amp;apos;landerForm9A0ABB2D12D74CEB94624268229421E9CheckID&amp;apos;).value = 42;
document.getElementById(&amp;apos;landerForm9A0ABB2D12D74CEB94624268229421E9ID&amp;apos;).submit();
}
&amp;lt;/script&amp;gt;
&amp;lt;script&amp;gt;
gtag(&amp;apos;event&amp;apos;, &amp;apos;view_item&amp;apos;, {
&amp;quot;items&amp;quot;: [
{
&amp;quot;name&amp;quot;: &amp;quot;Your-App.com&amp;quot;,
&amp;quot;list_name&amp;quot;: &amp;quot;Product Page&amp;quot;,
&amp;quot;quantity&amp;quot;: 1,
&amp;quot;price&amp;quot;: &amp;apos;1595&amp;apos;
}
]
});
&amp;lt;/script&amp;gt;
&amp;lt;div class=&amp;quot;fab-btn-wrap&amp;quot;&amp;gt;
&amp;lt;a href=&amp;quot;https://www.hugeDomains.com/contact.cfm&amp;quot; class=&amp;quot;fab-btn modal-trigger&amp;quot; data-modal=&amp;quot;contact-form-modal&amp;quot; id=&amp;quot;fabButtonIconLinkID&amp;quot; aria-label=&amp;quot;Contact HugeDomains with our FAB Icon&amp;quot; &amp;gt;&amp;lt;img src=&amp;quot;https://static.hugedomains.com/images/hdv3-img/mail-icon.png&amp;quot; alt=&amp;quot;&amp;quot; id=&amp;quot;fabButtonIconID&amp;quot;&amp;gt;&amp;lt;/a&amp;gt;
&amp;lt;/div&amp;gt;
&amp;lt;script&amp;gt;
var fabButtonIconLinkExists = document.getElementById(&amp;apos;fabButtonIconLinkID&amp;apos;);
if (typeof(fabButtonIconLinkExists) != &amp;apos;undefined&amp;apos; &amp;amp;&amp;amp; fabButtonIconLinkExists != null)
{
document.getElementById(&amp;apos;fabButtonIconLinkID&amp;apos;).addEventListener(&amp;quot;click&amp;quot;, function(){
figureOutFab();
});
}
function figureOutFab() {
$(&amp;apos;#fabButtonPopopOuterDivID&amp;apos;).load(&amp;quot;https://www.hugeDomains.com/rjs/hdv3-rjs/contact.cfm&amp;quot;, function() { $(&amp;apos;#fabButtonPopopHeadID&amp;apos;).html(&amp;apos;Email us&amp;apos;); $(&amp;apos;#fabButtonPopopErrorDivID&amp;apos;).hide(); $(&amp;apos;#hdv3FabContactSubjectID&amp;apos;).val(&amp;apos;Your-App.com&amp;apos;); $(&amp;apos;#hdv3FabContactSubjectRowID&amp;apos;).hide(); figureOutFabContactDried = 0; figureOutFabContactDoubleDown = 0; figureOutFabContactDdp = 0; $(&amp;apos;#hdv3FabContactNameID&amp;apos;).focus(); } );
}
&amp;lt;/script&amp;gt;
&amp;lt;div class=&amp;quot;contact-modal modal&amp;quot; data-modal=&amp;quot;contact-form-modal&amp;quot; id=&amp;quot;hdv3FabPopupDivOuterID&amp;quot;&amp;gt;
&amp;lt;div class=&amp;quot;modal-header&amp;quot;&amp;gt;
&amp;lt;span class=&amp;quot;head&amp;quot; id=&amp;quot;fabButtonPopopHeadID&amp;quot;&amp;gt;&amp;lt;/span&amp;gt;
&amp;lt;span class=&amp;quot;close-modal js-modal-close&amp;quot; tabindex=&amp;quot;-1&amp;quot; id=&amp;quot;hdv3FabPopupDivCloseID&amp;quot; &amp;gt;&amp;lt;/span&amp;gt;
&amp;lt;/div&amp;gt;
&amp;lt;div class=&amp;quot;modal-content hass-errore&amp;quot; id=&amp;quot;fabButtonPopopOuterDivID&amp;quot;&amp;gt;
&amp;lt;/div&amp;gt;
&amp;lt;/div&amp;gt;
&amp;lt;/main&amp;gt;
&amp;lt;footer id=&amp;quot;footer&amp;quot;&amp;gt;
&amp;lt;div class=&amp;quot;container &amp;quot;&amp;gt;
&amp;lt;div class=&amp;quot;d-flex footer-links jc-between threeColFooterNav&amp;quot;&amp;gt;
&amp;lt;div class=&amp;quot;col&amp;quot;&amp;gt;
&amp;lt;h4 class=&amp;quot;font24 colorWhite&amp;quot;&amp;gt;Shop&amp;lt;/h4&amp;gt;
&amp;lt;ul class=&amp;quot;footer-menu&amp;quot;&amp;gt;
&amp;lt;li&amp;gt;&amp;lt;a href=&amp;quot;https://www.hugeDomains.com/index.cfm&amp;quot; class=&amp;quot;link whiteLink&amp;quot;&amp;gt;Home&amp;lt;/a&amp;gt;&amp;lt;/li&amp;gt;
&amp;lt;li&amp;gt;&amp;lt;a href=&amp;quot;https://www.hugeDomains.com/categories.cfm&amp;quot; class=&amp;quot;link whiteLink&amp;quot;&amp;gt;Categories&amp;lt;/a&amp;gt;&amp;lt;/li&amp;gt;
&amp;lt;li&amp;gt;&amp;lt;a href=&amp;quot;https://www.hugeDomains.com/payment-plans.cfm&amp;quot; class=&amp;quot;link whiteLink&amp;quot;&amp;gt;Payment plans&amp;lt;/a&amp;gt;&amp;lt;/li&amp;gt;
&amp;lt;li&amp;gt;&amp;lt;a href=&amp;quot;https://www.hugeDomains.com/payment-plan-login.cfm&amp;quot; class=&amp;quot;link whiteLink&amp;quot;&amp;gt;My account&amp;lt;/a&amp;gt;&amp;lt;/li&amp;gt;
&amp;lt;/ul&amp;gt;
&amp;lt;/div&amp;gt;
&amp;lt;div class=&amp;quot;col&amp;quot;&amp;gt;
&amp;lt;h4 class=&amp;quot;font24 colorWhite&amp;quot;&amp;gt;Safe and secure&amp;lt;/h4&amp;gt;
&amp;lt;ul class=&amp;quot;footer-menu&amp;quot;&amp;gt;
&amp;lt;li&amp;gt;&amp;lt;a href=&amp;quot;https://www.hugeDomains.com/satisfaction_guaranteed.cfm&amp;quot; class=&amp;quot;link whiteLink&amp;quot;&amp;gt;Money back guarantee&amp;lt;/a&amp;gt;&amp;lt;/li&amp;gt;
&amp;lt;li&amp;gt;&amp;lt;a href=&amp;quot;https://www.hugeDomains.com/escrow.cfm&amp;quot; class=&amp;quot;link whiteLink&amp;quot;&amp;gt;Escrow.com&amp;lt;/a&amp;gt;&amp;lt;/li&amp;gt;
&amp;lt;li&amp;gt;&amp;lt;a href=&amp;quot;https://www.hugeDomains.com/namebright.cfm&amp;quot; class=&amp;quot;link whiteLink&amp;quot;&amp;gt;NameBright.com&amp;lt;/a&amp;gt;&amp;lt;/li&amp;gt;
&amp;lt;li&amp;gt;&amp;lt;a href=&amp;quot;https://www.hugeDomains.com/testimonials.cfm&amp;quot; class=&amp;quot;link whiteLink&amp;quot;&amp;gt;Testimonials&amp;lt;/a&amp;gt;&amp;lt;/li&amp;gt;
&amp;lt;/ul&amp;gt;
&amp;lt;/div&amp;gt;
&amp;lt;div class=&amp;quot;col&amp;quot;&amp;gt;
&amp;lt;h4 class=&amp;quot;font24 colorWhite&amp;quot;&amp;gt;Helpful Tips&amp;lt;/h4&amp;gt;
&amp;lt;ul class=&amp;quot;footer-menu&amp;quot;&amp;gt;
&amp;lt;li&amp;gt;&amp;lt;a href=&amp;quot;https://www.hugeDomains.com/buying_guide.cfm&amp;quot; class=&amp;quot;link whiteLink&amp;quot;&amp;gt;Buying guide&amp;lt;/a&amp;gt;&amp;lt;/li&amp;gt;
&amp;lt;li&amp;gt;&amp;lt;a href=&amp;quot;https://www.hugeDomains.com/case-studies.cfm&amp;quot; class=&amp;quot;link whiteLink&amp;quot;&amp;gt;Case studies&amp;lt;/a&amp;gt;&amp;lt;/li&amp;gt;
&amp;lt;li&amp;gt;&amp;lt;a href=&amp;quot;https://www.hugeDomains.com/faq.cfm&amp;quot; class=&amp;quot;link whiteLink&amp;quot;&amp;gt;FAQs&amp;lt;/a&amp;gt;&amp;lt;/li&amp;gt;
&amp;lt;/ul&amp;gt;
&amp;lt;/div&amp;gt;
&amp;lt;div class=&amp;quot;col&amp;quot;&amp;gt;
&amp;lt;h4 class=&amp;quot;font24 colorWhite&amp;quot;&amp;gt;About us&amp;lt;/h4&amp;gt;
&amp;lt;ul class=&amp;quot;footer-menu&amp;quot;&amp;gt;
&amp;lt;li&amp;gt;&amp;lt;a href=&amp;quot;https://www.hugeDomains.com/about.cfm&amp;quot; class=&amp;quot;link whiteLink&amp;quot;&amp;gt;Overview&amp;lt;/a&amp;gt;&amp;lt;/li&amp;gt;
&amp;lt;li&amp;gt;&amp;lt;a href=&amp;quot;https://www.hugeDomains.com/contact.cfm&amp;quot; class=&amp;quot;link whiteLink&amp;quot;&amp;gt;Contact us&amp;lt;/a&amp;gt;&amp;lt;/li&amp;gt;
&amp;lt;li&amp;gt;&amp;lt;a href=&amp;quot;https://www.hugeDomains.com/terms.cfm&amp;quot; class=&amp;quot;link whiteLink&amp;quot;&amp;gt;Terms and conditions&amp;lt;/a&amp;gt;&amp;lt;/li&amp;gt;
&amp;lt;li&amp;gt;&amp;lt;a href=&amp;quot;https://www.hugeDomains.com/privacy_policy.cfm&amp;quot; class=&amp;quot;link whiteLink&amp;quot;&amp;gt;Privacy policy&amp;lt;/a&amp;gt;&amp;lt;/li&amp;gt;
&amp;lt;/ul&amp;gt;
&amp;lt;/div&amp;gt;
&amp;lt;/div&amp;gt;
&amp;lt;div class=&amp;quot;d-flex badge-row ai-center threeColFooterNavLogos&amp;quot; &amp;gt;
&amp;lt;div class=&amp;quot;d-flex jc-center threeColFooterNavLogo1&amp;quot;&amp;gt;&amp;lt;a href=&amp;quot;https://www.hugeDomains.com/buying_guide.cfm&amp;quot; aria-label=&amp;quot;Explore the HugeDomains buying guides to learn about .com domains&amp;quot;&amp;gt;&amp;lt;img src=&amp;quot;https://static.hugedomains.com/images/hdv3-img/footer-logo-1.png&amp;quot; alt=&amp;quot;&amp;quot; border=&amp;quot;0&amp;quot;&amp;gt;&amp;lt;/a&amp;gt;&amp;lt;/div&amp;gt;
&amp;lt;div class=&amp;quot;d-flex jc-center threeColFooterNavLogo2&amp;quot;&amp;gt;&amp;lt;a href=&amp;quot;https://www.hugeDomains.com/namebright.cfm&amp;quot; aria-label=&amp;quot;NameBright.com is a HugeDomains partner&amp;quot; &amp;gt;&amp;lt;img src=&amp;quot;https://static.hugedomains.com/images/hdv3-img/footer-logo-2.png&amp;quot; alt=&amp;quot;&amp;quot; border=&amp;quot;0&amp;quot;&amp;gt;&amp;lt;/a&amp;gt;&amp;lt;/div&amp;gt;
&amp;lt;div class=&amp;quot;d-flex jc-center threeColFooterNavLogo3&amp;quot;&amp;gt;&amp;lt;img src=&amp;quot;https://static.hugedomains.com/images/hdv3-img/footer-logo-3.png&amp;quot; alt=&amp;quot;&amp;quot;&amp;gt;&amp;lt;/div&amp;gt;
&amp;lt;div class=&amp;quot;d-flex jc-center threeColFooterNavLogo4&amp;quot;&amp;gt;&amp;lt;img src=&amp;quot;https://static.hugedomains.com/images/hdv3-img/footer-logo-4.png&amp;quot; alt=&amp;quot;&amp;quot;&amp;gt;&amp;lt;/div&amp;gt;
&amp;lt;div class=&amp;quot;d-flex jc-center threeColFooterNavLogo5&amp;quot;&amp;gt;&amp;lt;a href=&amp;quot;https://www.hugeDomains.com/escrow.cfm&amp;quot; aria-label=&amp;quot;Escrow.com is a HugeDomains partner&amp;quot;&amp;gt;&amp;lt;img src=&amp;quot;https://static.hugedomains.com/images/hdv3-img/footer-logo-5.png&amp;quot; alt=&amp;quot;&amp;quot; border=&amp;quot;0&amp;quot;&amp;gt;&amp;lt;/a&amp;gt;&amp;lt;/div&amp;gt;
&amp;lt;/div&amp;gt;
&amp;lt;div class=&amp;quot;text-center&amp;quot;&amp;gt;
&amp;lt;span class=&amp;quot;cta font24&amp;quot;&amp;gt;Talk to a domain expert: &amp;lt;a href=&amp;quot;tel:1-303-893-0552&amp;quot; class=&amp;quot;link&amp;quot;&amp;gt;+1-303-893-0552&amp;lt;/a&amp;gt;&amp;lt;/span&amp;gt;
&amp;lt;/div&amp;gt;
&amp;lt;p class=&amp;quot;copyright text-center&amp;quot;&amp;gt;&amp;amp;copy; 2026 HugeDomains.com. All rights reserved.&amp;lt;/p&amp;gt;
&amp;lt;a href=&amp;quot;https://www.hugeDomains.com/more-info.cfm&amp;quot; tabindex=&amp;quot;-1&amp;quot; aria-label=&amp;quot;more.&amp;quot; &amp;gt;&amp;lt;/a&amp;gt;
&amp;lt;/div&amp;gt;
&amp;lt;/footer&amp;gt;
&amp;lt;script src=&amp;quot;https://www.google.com/recaptcha/enterprise.js?render=6LdRB9UiAAAAABaf3jRLyU_gwaGIp-3OvR51myRx&amp;quot;&amp;gt;&amp;lt;/script&amp;gt;
&amp;lt;script src=&amp;quot;https://static.hugedomains.com/js/hdv3-js/jquery.min.js&amp;quot;&amp;gt;&amp;lt;/script&amp;gt;
&amp;lt;script src=&amp;quot;https://static.hugedomains.com/js/hdv3-js/script.js?aa=2022-10-32&amp;quot;&amp;gt;&amp;lt;/script&amp;gt;
&amp;lt;script src=&amp;quot;https://static.hugedomains.com/js/hdv3-js/common.js&amp;quot;&amp;gt;&amp;lt;/script&amp;gt;
&amp;lt;script src=&amp;quot;https://static.hugedomains.com/js/hdv3-js/hd-js.js?a=20250312&amp;quot;&amp;gt;&amp;lt;/script&amp;gt;
&amp;lt;script src=&amp;quot;https://www.hugeDomains.com/rjs/hdv3-rjs/hd-js.cfm?aa=2022-10-32&amp;quot;&amp;gt;&amp;lt;/script&amp;gt;
&amp;lt;script&amp;gt;
/* shopping cart number */
cartJs = readCookie(&amp;apos;SHOPPINGCART&amp;apos;);
if ((cartJs == &amp;apos;&amp;apos;) || (cartJs == &amp;apos;%2C&amp;apos;) || (cartJs == &amp;apos;,&amp;apos;)) {
/* empty */
$(&amp;apos;#hdv3HeaderCartIconDivID&amp;apos;).addClass(&amp;apos;empty-cart&amp;apos;);
} else if (cartJs !== null) {
cartItems = readCookie(&amp;apos;SHOPPINGCART&amp;apos;).split(&amp;quot;%2C&amp;quot;);
$(&amp;apos;#hdv3HeaderCartIconDivID&amp;apos;).removeClass(&amp;apos;empty-cart&amp;apos;);
$(&amp;apos;#hdv3CartNumberSpanID&amp;apos;).removeClass(&amp;apos;hiddenAtLoad&amp;apos;);
$(&amp;apos;#hdv3CartNumberSpanID&amp;apos;).html(cartItems.length);
}
domainNumberFavorite(&amp;apos;hdv3FavNumberSpanID&amp;apos;);
&amp;lt;/script&amp;gt;
&amp;lt;script&amp;gt;
domainHurryProductThree(&amp;apos;Your-App.com&amp;apos;);
domainStarredFavorite(&amp;apos;Your-App.com&amp;apos;, &amp;apos;hdv3ProductFavoriteHeartID&amp;apos; );
$(function() {
var wv = $(window).outerWidth();
if (wv &amp;gt; 768) {
var $window = $(window);
var $sidebar = $(&amp;quot;.ss-block-inner&amp;quot;);
var $sidebarTop = $sidebar.position().top ;
var $sidebarHeight = $sidebar.height();
var $footer = $(&amp;apos;#footer&amp;apos;);
var $footerTop = $footer.position().top;
var $footerTop = $footerTop - 85;
$window.scroll(function(event) {
$sidebar.addClass(&amp;quot;fixed&amp;quot;);
var $scrollTop = $window.scrollTop();
var $topPosition = Math.max(85, $sidebarTop - $scrollTop);
var $maindiv = $(&amp;quot;.site-main&amp;quot;);
var $maindivTop = $maindiv.position().top;
var $maindivTop = $maindivTop - 85;
/* qqq */
/* required */
if ($scrollTop + $sidebarHeight &amp;gt; $footerTop ) {
var $topPosition = Math.min($topPosition, $footerTop - $scrollTop - $sidebarHeight );
}
if ( false == $( &amp;quot;header#header&amp;quot; ).hasClass( &amp;quot;fixed-header&amp;quot; ) ) {
if ($topPosition == 85) {
$topPosition = 140; /* 140 org */
}
if (140 &amp;gt; $topPosition) {
$topPosition = 140; /* 140 org */
}
}
$sidebar.css(&amp;quot;top&amp;quot;, $topPosition );
});
}
});
$(window).scroll(function () {
if ( $(&amp;apos;.hdv3pitch&amp;apos;).length ) {
var offset = $(&amp;quot;.hdv3pitch&amp;quot;).offset();
var w = $(window);
var ww = offset.top-w.scrollTop();
if ( ww &amp;gt; 85) {
[...]
$topPosition = 140; /* 140 org */
}
}
$sidebar.css("top", $topPosition );
});
}
});
$(window).scroll(function () {
if ( $('.hdv3pitch').length ) {
var offset = $(".hdv3pitch").offset();
var w = $(window);
var ww = offset.top-w.scrollTop();
if ( ww > 85) {
$('#hdv3Product3FooterBarrID').addClass('hiddenAtLoad');
} else if ( ww <= 85) {
$('#hdv3Product3FooterBarrID').removeClass('hiddenAtLoad');
}
} else {
$('#hdv3Product3FooterBarrID').removeClass('hiddenAtLoad');
}
});
</script>
<!-- All rights reserved. -->
<script>(function(){function c(){var b=a.contentDocument||a.contentWindow.document;if(b){var d=b.createElement('script');d.innerHTML="window.__CF$cv$params={r:'9e1e0f08aa2f9621',t:'MTc3NDQ0MzIwOQ=='};var a=document.createElement('script');a.src='/cdn-cgi/challenge-platform/scripts/jsd/main.js';document.getElementsByTagName('head')[0].appendChild(a);";b.getElementsByTagName('head')[0].appendChild(d)}}if(document.body){var a=document.createElement('iframe');a.height=1;a.width=1;a.style.position='absolute';a.style.top=0;a.style.left=0;a.style.border='none';a.style.visibility='hidden';document.body.appendChild(a);if('loading'!==document.readyState)c();else if(window.addEventListener)document.addEventListener('DOMContentLoaded',c);else{var e=document.onreadystatechange||function(){};document.onreadystatechange=function(b){e(b);'loading'!==document.readyState&&(document.onreadystatechange=e,c())}}}})();</script></body></html>
] to contain [UP] expected [true] but found [false]
at utils.CustomAssert.assertContains(CustomAssert.java:242)
at utils.ResponseValidator.assertBodyContains(ResponseValidator.java:292)
at stepdefinitions.ApiSteps.theResponseBodyShouldContain(ApiSteps.java:160)
at ✽.the response body should contain "UP"(file:///Users/jok208/selenium-hybrid-template/src/test/resources/features/api.feature:137)
... Removed 3 stack frames]]>
    </failure>
  </testcase> <!-- runScenario -->
  <testcase classname="io.cucumber.testng.AbstractTestNGCucumberTests" name="runScenario" time="22.196">
    <failure type="java.lang.AssertionError" message="Expected HTTP status [200] but received [404] expected [200] but found [404]">
      <![CDATA[java.lang.AssertionError: Expected HTTP status [200] but received [404] expected [200] but found [404]
at utils.CustomAssert.assertStatusCode(CustomAssert.java:354)
at utils.ResponseValidator.assertStatusCode(ResponseValidator.java:93)
at stepdefinitions.ApiSteps.theResponseStatusShouldBe(ApiSteps.java:136)
at ✽.the response status should be 200(file:///Users/jok208/selenium-hybrid-template/src/test/resources/features/api.feature:43)
... Removed 6 stack frames]]>
    </failure>
  </testcase> <!-- runScenario -->
  <testcase classname="io.cucumber.testng.AbstractTestNGCucumberTests" name="runScenario" time="33.845">
    <failure type="org.openqa.selenium.TimeoutException" message="Element not visible after 10s: [By.id: username]">
      <![CDATA[org.openqa.selenium.TimeoutException: Element not visible after 10s: [By.id: username]
at utils.WaitUtils.waitForVisible(WaitUtils.java:99)
at utils.WaitUtils.waitForVisible(WaitUtils.java:89)
at pages.BasePage.type(BasePage.java:229)
at pages.LoginPage.enterUsername(LoginPage.java:67)
at pages.LoginPage.login(LoginPage.java:98)
at pages.LoginPage.loginAs(LoginPage.java:116)
at stepdefinitions.LoginSteps.iAmLoggedInAs(LoginSteps.java:58)
at ✽.I am logged in as "admin"(file:///Users/jok208/selenium-hybrid-template/src/test/resources/features/ui.feature:29)
Caused by: org.openqa.selenium.TimeoutException: Expected condition failed: waiting for visibility of element located by By.id: username (tried for 10 second(s) with 500 milliseconds interval)
Build info: version: '4.21.0', revision: '79ed462ef4'
System info: os.name: 'Mac OS X', os.arch: 'x86_64', os.version: '15.6', java.version: '25.0.1'
Driver info: org.openqa.selenium.chrome.ChromeDriver
Capabilities {acceptInsecureCerts: true, browserName: chrome, browserVersion: 146.0.7680.164, chrome: {chromedriverVersion: 146.0.7680.165 (4b989da09e1..., userDataDir: /var/folders/w2/67mk25c54mj...}, fedcm:accounts: true, goog:chromeOptions: {debuggerAddress: localhost:53328}, goog:processID: 60889, networkConnectionEnabled: false, pageLoadStrategy: normal, platformName: mac, proxy: Proxy(), se:cdp: ws://localhost:53328/devtoo..., se:cdpVersion: 146.0.7680.164, setWindowRect: true, strictFileInteractability: false, timeouts: {implicit: 0, pageLoad: 300000, script: 30000}, unhandledPromptBehavior: dismiss and notify, webauthn:extension:credBlob: true, webauthn:extension:largeBlob: true, webauthn:extension:minPinLength: true, webauthn:extension:prf: true, webauthn:virtualAuthenticators: true}
Session ID: 1d3b3fa51a71a07a8f6e483a2ce0dc02
at org.openqa.selenium.support.ui.WebDriverWait.timeoutException(WebDriverWait.java:84)
at org.openqa.selenium.support.ui.FluentWait.until(FluentWait.java:228)
at utils.WaitUtils.waitForVisible(WaitUtils.java:96)
at utils.WaitUtils.waitForVisible(WaitUtils.java:89)
at pages.BasePage.type(BasePage.java:229)
at pages.LoginPage.enterUsername(LoginPage.java:67)
at pages.LoginPage.login(LoginPage.java:98)
at pages.LoginPage.loginAs(LoginPage.java:116)
at stepdefinitions.LoginSteps.iAmLoggedInAs(LoginSteps.java:58)
at io.cucumber.java.Invoker.doInvoke(Invoker.java:66)
at io.cucumber.java.Invoker.invoke(Invoker.java:24)
at io.cucumber.java.AbstractGlueDefinition.invokeMethod(AbstractGlueDefinition.java:47)
at io.cucumber.java.JavaStepDefinition.execute(JavaStepDefinition.java:29)
at io.cucumber.core.runner.CoreStepDefinition.execute(CoreStepDefinition.java:66)
at io.cucumber.core.runner.PickleStepDefinitionMatch.runStep(PickleStepDefinitionMatch.java:63)
at io.cucumber.core.runner.ExecutionMode$1.execute(ExecutionMode.java:10)
at io.cucumber.core.runner.TestStep.executeStep(TestStep.java:81)
at io.cucumber.core.runner.TestStep.run(TestStep.java:53)
at io.cucumber.core.runner.PickleStepTestStep.run(PickleStepTestStep.java:51)
at io.cucumber.core.runner.TestCase.run(TestCase.java:84)
at io.cucumber.core.runner.Runner.runPickle(Runner.java:75)
at io.cucumber.testng.TestNGCucumberRunner.lambda$runScenario$1(TestNGCucumberRunner.java:132)
at io.cucumber.core.runtime.CucumberExecutionContext.lambda$runTestCase$5(CucumberExecutionContext.java:136)
at io.cucumber.core.runtime.RethrowingThrowableCollector.executeAndThrow(RethrowingThrowableCollector.java:23)
at io.cucumber.core.runtime.CucumberExecutionContext.runTestCase(CucumberExecutionContext.java:136)
at io.cucumber.testng.TestNGCucumberRunner.runScenario(TestNGCucumberRunner.java:129)
at io.cucumber.testng.AbstractTestNGCucumberTests.runScenario(AbstractTestNGCucumberTests.java:35)
at java.base/java.util.concurrent.ThreadPoolExecutor.runWorker(ThreadPoolExecutor.java:1090)
at java.base/java.util.concurrent.ThreadPoolExecutor$Worker.run(ThreadPoolExecutor.java:614)
at java.base/java.lang.Thread.run(Thread.java:1474)
... Removed 9 stack frames]]>
    </failure>
  </testcase> <!-- runScenario -->
  <testcase classname="io.cucumber.testng.AbstractTestNGCucumberTests" name="runScenario" time="33.849">
    <failure type="org.openqa.selenium.TimeoutException" message="Element not visible after 10s: [By.id: username]">
      <![CDATA[org.openqa.selenium.TimeoutException: Element not visible after 10s: [By.id: username]
at utils.WaitUtils.waitForVisible(WaitUtils.java:99)
at utils.WaitUtils.waitForVisible(WaitUtils.java:89)
at pages.BasePage.type(BasePage.java:229)
at pages.LoginPage.enterUsername(LoginPage.java:67)
at pages.LoginPage.login(LoginPage.java:98)
at pages.LoginPage.loginAs(LoginPage.java:116)
at stepdefinitions.LoginSteps.iAmLoggedInAs(LoginSteps.java:58)
at ✽.I am logged in as "admin"(file:///Users/jok208/selenium-hybrid-template/src/test/resources/features/ui.feature:29)
Caused by: org.openqa.selenium.TimeoutException: Expected condition failed: waiting for visibility of element located by By.id: username (tried for 10 second(s) with 500 milliseconds interval)
Build info: version: '4.21.0', revision: '79ed462ef4'
System info: os.name: 'Mac OS X', os.arch: 'x86_64', os.version: '15.6', java.version: '25.0.1'
Driver info: org.openqa.selenium.chrome.ChromeDriver
Capabilities {acceptInsecureCerts: true, browserName: chrome, browserVersion: 146.0.7680.164, chrome: {chromedriverVersion: 146.0.7680.165 (4b989da09e1..., userDataDir: /var/folders/w2/67mk25c54mj...}, fedcm:accounts: true, goog:chromeOptions: {debuggerAddress: localhost:53331}, goog:processID: 60891, networkConnectionEnabled: false, pageLoadStrategy: normal, platformName: mac, proxy: Proxy(), se:cdp: ws://localhost:53331/devtoo..., se:cdpVersion: 146.0.7680.164, setWindowRect: true, strictFileInteractability: false, timeouts: {implicit: 0, pageLoad: 300000, script: 30000}, unhandledPromptBehavior: dismiss and notify, webauthn:extension:credBlob: true, webauthn:extension:largeBlob: true, webauthn:extension:minPinLength: true, webauthn:extension:prf: true, webauthn:virtualAuthenticators: true}
Session ID: f62663b8505b061bfba16c35e87a4be4
at org.openqa.selenium.support.ui.WebDriverWait.timeoutException(WebDriverWait.java:84)
at org.openqa.selenium.support.ui.FluentWait.until(FluentWait.java:228)
at utils.WaitUtils.waitForVisible(WaitUtils.java:96)
at utils.WaitUtils.waitForVisible(WaitUtils.java:89)
at pages.BasePage.type(BasePage.java:229)
at pages.LoginPage.enterUsername(LoginPage.java:67)
at pages.LoginPage.login(LoginPage.java:98)
at pages.LoginPage.loginAs(LoginPage.java:116)
at stepdefinitions.LoginSteps.iAmLoggedInAs(LoginSteps.java:58)
at io.cucumber.java.Invoker.doInvoke(Invoker.java:66)
at io.cucumber.java.Invoker.invoke(Invoker.java:24)
at io.cucumber.java.AbstractGlueDefinition.invokeMethod(AbstractGlueDefinition.java:47)
at io.cucumber.java.JavaStepDefinition.execute(JavaStepDefinition.java:29)
at io.cucumber.core.runner.CoreStepDefinition.execute(CoreStepDefinition.java:66)
at io.cucumber.core.runner.PickleStepDefinitionMatch.runStep(PickleStepDefinitionMatch.java:63)
at io.cucumber.core.runner.ExecutionMode$1.execute(ExecutionMode.java:10)
at io.cucumber.core.runner.TestStep.executeStep(TestStep.java:81)
at io.cucumber.core.runner.TestStep.run(TestStep.java:53)
at io.cucumber.core.runner.PickleStepTestStep.run(PickleStepTestStep.java:51)
at io.cucumber.core.runner.TestCase.run(TestCase.java:84)
at io.cucumber.core.runner.Runner.runPickle(Runner.java:75)
at io.cucumber.testng.TestNGCucumberRunner.lambda$runScenario$1(TestNGCucumberRunner.java:132)
at io.cucumber.core.runtime.CucumberExecutionContext.lambda$runTestCase$5(CucumberExecutionContext.java:136)
at io.cucumber.core.runtime.RethrowingThrowableCollector.executeAndThrow(RethrowingThrowableCollector.java:23)
at io.cucumber.core.runtime.CucumberExecutionContext.runTestCase(CucumberExecutionContext.java:136)
at io.cucumber.testng.TestNGCucumberRunner.runScenario(TestNGCucumberRunner.java:129)
at io.cucumber.testng.AbstractTestNGCucumberTests.runScenario(AbstractTestNGCucumberTests.java:35)
at java.base/java.util.concurrent.ThreadPoolExecutor.runWorker(ThreadPoolExecutor.java:1090)
at java.base/java.util.concurrent.ThreadPoolExecutor$Worker.run(ThreadPoolExecutor.java:614)
at java.base/java.lang.Thread.run(Thread.java:1474)
... Removed 9 stack frames]]>
    </failure>
  </testcase> <!-- runScenario -->
  <testcase classname="io.cucumber.testng.AbstractTestNGCucumberTests" name="runScenario" time="33.855">
    <failure type="org.openqa.selenium.TimeoutException" message="Element not visible after 10s: [By.id: username]">
      <![CDATA[org.openqa.selenium.TimeoutException: Element not visible after 10s: [By.id: username]
at utils.WaitUtils.waitForVisible(WaitUtils.java:99)
at utils.WaitUtils.waitForVisible(WaitUtils.java:89)
at pages.BasePage.type(BasePage.java:229)
at pages.LoginPage.enterUsername(LoginPage.java:67)
at pages.LoginPage.login(LoginPage.java:98)
at pages.LoginPage.loginAs(LoginPage.java:116)
at stepdefinitions.LoginSteps.iLoginAs(LoginSteps.java:93)
at ✽.I login as "standard"(file:///Users/jok208/selenium-hybrid-template/src/test/resources/features/login.feature:41)
Caused by: org.openqa.selenium.TimeoutException: Expected condition failed: waiting for visibility of element located by By.id: username (tried for 10 second(s) with 500 milliseconds interval)
Build info: version: '4.21.0', revision: '79ed462ef4'
System info: os.name: 'Mac OS X', os.arch: 'x86_64', os.version: '15.6', java.version: '25.0.1'
Driver info: org.openqa.selenium.chrome.ChromeDriver
Capabilities {acceptInsecureCerts: true, browserName: chrome, browserVersion: 146.0.7680.164, chrome: {chromedriverVersion: 146.0.7680.165 (4b989da09e1..., userDataDir: /var/folders/w2/67mk25c54mj...}, fedcm:accounts: true, goog:chromeOptions: {debuggerAddress: localhost:53329}, goog:processID: 60928, networkConnectionEnabled: false, pageLoadStrategy: normal, platformName: mac, proxy: Proxy(), se:cdp: ws://localhost:53329/devtoo..., se:cdpVersion: 146.0.7680.164, setWindowRect: true, strictFileInteractability: false, timeouts: {implicit: 0, pageLoad: 300000, script: 30000}, unhandledPromptBehavior: dismiss and notify, webauthn:extension:credBlob: true, webauthn:extension:largeBlob: true, webauthn:extension:minPinLength: true, webauthn:extension:prf: true, webauthn:virtualAuthenticators: true}
Session ID: 6b662d3e12ca08e0f493b6f07d6369eb
at org.openqa.selenium.support.ui.WebDriverWait.timeoutException(WebDriverWait.java:84)
at org.openqa.selenium.support.ui.FluentWait.until(FluentWait.java:228)
at utils.WaitUtils.waitForVisible(WaitUtils.java:96)
at utils.WaitUtils.waitForVisible(WaitUtils.java:89)
at pages.BasePage.type(BasePage.java:229)
at pages.LoginPage.enterUsername(LoginPage.java:67)
at pages.LoginPage.login(LoginPage.java:98)
at pages.LoginPage.loginAs(LoginPage.java:116)
at stepdefinitions.LoginSteps.iLoginAs(LoginSteps.java:93)
at io.cucumber.java.Invoker.doInvoke(Invoker.java:66)
at io.cucumber.java.Invoker.invoke(Invoker.java:24)
at io.cucumber.java.AbstractGlueDefinition.invokeMethod(AbstractGlueDefinition.java:47)
at io.cucumber.java.JavaStepDefinition.execute(JavaStepDefinition.java:29)
at io.cucumber.core.runner.CoreStepDefinition.execute(CoreStepDefinition.java:66)
at io.cucumber.core.runner.PickleStepDefinitionMatch.runStep(PickleStepDefinitionMatch.java:63)
at io.cucumber.core.runner.ExecutionMode$1.execute(ExecutionMode.java:10)
at io.cucumber.core.runner.TestStep.executeStep(TestStep.java:81)
at io.cucumber.core.runner.TestStep.run(TestStep.java:53)
at io.cucumber.core.runner.PickleStepTestStep.run(PickleStepTestStep.java:51)
at io.cucumber.core.runner.TestCase.run(TestCase.java:84)
at io.cucumber.core.runner.Runner.runPickle(Runner.java:75)
at io.cucumber.testng.TestNGCucumberRunner.lambda$runScenario$1(TestNGCucumberRunner.java:132)
at io.cucumber.core.runtime.CucumberExecutionContext.lambda$runTestCase$5(CucumberExecutionContext.java:136)
at io.cucumber.core.runtime.RethrowingThrowableCollector.executeAndThrow(RethrowingThrowableCollector.java:23)
at io.cucumber.core.runtime.CucumberExecutionContext.runTestCase(CucumberExecutionContext.java:136)
at io.cucumber.testng.TestNGCucumberRunner.runScenario(TestNGCucumberRunner.java:129)
at io.cucumber.testng.AbstractTestNGCucumberTests.runScenario(AbstractTestNGCucumberTests.java:35)
at java.base/java.util.concurrent.ThreadPoolExecutor.runWorker(ThreadPoolExecutor.java:1090)
at java.base/java.util.concurrent.ThreadPoolExecutor$Worker.run(ThreadPoolExecutor.java:614)
at java.base/java.lang.Thread.run(Thread.java:1474)
... Removed 9 stack frames]]>
    </failure>
  </testcase> <!-- runScenario -->
  <testcase classname="io.cucumber.testng.AbstractTestNGCucumberTests" name="runScenario" time="33.855">
    <failure type="org.openqa.selenium.TimeoutException" message="Element not visible after 10s: [By.id: username]">
      <![CDATA[org.openqa.selenium.TimeoutException: Element not visible after 10s: [By.id: username]
at utils.WaitUtils.waitForVisible(WaitUtils.java:99)
at utils.WaitUtils.waitForVisible(WaitUtils.java:89)
at pages.BasePage.type(BasePage.java:229)
at pages.LoginPage.enterUsername(LoginPage.java:67)
at pages.LoginPage.login(LoginPage.java:98)
at pages.LoginPage.loginAs(LoginPage.java:116)
at stepdefinitions.LoginSteps.iLoginAs(LoginSteps.java:93)
at ✽.I login as "admin"(file:///Users/jok208/selenium-hybrid-template/src/test/resources/features/login.feature:36)
Caused by: org.openqa.selenium.TimeoutException: Expected condition failed: waiting for visibility of element located by By.id: username (tried for 10 second(s) with 500 milliseconds interval)
Build info: version: '4.21.0', revision: '79ed462ef4'
System info: os.name: 'Mac OS X', os.arch: 'x86_64', os.version: '15.6', java.version: '25.0.1'
Driver info: org.openqa.selenium.chrome.ChromeDriver
Capabilities {acceptInsecureCerts: true, browserName: chrome, browserVersion: 146.0.7680.164, chrome: {chromedriverVersion: 146.0.7680.165 (4b989da09e1..., userDataDir: /var/folders/w2/67mk25c54mj...}, fedcm:accounts: true, goog:chromeOptions: {debuggerAddress: localhost:53326}, goog:processID: 60916, networkConnectionEnabled: false, pageLoadStrategy: normal, platformName: mac, proxy: Proxy(), se:cdp: ws://localhost:53326/devtoo..., se:cdpVersion: 146.0.7680.164, setWindowRect: true, strictFileInteractability: false, timeouts: {implicit: 0, pageLoad: 300000, script: 30000}, unhandledPromptBehavior: dismiss and notify, webauthn:extension:credBlob: true, webauthn:extension:largeBlob: true, webauthn:extension:minPinLength: true, webauthn:extension:prf: true, webauthn:virtualAuthenticators: true}
Session ID: db5a9f11ea3f6e1ac6401ffa692f9e15
at org.openqa.selenium.support.ui.WebDriverWait.timeoutException(WebDriverWait.java:84)
at org.openqa.selenium.support.ui.FluentWait.until(FluentWait.java:228)
at utils.WaitUtils.waitForVisible(WaitUtils.java:96)
at utils.WaitUtils.waitForVisible(WaitUtils.java:89)
at pages.BasePage.type(BasePage.java:229)
at pages.LoginPage.enterUsername(LoginPage.java:67)
at pages.LoginPage.login(LoginPage.java:98)
at pages.LoginPage.loginAs(LoginPage.java:116)
at stepdefinitions.LoginSteps.iLoginAs(LoginSteps.java:93)
at io.cucumber.java.Invoker.doInvoke(Invoker.java:66)
at io.cucumber.java.Invoker.invoke(Invoker.java:24)
at io.cucumber.java.AbstractGlueDefinition.invokeMethod(AbstractGlueDefinition.java:47)
at io.cucumber.java.JavaStepDefinition.execute(JavaStepDefinition.java:29)
at io.cucumber.core.runner.CoreStepDefinition.execute(CoreStepDefinition.java:66)
at io.cucumber.core.runner.PickleStepDefinitionMatch.runStep(PickleStepDefinitionMatch.java:63)
at io.cucumber.core.runner.ExecutionMode$1.execute(ExecutionMode.java:10)
at io.cucumber.core.runner.TestStep.executeStep(TestStep.java:81)
at io.cucumber.core.runner.TestStep.run(TestStep.java:53)
at io.cucumber.core.runner.PickleStepTestStep.run(PickleStepTestStep.java:51)
at io.cucumber.core.runner.TestCase.run(TestCase.java:84)
at io.cucumber.core.runner.Runner.runPickle(Runner.java:75)
at io.cucumber.testng.TestNGCucumberRunner.lambda$runScenario$1(TestNGCucumberRunner.java:132)
at io.cucumber.core.runtime.CucumberExecutionContext.lambda$runTestCase$5(CucumberExecutionContext.java:136)
at io.cucumber.core.runtime.RethrowingThrowableCollector.executeAndThrow(RethrowingThrowableCollector.java:23)
at io.cucumber.core.runtime.CucumberExecutionContext.runTestCase(CucumberExecutionContext.java:136)
at io.cucumber.testng.TestNGCucumberRunner.runScenario(TestNGCucumberRunner.java:129)
at io.cucumber.testng.AbstractTestNGCucumberTests.runScenario(AbstractTestNGCucumberTests.java:35)
at java.base/java.util.concurrent.ThreadPoolExecutor.runWorker(ThreadPoolExecutor.java:1090)
at java.base/java.util.concurrent.ThreadPoolExecutor$Worker.run(ThreadPoolExecutor.java:614)
at java.base/java.lang.Thread.run(Thread.java:1474)
... Removed 9 stack frames]]>
    </failure>
  </testcase> <!-- runScenario -->
</testsuite> <!-- Surefire test -->
