<?xml version="1.0" encoding="UTF-8"?>
<testsuite xmlns:xsi="http://www.w3.org/2001/XMLSchema-instance" xsi:noNamespaceSchemaLocation="https://maven.apache.org/surefire/maven-surefire-plugin/xsd/surefire-test-report-3.0.xsd" version="3.0" name="runners.SmokeTestRunner" time="36.043" tests="9" errors="0" skipped="0" failures="9">
  <properties>
[...]
</properties>
  <testcase name="runScenario[&quot;Admin user data matches expected values from test data file&quot;, &quot;Database Validation&quot;](2)" classname="runners.SmokeTestRunner" time="19.538">
    <failure message="Failed to connect to DB: [jdbc:mysql://localhost:3306/your_dev_db]&#10;Error: Access denied for user &apos;dev_user&apos;@&apos;localhost&apos; (using password: YES)" type="java.lang.RuntimeException"><![CDATA[java.lang.RuntimeException: 
Failed to connect to DB: [jdbc:mysql://localhost:3306/your_dev_db]
Error: Access denied for user 'dev_user'@'localhost' (using password: YES)
	at utils.DBUtils.createConnection(DBUtils.java:466)
	at utils.DBUtils.getConnection(DBUtils.java:103)
	at hooks.Hooks.beforeDbScenario(Hooks.java:144)
Caused by: java.sql.SQLException: Access denied for user 'dev_user'@'localhost' (using password: YES)
	at com.mysql.cj.jdbc.exceptions.SQLError.createSQLException(SQLError.java:121)
	at com.mysql.cj.jdbc.exceptions.SQLExceptionsMapping.translateException(SQLExceptionsMapping.java:113)
	at com.mysql.cj.jdbc.ConnectionImpl.createNewIO(ConnectionImpl.java:861)
	at com.mysql.cj.jdbc.ConnectionImpl.<init>(ConnectionImpl.java:449)
	at com.mysql.cj.jdbc.ConnectionImpl.getInstance(ConnectionImpl.java:234)
	at com.mysql.cj.jdbc.NonRegisteringDriver.connect(NonRegisteringDriver.java:180)
	at java.sql/java.sql.DriverManager.getConnection(DriverManager.java:613)
	at java.sql/java.sql.DriverManager.getConnection(DriverManager.java:199)
	at utils.DBUtils.createConnection(DBUtils.java:451)
	at utils.DBUtils.getConnection(DBUtils.java:103)
	at hooks.Hooks.beforeDbScenario(Hooks.java:144)
	at java.base/jdk.internal.reflect.DirectMethodHandleAccessor.invoke(DirectMethodHandleAccessor.java:104)
	at java.base/java.lang.reflect.Method.invoke(Method.java:565)
	at io.cucumber.java.Invoker.doInvoke(Invoker.java:66)
	at io.cucumber.java.Invoker.invoke(Invoker.java:24)
	at io.cucumber.java.AbstractGlueDefinition.invokeMethod(AbstractGlueDefinition.java:47)
	at io.cucumber.java.JavaHookDefinition.execute(JavaHookDefinition.java:64)
	at io.cucumber.core.runner.CoreHookDefinition.execute(CoreHookDefinition.java:46)
	at io.cucumber.core.runner.HookDefinitionMatch.runStep(HookDefinitionMatch.java:21)
	at io.cucumber.core.runner.ExecutionMode$1.execute(ExecutionMode.java:10)
	at io.cucumber.core.runner.TestStep.executeStep(TestStep.java:81)
	at io.cucumber.core.runner.TestStep.run(TestStep.java:53)
	at io.cucumber.core.runner.TestCase.run(TestCase.java:78)
	at io.cucumber.core.runner.Runner.runPickle(Runner.java:75)
	at io.cucumber.testng.TestNGCucumberRunner.lambda$runScenario$1(TestNGCucumberRunner.java:132)
	at io.cucumber.core.runtime.CucumberExecutionContext.lambda$runTestCase$5(CucumberExecutionContext.java:136)
	at io.cucumber.core.runtime.RethrowingThrowableCollector.executeAndThrow(RethrowingThrowableCollector.java:23)
	at io.cucumber.core.runtime.CucumberExecutionContext.runTestCase(CucumberExecutionContext.java:136)
	at io.cucumber.testng.TestNGCucumberRunner.runScenario(TestNGCucumberRunner.java:129)
	at io.cucumber.testng.AbstractTestNGCucumberTests.runScenario(AbstractTestNGCucumberTests.java:35)
	at java.base/jdk.internal.reflect.DirectMethodHandleAccessor.invoke(DirectMethodHandleAccessor.java:104)
	at java.base/java.lang.reflect.Method.invoke(Method.java:565)
	at org.testng.internal.invokers.MethodInvocationHelper.invokeMethod(MethodInvocationHelper.java:141)
	at org.testng.internal.invokers.TestInvoker.invokeMethod(TestInvoker.java:686)
	at org.testng.internal.invokers.TestInvoker.invokeTestMethod(TestInvoker.java:230)
	at org.testng.internal.invokers.TestMethodWithDataProviderMethodWorker.call(TestMethodWithDataProviderMethodWorker.java:81)
	at org.testng.internal.thread.Async$AsyncTask.run(Async.java:34)
	at java.base/java.util.concurrent.ThreadPoolExecutor.runWorker(ThreadPoolExecutor.java:1090)
	at java.base/java.util.concurrent.ThreadPoolExecutor$Worker.run(ThreadPoolExecutor.java:614)
	at java.base/java.lang.Thread.run(Thread.java:1474)
]]></failure>
    <system-out><![CDATA[
@db @db @smoke
Scenario: Admin user exists in the database            # src/test/resources/features/db.feature:34

@api @api @smoke
Scenario: Login API returns token for valid credentials         # src/test/resources/features/api.feature:35

@ui @smoke @regression
Scenario: Primary action button performs expected action        # src/test/resources/features/ui.feature:83

@api @api @smoke
Scenario: GET users returns 200 with data array               # src/test/resources/features/api.feature:69

@api @api @smoke
Scenario: Health check endpoint returns 200               # src/test/resources/features/api.feature:134

@db @db @smoke
Scenario: Admin user data matches expected values from test data file # src/test/resources/features/db.feature:63

@ui @smoke @regression
Scenario: Successful login with valid admin credentials # src/test/resources/features/login.feature:35

@ui @smoke @regression
Scenario: Successful login with valid standard user credentials # src/test/resources/features/login.feature:40

@ui @smoke @regression
Scenario: Sample page loads successfully       # src/test/resources/features/ui.feature:36
08:53:09.688 &amp#27;[34mINFO &amp#27;[0;39m [&amp#27;[36mTestNG-PoolService-6&amp#27;[0;39m] &amp#27;[33mScenario&amp#27;[0;39m - ┌─────────────────────────────────────────────────────
08:53:09.688 &amp#27;[34mINFO &amp#27;[0;39m [&amp#27;[36mTestNG-PoolService-7&amp#27;[0;39m] &amp#27;[33mScenario&amp#27;[0;39m - ┌─────────────────────────────────────────────────────
08:53:09.689 &amp#27;[34mINFO &amp#27;[0;39m [&amp#27;[36mTestNG-PoolService-8&amp#27;[0;39m] &amp#27;[33mScenario&amp#27;[0;39m - ┌─────────────────────────────────────────────────────
08:53:09.688 &amp#27;[34mINFO &amp#27;[0;39m [&amp#27;[36mTestNG-PoolService-5&amp#27;[0;39m] &amp#27;[33mScenario&amp#27;[0;39m - ┌─────────────────────────────────────────────────────
08:53:09.688 &amp#27;[34mINFO &amp#27;[0;39m [&amp#27;[36mTestNG-PoolService-4&amp#27;[0;39m] &amp#27;[33mScenario&amp#27;[0;39m - ┌─────────────────────────────────────────────────────
08:53:09.688 &amp#27;[34mINFO &amp#27;[0;39m [&amp#27;[36mTestNG-PoolService-1&amp#27;[0;39m] &amp#27;[33mScenario&amp#27;[0;39m - ┌─────────────────────────────────────────────────────
08:53:09.688 &amp#27;[34mINFO &amp#27;[0;39m [&amp#27;[36mTestNG-PoolService-2&amp#27;[0;39m] &amp#27;[33mScenario&amp#27;[0;39m - ┌─────────────────────────────────────────────────────
08:53:09.689 &amp#27;[34mINFO &amp#27;[0;39m [&amp#27;[36mTestNG-PoolService-9&amp#27;[0;39m] &amp#27;[33mScenario&amp#27;[0;39m - ┌─────────────────────────────────────────────────────
08:53:09.688 &amp#27;[34mINFO &amp#27;[0;39m [&amp#27;[36mTestNG-PoolService-3&amp#27;[0;39m] &amp#27;[33mScenario&amp#27;[0;39m - ┌─────────────────────────────────────────────────────
08:53:09.691 &amp#27;[34mINFO &amp#27;[0;39m [&amp#27;[36mTestNG-PoolService-6&amp#27;[0;39m] &amp#27;[33mScenario&amp#27;[0;39m - │  ▶ SCENARIO: Successful login with valid admin credentials
08:53:09.691 &amp#27;[34mINFO &amp#27;[0;39m [&amp#27;[36mTestNG-PoolService-4&amp#27;[0;39m] &amp#27;[33mScenario&amp#27;[0;39m - │  ▶ SCENARIO: Admin user exists in the database
08:53:09.691 &amp#27;[34mINFO &amp#27;[0;39m [&amp#27;[36mTestNG-PoolService-3&amp#27;[0;39m] &amp#27;[33mScenario&amp#27;[0;39m - │  ▶ SCENARIO: Health check endpoint returns 200
08:53:09.691 &amp#27;[34mINFO &amp#27;[0;39m [&amp#27;[36mTestNG-PoolService-7&amp#27;[0;39m] &amp#27;[33mScenario&amp#27;[0;39m - │  ▶ SCENARIO: Successful login with valid standard user credentials
08:53:09.692 &amp#27;[34mINFO &amp#27;[0;39m [&amp#27;[36mTestNG-PoolService-4&amp#27;[0;39m] &amp#27;[33mScenario&amp#27;[0;39m - └─────────────────────────────────────────────────────
08:53:09.692 &amp#27;[34mINFO &amp#27;[0;39m [&amp#27;[36mTestNG-PoolService-3&amp#27;[0;39m] &amp#27;[33mScenario&amp#27;[0;39m - └─────────────────────────────────────────────────────
08:53:09.691 &amp#27;[34mINFO &amp#27;[0;39m [&amp#27;[36mTestNG-PoolService-5&amp#27;[0;39m] &amp#27;[33mScenario&amp#27;[0;39m - │  ▶ SCENARIO: Admin user data matches expected values from test data file
08:53:09.691 &amp#27;[34mINFO &amp#27;[0;39m [&amp#27;[36mTestNG-PoolService-9&amp#27;[0;39m] &amp#27;[33mScenario&amp#27;[0;39m - │  ▶ SCENARIO: Primary action button performs expected action
08:53:09.691 &amp#27;[34mINFO &amp#27;[0;39m [&amp#27;[36mTestNG-PoolService-2&amp#27;[0;39m] &amp#27;[33mScenario&amp#27;[0;39m - │  ▶ SCENARIO: GET users returns 200 with data array
08:53:09.691 &amp#27;[34mINFO &amp#27;[0;39m [&amp#27;[36mTestNG-PoolService-8&amp#27;[0;39m] &amp#27;[33mScenario&amp#27;[0;39m - │  ▶ SCENARIO: Sample page loads successfully
08:53:09.693 &amp#27;[34mINFO &amp#27;[0;39m [&amp#27;[36mTestNG-PoolService-9&amp#27;[0;39m] &amp#27;[33mScenario&amp#27;[0;39m - └─────────────────────────────────────────────────────
08:53:09.691 &amp#27;[34mINFO &amp#27;[0;39m [&amp#27;[36mTestNG-PoolService-1&amp#27;[0;39m] &amp#27;[33mScenario&amp#27;[0;39m - │  ▶ SCENARIO: Login API returns token for valid credentials
08:53:09.692 &amp#27;[34mINFO &amp#27;[0;39m [&amp#27;[36mTestNG-PoolService-6&amp#27;[0;39m] &amp#27;[33mScenario&amp#27;[0;39m - └─────────────────────────────────────────────────────
08:53:09.692 &amp#27;[34mINFO &amp#27;[0;39m [&amp#27;[36mTestNG-PoolService-7&amp#27;[0;39m] &amp#27;[33mScenario&amp#27;[0;39m - └─────────────────────────────────────────────────────
08:53:09.693 &amp#27;[34mINFO &amp#27;[0;39m [&amp#27;[36mTestNG-PoolService-5&amp#27;[0;39m] &amp#27;[33mScenario&amp#27;[0;39m - └─────────────────────────────────────────────────────
08:53:09.693 &amp#27;[34mINFO &amp#27;[0;39m [&amp#27;[36mTestNG-PoolService-2&amp#27;[0;39m] &amp#27;[33mScenario&amp#27;[0;39m - └─────────────────────────────────────────────────────
08:53:09.693 &amp#27;[34mINFO &amp#27;[0;39m [&amp#27;[36mTestNG-PoolService-8&amp#27;[0;39m] &amp#27;[33mScenario&amp#27;[0;39m - └─────────────────────────────────────────────────────
08:53:09.693 &amp#27;[34mINFO &amp#27;[0;39m [&amp#27;[36mTestNG-PoolService-1&amp#27;[0;39m] &amp#27;[33mScenario&amp#27;[0;39m - └─────────────────────────────────────────────────────
08:53:09.696 &amp#27;[34mINFO &amp#27;[0;39m [&amp#27;[36mTestNG-PoolService-8&amp#27;[0;39m] &amp#27;[33mhooks.Hooks&amp#27;[0;39m - Setting up WebDriver for UI scenario: [Sample page loads successfully]
08:53:09.696 &amp#27;[34mINFO &amp#27;[0;39m [&amp#27;[36mTestNG-PoolService-5&amp#27;[0;39m] &amp#27;[33mhooks.Hooks&amp#27;[0;39m - Setting up WebDriver for UI scenario: [Admin user data matches expected values from test data file]
08:53:09.696 &amp#27;[34mINFO &amp#27;[0;39m [&amp#27;[36mTestNG-PoolService-4&amp#27;[0;39m] &amp#27;[33mhooks.Hooks&amp#27;[0;39m - Setting up WebDriver for UI scenario: [Admin user exists in the database]
08:53:09.696 &amp#27;[34mINFO &amp#27;[0;39m [&amp#27;[36mTestNG-PoolService-7&amp#27;[0;39m] &amp#27;[33mhooks.Hooks&amp#27;[0;39m - Setting up WebDriver for UI scenario: [Successful login with valid standard user credentials]
08:53:09.696 &amp#27;[34mINFO &amp#27;[0;39m [&amp#27;[36mTestNG-PoolService-9&amp#27;[0;39m] &amp#27;[33mhooks.Hooks&amp#27;[0;39m - Setting up WebDriver for UI scenario: [Primary action button performs expected action]
08:53:09.696 &amp#27;[34mINFO &amp#27;[0;39m [&amp#27;[36mTestNG-PoolService-1&amp#27;[0;39m] &amp#27;[33mhooks.Hooks&amp#27;[0;39m - Setting up WebDriver for UI scenario: [Login API returns token for valid credentials]
08:53:09.696 &amp#27;[34mINFO &amp#27;[0;39m [&amp#27;[36mTestNG-PoolService-6&amp#27;[0;39m] &amp#27;[33mhooks.Hooks&amp#27;[0;39m - Setting up WebDriver for UI scenario: [Successful login with valid admin credentials]
08:53:09.696 &amp#27;[34mINFO &amp#27;[0;39m [&amp#27;[36mTestNG-PoolService-3&amp#27;[0;39m] &amp#27;[33mhooks.Hooks&amp#27;[0;39m - Setting up WebDriver for UI scenario: [Health check endpoint returns 200]
08:53:09.696 &amp#27;[34mINFO &amp#27;[0;39m [&amp#27;[36mTestNG-PoolService-2&amp#27;[0;39m] &amp#27;[33mhooks.Hooks&amp#27;[0;39m - Setting up WebDriver for UI scenario: [GET users returns 200 with data array]
08:53:09.889 &amp#27;[34mINFO &amp#27;[0;39m [&amp#27;[36mTestNG-PoolService-8&amp#27;[0;39m] &amp#27;[33mutils.ConfigReader&amp#27;[0;39m - ConfigReader initialised → active environment: [dev]
08:53:09.890 &amp#27;[34mINFO &amp#27;[0;39m [&amp#27;[36mTestNG-PoolService-8&amp#27;[0;39m] &amp#27;[33mutils.DriverManager&amp#27;[0;39m - Initialising WebDriver → browser: [headless]
08:53:09.890 &amp#27;[34mINFO &amp#27;[0;39m [&amp#27;[36mTestNG-PoolService-4&amp#27;[0;39m] &amp#27;[33mutils.DriverManager&amp#27;[0;39m - Initialising WebDriver → browser: [headless]
08:53:09.890 &amp#27;[34mINFO &amp#27;[0;39m [&amp#27;[36mTestNG-PoolService-1&amp#27;[0;39m] &amp#27;[33mutils.DriverManager&amp#27;[0;39m - Initialising WebDriver → browser: [headless]
08:53:09.890 &amp#27;[34mINFO &amp#27;[0;39m [&amp#27;[36mTestNG-PoolService-3&amp#27;[0;39m] &amp#27;[33mutils.DriverManager&amp#27;[0;39m - Initialising WebDriver → browser: [headless]
08:53:09.890 &amp#27;[34mINFO &amp#27;[0;39m [&amp#27;[36mTestNG-PoolService-2&amp#27;[0;39m] &amp#27;[33mutils.DriverManager&amp#27;[0;39m - Initialising WebDriver → browser: [headless]
08:53:09.890 &amp#27;[34mINFO &amp#27;[0;39m [&amp#27;[36mTestNG-PoolService-7&amp#27;[0;39m] &amp#27;[33mutils.DriverManager&amp#27;[0;39m - Initialising WebDriver → browser: [headless]
08:53:09.890 &amp#27;[34mINFO &amp#27;[0;39m [&amp#27;[36mTestNG-PoolService-9&amp#27;[0;39m] &amp#27;[33mutils.DriverManager&amp#27;[0;39m - Initialising WebDriver → browser: [headless]
08:53:09.890 &amp#27;[34mINFO &amp#27;[0;39m [&amp#27;[36mTestNG-PoolService-6&amp#27;[0;39m] &amp#27;[33mutils.DriverManager&amp#27;[0;39m - Initialising WebDriver → browser: [headless]
08:53:09.890 &amp#27;[34mINFO &amp#27;[0;39m [&amp#27;[36mTestNG-PoolService-5&amp#27;[0;39m] &amp#27;[33mutils.DriverManager&amp#27;[0;39m - Initialising WebDriver → browser: [headless]
08:53:25.850 &amp#27;[34mINFO &amp#27;[0;39m [&amp#27;[36mTestNG-PoolService-2&amp#27;[0;39m] &amp#27;[33mutils.DriverManager&amp#27;[0;39m - WebDriver initialised successfully for thread [TestNG-PoolService-2]
08:53:25.850 &amp#27;[34mINFO &amp#27;[0;39m [&amp#27;[36mTestNG-PoolService-1&amp#27;[0;39m] &amp#27;[33mutils.DriverManager&amp#27;[0;39m - WebDriver initialised successfully for thread [TestNG-PoolService-1]
08:53:25.850 &amp#27;[34mINFO &amp#27;[0;39m [&amp#27;[36mTestNG-PoolService-7&amp#27;[0;39m] &amp#27;[33mutils.DriverManager&amp#27;[0;39m - WebDriver initialised successfully for thread [TestNG-PoolService-7]
08:53:25.850 &amp#27;[34mINFO &amp#27;[0;39m [&amp#27;[36mTestNG-PoolService-4&amp#27;[0;39m] &amp#27;[33mutils.DriverManager&amp#27;[0;39m - WebDriver initialised successfully for thread [TestNG-PoolService-4]
08:53:25.851 &amp#27;[34mINFO &amp#27;[0;39m [&amp#27;[36mTestNG-PoolService-6&amp#27;[0;39m] &amp#27;[33mutils.DriverManager&amp#27;[0;39m - WebDriver initialised successfully for thread [TestNG-PoolService-6]
08:53:25.850 &amp#27;[34mINFO &amp#27;[0;39m [&amp#27;[36mTestNG-PoolService-3&amp#27;[0;39m] &amp#27;[33mutils.DriverManager&amp#27;[0;39m - WebDriver initialised successfully for thread [TestNG-PoolService-3]
08:53:25.850 &amp#27;[34mINFO &amp#27;[0;39m [&amp#27;[36mTestNG-PoolService-5&amp#27;[0;39m] &amp#27;[33mutils.DriverManager&amp#27;[0;39m - WebDriver initialised successfully for thread [TestNG-PoolService-5]
08:53:25.852 &amp#27;[34mINFO &amp#27;[0;39m [&amp#27;[36mTestNG-PoolService-1&amp#27;[0;39m] &amp#27;[33mhooks.Hooks&amp#27;[0;39m - Setting up API for scenario: [Login API returns token for valid credentials]
08:53:25.852 &amp#27;[34mINFO &amp#27;[0;39m [&amp#27;[36mTestNG-PoolService-4&amp#27;[0;39m] &amp#27;[33mhooks.Hooks&amp#27;[0;39m - Opening DB connection for scenario: [Admin user exists in the database]
08:53:25.853 &amp#27;[34mINFO &amp#27;[0;39m [&amp#27;[36mTestNG-PoolService-3&amp#27;[0;39m] &amp#27;[33mhooks.Hooks&amp#27;[0;39m - Setting up API for scenario: [Health check endpoint returns 200]
08:53:25.854 &amp#27;[34mINFO &amp#27;[0;39m [&amp#27;[36mTestNG-PoolService-5&amp#27;[0;39m] &amp#27;[33mhooks.Hooks&amp#27;[0;39m - Opening DB connection for scenario: [Admin user data matches expected values from test data file]
08:53:25.854 &amp#27;[34mINFO &amp#27;[0;39m [&amp#27;[36mTestNG-PoolService-6&amp#27;[0;39m] &amp#27;[33mpages.LoginPage&amp#27;[0;39m - Navigating to login page
08:53:25.854 &amp#27;[34mINFO &amp#27;[0;39m [&amp#27;[36mTestNG-PoolService-2&amp#27;[0;39m] &amp#27;[33mhooks.Hooks&amp#27;[0;39m - Setting up API for scenario: [GET users returns 200 with data array]
08:53:25.854 &amp#27;[34mINFO &amp#27;[0;39m [&amp#27;[36mTestNG-PoolService-7&amp#27;[0;39m] &amp#27;[33mpages.LoginPage&amp#27;[0;39m - Navigating to login page
08:53:25.855 &amp#27;[34mINFO &amp#27;[0;39m [&amp#27;[36mTestNG-PoolService-9&amp#27;[0;39m] &amp#27;[33mutils.DriverManager&amp#27;[0;39m - WebDriver initialised successfully for thread [TestNG-PoolService-9]
08:53:25.855 &amp#27;[34mINFO &amp#27;[0;39m [&amp#27;[36mTestNG-PoolService-6&amp#27;[0;39m] &amp#27;[33mpages.LoginPage&amp#27;[0;39m - Navigating to path: [https://dev.your-app.com/login]
08:53:25.855 &amp#27;[34mINFO &amp#27;[0;39m [&amp#27;[36mTestNG-PoolService-7&amp#27;[0;39m] &amp#27;[33mpages.LoginPage&amp#27;[0;39m - Navigating to path: [https://dev.your-app.com/login]
08:53:25.858 &amp#27;[34mINFO &amp#27;[0;39m [&amp#27;[36mTestNG-PoolService-9&amp#27;[0;39m] &amp#27;[33mpages.LoginPage&amp#27;[0;39m - Navigating to login page
08:53:25.859 &amp#27;[34mINFO &amp#27;[0;39m [&amp#27;[36mTestNG-PoolService-9&amp#27;[0;39m] &amp#27;[33mpages.LoginPage&amp#27;[0;39m - Navigating to path: [https://dev.your-app.com/login]
08:53:25.879 &amp#27;[34mINFO &amp#27;[0;39m [&amp#27;[36mTestNG-PoolService-8&amp#27;[0;39m] &amp#27;[33mutils.DriverManager&amp#27;[0;39m - WebDriver initialised successfully for thread [TestNG-PoolService-8]
08:53:25.880 &amp#27;[34mINFO &amp#27;[0;39m [&amp#27;[36mTestNG-PoolService-8&amp#27;[0;39m] &amp#27;[33mpages.LoginPage&amp#27;[0;39m - Navigating to login page
08:53:25.880 &amp#27;[34mINFO &amp#27;[0;39m [&amp#27;[36mTestNG-PoolService-8&amp#27;[0;39m] &amp#27;[33mpages.LoginPage&amp#27;[0;39m - Navigating to path: [https://dev.your-app.com/login]
08:53:25.902 &amp#27;[34mINFO &amp#27;[0;39m [&amp#27;[36mTestNG-PoolService-4&amp#27;[0;39m] &amp#27;[33mutils.DBUtils&amp#27;[0;39m - Connecting to DB → URL: [jdbc:mysql://localhost:3306/your_dev_db] | User: [dev_user]
08:53:25.903 &amp#27;[34mINFO &amp#27;[0;39m [&amp#27;[36mTestNG-PoolService-5&amp#27;[0;39m] &amp#27;[33mutils.DBUtils&amp#27;[0;39m - Connecting to DB → URL: [jdbc:mysql://localhost:3306/your_dev_db] | User: [dev_user]
      java.lang.RuntimeException: Failed to connect to DB: [jdbc:mysql://localhost:3306/your_dev_db]
Error: Access denied for user 'dev_user'@'localhost' (using password: YES)
	at utils.DBUtils.createConnection(DBUtils.java:466)
	at utils.DBUtils.getConnection(DBUtils.java:103)
	at hooks.Hooks.beforeDbScenario(Hooks.java:144)
Caused by: java.sql.SQLException: Access denied for user 'dev_user'@'localhost' (using password: YES)
	at com.mysql.cj.jdbc.exceptions.SQLError.createSQLException(SQLError.java:121)
	at com.mysql.cj.jdbc.exceptions.SQLExceptionsMapping.translateException(SQLExceptionsMapping.java:113)
	at com.mysql.cj.jdbc.ConnectionImpl.createNewIO(ConnectionImpl.java:861)
	at com.mysql.cj.jdbc.ConnectionImpl.<init>(ConnectionImpl.java:449)
	at com.mysql.cj.jdbc.ConnectionImpl.getInstance(ConnectionImpl.java:234)
	at com.mysql.cj.jdbc.NonRegisteringDriver.connect(NonRegisteringDriver.java:180)
	at java.sql/java.sql.DriverManager.getConnection(DriverManager.java:613)
	at java.sql/java.sql.DriverManager.getConnection(DriverManager.java:199)
	at utils.DBUtils.createConnection(DBUtils.java:451)
	at utils.DBUtils.getConnection(DBUtils.java:103)
	at hooks.Hooks.beforeDbScenario(Hooks.java:144)
	at java.base/jdk.internal.reflect.DirectMethodHandleAccessor.invoke(DirectMethodHandleAccessor.java:104)
	at java.base/java.lang.reflect.Method.invoke(Method.java:565)
	at io.cucumber.java.Invoker.doInvoke(Invoker.java:66)
	at io.cucumber.java.Invoker.invoke(Invoker.java:24)
	at io.cucumber.java.AbstractGlueDefinition.invokeMethod(AbstractGlueDefinition.java:47)
	at io.cucumber.java.JavaHookDefinition.execute(JavaHookDefinition.java:64)
	at io.cucumber.core.runner.CoreHookDefinition.execute(CoreHookDefinition.java:46)
	at io.cucumber.core.runner.HookDefinitionMatch.runStep(HookDefinitionMatch.java:21)
	at io.cucumber.core.runner.ExecutionMode$1.execute(ExecutionMode.java:10)
	at io.cucumber.core.runner.TestStep.executeStep(TestStep.java:81)
	at io.cucumber.core.runner.TestStep.run(TestStep.java:53)
	at io.cucumber.core.runner.TestCase.run(TestCase.java:78)
	at io.cucumber.core.runner.Runner.runPickle(Runner.java:75)
	at io.cucumber.testng.TestNGCucumberRunner.lambda$runScenario$1(TestNGCucumberRunner.java:132)
	at io.cucumber.core.runtime.CucumberExecutionContext.lambda$runTestCase$5(CucumberExecutionContext.java:136)
	at io.cucumber.core.runtime.RethrowingThrowableCollector.executeAndThrow(RethrowingThrowableCollector.java:23)
	at io.cucumber.core.runtime.CucumberExecutionContext.runTestCase(CucumberExecutionContext.java:136)
	at io.cucumber.testng.TestNGCucumberRunner.runScenario(TestNGCucumberRunner.java:129)
	at io.cucumber.testng.AbstractTestNGCucumberTests.runScenario(AbstractTestNGCucumberTests.java:35)
	at java.base/jdk.internal.reflect.DirectMethodHandleAccessor.invoke(DirectMethodHandleAccessor.java:104)
	at java.base/java.lang.reflect.Method.invoke(Method.java:565)
	at org.testng.internal.invokers.MethodInvocationHelper.invokeMethod(MethodInvocationHelper.java:141)
	at org.testng.internal.invokers.TestInvoker.invokeMethod(TestInvoker.java:686)
	at org.testng.internal.invokers.TestInvoker.invokeTestMethod(TestInvoker.java:230)
	at org.testng.internal.invokers.TestMethodWithDataProviderMethodWorker.call(TestMethodWithDataProviderMethodWorker.java:81)
	at org.testng.internal.thread.Async$AsyncTask.run(Async.java:34)
	at java.base/java.util.concurrent.ThreadPoolExecutor.runWorker(ThreadPoolExecutor.java:1090)
	at java.base/java.util.concurrent.ThreadPoolExecutor$Worker.run(ThreadPoolExecutor.java:614)
	at java.base/java.lang.Thread.run(Thread.java:1474)

      java.lang.RuntimeException: Failed to connect to DB: [jdbc:mysql://localhost:3306/your_dev_db]
Error: Access denied for user 'dev_user'@'localhost' (using password: YES)
	at utils.DBUtils.createConnection(DBUtils.java:466)
	at utils.DBUtils.getConnection(DBUtils.java:103)
	at hooks.Hooks.beforeDbScenario(Hooks.java:144)
Caused by: java.sql.SQLException: Access denied for user 'dev_user'@'localhost' (using password: YES)
	at com.mysql.cj.jdbc.exceptions.SQLError.createSQLException(SQLError.java:121)
	at com.mysql.cj.jdbc.exceptions.SQLExceptionsMapping.translateException(SQLExceptionsMapping.java:113)
	at com.mysql.cj.jdbc.ConnectionImpl.createNewIO(ConnectionImpl.java:861)
	at com.mysql.cj.jdbc.ConnectionImpl.<init>(ConnectionImpl.java:449)
	at com.mysql.cj.jdbc.ConnectionImpl.getInstance(ConnectionImpl.java:234)
	at com.mysql.cj.jdbc.NonRegisteringDriver.connect(NonRegisteringDriver.java:180)
	at java.sql/java.sql.DriverManager.getConnection(DriverManager.java:613)
	at java.sql/java.sql.DriverManager.getConnection(DriverManager.java:199)
	at utils.DBUtils.createConnection(DBUtils.java:451)
	at utils.DBUtils.getConnection(DBUtils.java:103)
	at hooks.Hooks.beforeDbScenario(Hooks.java:144)
	at java.base/jdk.internal.reflect.DirectMethodHandleAccessor.invoke(DirectMethodHandleAccessor.java:104)
	at java.base/java.lang.reflect.Method.invoke(Method.java:565)
	at io.cucumber.java.Invoker.doInvoke(Invoker.java:66)
	at io.cucumber.java.Invoker.invoke(Invoker.java:24)
	at io.cucumber.java.AbstractGlueDefinition.invokeMethod(AbstractGlueDefinition.java:47)
	at io.cucumber.java.JavaHookDefinition.execute(JavaHookDefinition.java:64)
	at io.cucumber.core.runner.CoreHookDefinition.execute(CoreHookDefinition.java:46)
	at io.cucumber.core.runner.HookDefinitionMatch.runStep(HookDefinitionMatch.java:21)
	at io.cucumber.core.runner.ExecutionMode$1.execute(ExecutionMode.java:10)
	at io.cucumber.core.runner.TestStep.executeStep(TestStep.java:81)
	at io.cucumber.core.runner.TestStep.run(TestStep.java:53)
	at io.cucumber.core.runner.TestCase.run(TestCase.java:78)
	at io.cucumber.core.runner.Runner.runPickle(Runner.java:75)
	at io.cucumber.testng.TestNGCucumberRunner.lambda$runScenario$1(TestNGCucumberRunner.java:132)
	at io.cucumber.core.runtime.CucumberExecutionContext.lambda$runTestCase$5(CucumberExecutionContext.java:136)
	at io.cucumber.core.runtime.RethrowingThrowableCollector.executeAndThrow(RethrowingThrowableCollector.java:23)
	at io.cucumber.core.runtime.CucumberExecutionContext.runTestCase(CucumberExecutionContext.java:136)
	at io.cucumber.testng.TestNGCucumberRunner.runScenario(TestNGCucumberRunner.java:129)
	at io.cucumber.testng.AbstractTestNGCucumberTests.runScenario(AbstractTestNGCucumberTests.java:35)
	at java.base/jdk.internal.reflect.DirectMethodHandleAccessor.invoke(DirectMethodHandleAccessor.java:104)
	at java.base/java.lang.reflect.Method.invoke(Method.java:565)
	at org.testng.internal.invokers.MethodInvocationHelper.invokeMethod(MethodInvocationHelper.java:141)
	at org.testng.internal.invokers.TestInvoker.invokeMethod(TestInvoker.java:686)
	at org.testng.internal.invokers.TestInvoker.invokeTestMethod(TestInvoker.java:230)
	at org.testng.internal.invokers.TestMethodWithDataProviderMethodWorker.call(TestMethodWithDataProviderMethodWorker.java:81)
	at org.testng.internal.thread.Async$AsyncTask.run(Async.java:34)
	at java.base/java.util.concurrent.ThreadPoolExecutor.runWorker(ThreadPoolExecutor.java:1090)
	at java.base/java.util.concurrent.ThreadPoolExecutor$Worker.run(ThreadPoolExecutor.java:614)
	at java.base/java.lang.Thread.run(Thread.java:1474)

  Given a database connection is established                          # stepdefinitions.DbSteps.aDatabaseConnectionIsEstablished()
  Given a database connection is established           # stepdefinitions.DbSteps.aDatabaseConnectionIsEstablished()
  When I query the users table for "admin@yourapp.com" # stepdefinitions.DbSteps.iQueryTheUsersTableFor(java.lang.String)
  Then the admin user data should match expected values               # stepdefinitions.DbSteps.theAdminUserDataShouldMatchExpectedValues()
  Then the record should exist                         # stepdefinitions.DbSteps.theRecordShouldExist()
08:53:26.635 &amp#27;[34mINFO &amp#27;[0;39m [&amp#27;[36mTestNG-PoolService-5&amp#27;[0;39m] &amp#27;[33mutils.ScreenshotUtils&amp#27;[0;39m - Scenario failed — capturing screenshot for: [Admin user data matches expected values from test data file]
08:53:26.635 &amp#27;[34mINFO &amp#27;[0;39m [&amp#27;[36mTestNG-PoolService-4&amp#27;[0;39m] &amp#27;[33mutils.ScreenshotUtils&amp#27;[0;39m - Scenario failed — capturing screenshot for: [Admin user exists in the database]
08:53:27.303 &amp#27;[34mINFO &amp#27;[0;39m [&amp#27;[36mTestNG-PoolService-1&amp#27;[0;39m] &amp#27;[33mutils.ApiUtils&amp#27;[0;39m - ApiUtils configured → baseURI: [https://api.dev.your-app.com]
08:53:27.304 &amp#27;[34mINFO &amp#27;[0;39m [&amp#27;[36mTestNG-PoolService-3&amp#27;[0;39m] &amp#27;[33mstepdefinitions.ApiSteps&amp#27;[0;39m - API setup confirmed for scenario: [Health check endpoint returns 200]
08:53:27.304 &amp#27;[34mINFO &amp#27;[0;39m [&amp#27;[36mTestNG-PoolService-2&amp#27;[0;39m] &amp#27;[33mstepdefinitions.ApiSteps&amp#27;[0;39m - API setup confirmed for scenario: [GET users returns 200 with data array]
08:53:27.304 &amp#27;[34mINFO &amp#27;[0;39m [&amp#27;[36mTestNG-PoolService-1&amp#27;[0;39m] &amp#27;[33mstepdefinitions.ApiSteps&amp#27;[0;39m - API setup confirmed for scenario: [Login API returns token for valid credentials]
  Given the API is available                              # stepdefinitions.ApiSteps.theApiIsAvailable()
  Given the API is available                                  # stepdefinitions.ApiSteps.theApiIsAvailable()
  Given the API is available                                    # stepdefinitions.ApiSteps.theApiIsAvailable()
08:53:27.306 &amp#27;[34mINFO &amp#27;[0;39m [&amp#27;[36mTestNG-PoolService-4&amp#27;[0;39m] &amp#27;[33mutils.ScreenshotUtils&amp#27;[0;39m - Screenshot saved → [/Users/jok208/selenium-hybrid-template/target/screenshots/Admin_user_exists_in_the_database_2026-03-25_08-53-27-292.png]
08:53:27.306 &amp#27;[34mINFO &amp#27;[0;39m [&amp#27;[36mTestNG-PoolService-5&amp#27;[0;39m] &amp#27;[33mutils.ScreenshotUtils&amp#27;[0;39m - Screenshot saved → [/Users/jok208/selenium-hybrid-template/target/screenshots/Admin_user_data_matches_expected_values_from_test_data_file_2026-03-25_08-53-27-292.png]
08:53:27.307 &amp#27;[34mINFO &amp#27;[0;39m [&amp#27;[36mTestNG-PoolService-3&amp#27;[0;39m] &amp#27;[33mstepdefinitions.ApiSteps&amp#27;[0;39m - GET /api/v1/health
08:53:27.307 &amp#27;[34mINFO &amp#27;[0;39m [&amp#27;[36mTestNG-PoolService-3&amp#27;[0;39m] &amp#27;[33mutils.ApiUtils&amp#27;[0;39m - GET → [/api/v1/health]
08:53:27.309 &amp#27;[34mINFO &amp#27;[0;39m [&amp#27;[36mTestNG-PoolService-1&amp#27;[0;39m] &amp#27;[33mstepdefinitions.ApiSteps&amp#27;[0;39m - POST /api/v1/auth/login
08:53:27.309 &amp#27;[34mINFO &amp#27;[0;39m [&amp#27;[36mTestNG-PoolService-1&amp#27;[0;39m] &amp#27;[33mutils.ApiUtils&amp#27;[0;39m - POST → [/api/v1/auth/login]
08:53:27.337 &amp#27;[34mINFO &amp#27;[0;39m [&amp#27;[36mTestNG-PoolService-2&amp#27;[0;39m] &amp#27;[33mutils.ApiUtils&amp#27;[0;39m - POST → [/api/v1/auth/login]

    Embedding Admin user exists in the database [image/png 7422 bytes]


    Embedding Admin user data matches expected values from test data file [image/png 7422 bytes]

08:53:28.118 &amp#27;[34mINFO &amp#27;[0;39m [&amp#27;[36mTestNG-PoolService-4&amp#27;[0;39m] &amp#27;[33mhooks.Hooks&amp#27;[0;39m - Screenshot attached to Cucumber report
08:53:28.118 &amp#27;[34mINFO &amp#27;[0;39m [&amp#27;[36mTestNG-PoolService-5&amp#27;[0;39m] &amp#27;[33mhooks.Hooks&amp#27;[0;39m - Screenshot attached to Cucumber report
Request method:	GET
Request URI:	https://api.dev.your-app.com/api/v1/health
Proxy:			<none>
Request params:	<none>
Query params:	<none>
Form params:	<none>
Path params:	<none>
Headers:		Accept=application/json
				Content-Type=application/json
Cookies:		<none>
Multiparts:		<none>
Body:			<none>
Request method:	POST
Request URI:	https://api.dev.your-app.com/api/v1/auth/login
Proxy:			<none>
Request params:	<none>
Query params:	<none>
Form params:	<none>
Path params:	<none>
Headers:		Accept=application/json
				Content-Type=application/json
Cookies:		<none>
Multiparts:		<none>
Body:
{
    "username": "admin@yourapp.com",
    "password": "Admin@123"
}
Request method:	POST
Request URI:	https://api.dev.your-app.com/api/v1/auth/login
Proxy:			<none>
Request params:	<none>
Query params:	<none>
Form params:	<none>
Path params:	<none>
Headers:		Accept=application/json
				Content-Type=application/json
Cookies:		<none>
Multiparts:		<none>
Body:
{
    "username": "admin@yourapp.com",
    "password": "Admin@123"
}
08:53:29.053 &amp#27;[34mINFO &amp#27;[0;39m [&amp#27;[36mTestNG-PoolService-5&amp#27;[0;39m] &amp#27;[33mutils.DriverManager&amp#27;[0;39m - WebDriver quit successfully for thread [TestNG-PoolService-5]
08:53:29.054 &amp#27;[1;31mERROR&amp#27;[0;39m [&amp#27;[36mTestNG-PoolService-5&amp#27;[0;39m] &amp#27;[33mScenario&amp#27;[0;39m - │  ✖ FAILED : Admin user data matches expected values from test data file
08:53:29.054 &amp#27;[34mINFO &amp#27;[0;39m [&amp#27;[36mTestNG-PoolService-5&amp#27;[0;39m] &amp#27;[33mScenario&amp#27;[0;39m - └─────────────────────────────────────────────────────
08:53:29.061 &amp#27;[34mINFO &amp#27;[0;39m [&amp#27;[36mTestNG-PoolService-4&amp#27;[0;39m] &amp#27;[33mutils.DriverManager&amp#27;[0;39m - WebDriver quit successfully for thread [TestNG-PoolService-4]
08:53:29.062 &amp#27;[1;31mERROR&amp#27;[0;39m [&amp#27;[36mTestNG-PoolService-4&amp#27;[0;39m] &amp#27;[33mScenario&amp#27;[0;39m - │  ✖ FAILED : Admin user exists in the database
08:53:29.062 &amp#27;[34mINFO &amp#27;[0;39m [&amp#27;[36mTestNG-PoolService-4&amp#27;[0;39m] &amp#27;[33mScenario&amp#27;[0;39m - └─────────────────────────────────────────────────────
]]></system-out>
    <system-err><![CDATA[Mar 25, 2026 8:53:25 AM org.openqa.selenium.devtools.CdpVersionFinder findNearestMatch
WARNING: Unable to find CDP implementation matching 146
Mar 25, 2026 8:53:25 AM org.openqa.selenium.devtools.CdpVersionFinder findNearestMatch
WARNING: Unable to find CDP implementation matching 146
Mar 25, 2026 8:53:25 AM org.openqa.selenium.devtools.CdpVersionFinder findNearestMatch
WARNING: Unable to find CDP implementation matching 146
Mar 25, 2026 8:53:25 AM org.openqa.selenium.devtools.CdpVersionFinder findNearestMatch
WARNING: Unable to find CDP implementation matching 146
Mar 25, 2026 8:53:25 AM org.openqa.selenium.devtools.CdpVersionFinder findNearestMatch
WARNING: Unable to find CDP implementation matching 146
Mar 25, 2026 8:53:25 AM org.openqa.selenium.devtools.CdpVersionFinder findNearestMatch
WARNING: Unable to find CDP implementation matching 146
Mar 25, 2026 8:53:25 AM org.openqa.selenium.devtools.CdpVersionFinder findNearestMatch
WARNING: Unable to find CDP implementation matching 146
Mar 25, 2026 8:53:25 AM org.openqa.selenium.chromium.ChromiumDriver lambda$new$5
WARNING: Unable to find version of CDP to use for 146.0.7680.164. You may need to include a dependency on a specific version of the CDP using something similar to `org.seleniumhq.selenium:selenium-devtools-v86:4.21.0` where the version ("v86") matches the version of the chromium-based browser you're using and the version number of the artifact is the same as Selenium's.
Mar 25, 2026 8:53:25 AM org.openqa.selenium.chromium.ChromiumDriver lambda$new$5
WARNING: Unable to find version of CDP to use for 146.0.7680.164. You may need to include a dependency on a specific version of the CDP using something similar to `org.seleniumhq.selenium:selenium-devtools-v86:4.21.0` where the version ("v86") matches the version of the chromium-based browser you're using and the version number of the artifact is the same as Selenium's.
Mar 25, 2026 8:53:25 AM org.openqa.selenium.chromium.ChromiumDriver lambda$new$5
WARNING: Unable to find version of CDP to use for 146.0.7680.164. You may need to include a dependency on a specific version of the CDP using something similar to `org.seleniumhq.selenium:selenium-devtools-v86:4.21.0` where the version ("v86") matches the version of the chromium-based browser you're using and the version number of the artifact is the same as Selenium's.
Mar 25, 2026 8:53:25 AM org.openqa.selenium.chromium.ChromiumDriver lambda$new$5
WARNING: Unable to find version of CDP to use for 146.0.7680.164. You may need to include a dependency on a specific version of the CDP using something similar to `org.seleniumhq.selenium:selenium-devtools-v86:4.21.0` where the version ("v86") matches the version of the chromium-based browser you're using and the version number of the artifact is the same as Selenium's.
Mar 25, 2026 8:53:25 AM org.openqa.selenium.chromium.ChromiumDriver lambda$new$5
WARNING: Unable to find version of CDP to use for 146.0.7680.164. You may need to include a dependency on a specific version of the CDP using something similar to `org.seleniumhq.selenium:selenium-devtools-v86:4.21.0` where the version ("v86") matches the version of the chromium-based browser you're using and the version number of the artifact is the same as Selenium's.
Mar 25, 2026 8:53:25 AM org.openqa.selenium.chromium.ChromiumDriver lambda$new$5
WARNING: Unable to find version of CDP to use for 146.0.7680.164. You may need to include a dependency on a specific version of the CDP using something similar to `org.seleniumhq.selenium:selenium-devtools-v86:4.21.0` where the version ("v86") matches the version of the chromium-based browser you're using and the version number of the artifact is the same as Selenium's.
Mar 25, 2026 8:53:25 AM org.openqa.selenium.chromium.ChromiumDriver lambda$new$5
WARNING: Unable to find version of CDP to use for 146.0.7680.164. You may need to include a dependency on a specific version of the CDP using something similar to `org.seleniumhq.selenium:selenium-devtools-v86:4.21.0` where the version ("v86") matches the version of the chromium-based browser you're using and the version number of the artifact is the same as Selenium's.
Mar 25, 2026 8:53:25 AM org.openqa.selenium.devtools.CdpVersionFinder findNearestMatch
WARNING: Unable to find CDP implementation matching 146
Mar 25, 2026 8:53:25 AM org.openqa.selenium.chromium.ChromiumDriver lambda$new$5
WARNING: Unable to find version of CDP to use for 146.0.7680.164. You may need to include a dependency on a specific version of the CDP using something similar to `org.seleniumhq.selenium:selenium-devtools-v86:4.21.0` where the version ("v86") matches the version of the chromium-based browser you're using and the version number of the artifact is the same as Selenium's.
Mar 25, 2026 8:53:25 AM org.openqa.selenium.devtools.CdpVersionFinder findNearestMatch
WARNING: Unable to find CDP implementation matching 146
Mar 25, 2026 8:53:25 AM org.openqa.selenium.chromium.ChromiumDriver lambda$new$5
WARNING: Unable to find version of CDP to use for 146.0.7680.164. You may need to include a dependency on a specific version of the CDP using something similar to `org.seleniumhq.selenium:selenium-devtools-v86:4.21.0` where the version ("v86") matches the version of the chromium-based browser you're using and the version number of the artifact is the same as Selenium's.
Mar 25, 2026 8:53:26 AM io.opentelemetry.api.GlobalOpenTelemetry maybeAutoConfigureAndSetGlobal
INFO: AutoConfiguredOpenTelemetrySdk found on classpath but automatic configuration is disabled. To enable, run your JVM with -Dotel.java.global-autoconfigure.enabled=true
]]></system-err>
  </testcase>
  <testcase name="runScenario[&quot;Admin user exists in the database&quot;, &quot;Database Validation&quot;](2)" classname="runners.SmokeTestRunner" time="19.555">
    <failure message="Failed to connect to DB: [jdbc:mysql://localhost:3306/your_dev_db]&#10;Error: Access denied for user &apos;dev_user&apos;@&apos;localhost&apos; (using password: YES)" type="java.lang.RuntimeException"><![CDATA[java.lang.RuntimeException: 
Failed to connect to DB: [jdbc:mysql://localhost:3306/your_dev_db]
Error: Access denied for user 'dev_user'@'localhost' (using password: YES)
	at utils.DBUtils.createConnection(DBUtils.java:466)
	at utils.DBUtils.getConnection(DBUtils.java:103)
	at hooks.Hooks.beforeDbScenario(Hooks.java:144)
Caused by: java.sql.SQLException: Access denied for user 'dev_user'@'localhost' (using password: YES)
	at com.mysql.cj.jdbc.exceptions.SQLError.createSQLException(SQLError.java:121)
	at com.mysql.cj.jdbc.exceptions.SQLExceptionsMapping.translateException(SQLExceptionsMapping.java:113)
	at com.mysql.cj.jdbc.ConnectionImpl.createNewIO(ConnectionImpl.java:861)
	at com.mysql.cj.jdbc.ConnectionImpl.<init>(ConnectionImpl.java:449)
	at com.mysql.cj.jdbc.ConnectionImpl.getInstance(ConnectionImpl.java:234)
	at com.mysql.cj.jdbc.NonRegisteringDriver.connect(NonRegisteringDriver.java:180)
	at java.sql/java.sql.DriverManager.getConnection(DriverManager.java:613)
	at java.sql/java.sql.DriverManager.getConnection(DriverManager.java:199)
	at utils.DBUtils.createConnection(DBUtils.java:451)
	at utils.DBUtils.getConnection(DBUtils.java:103)
	at hooks.Hooks.beforeDbScenario(Hooks.java:144)
	at java.base/jdk.internal.reflect.DirectMethodHandleAccessor.invoke(DirectMethodHandleAccessor.java:104)
	at java.base/java.lang.reflect.Method.invoke(Method.java:565)
	at io.cucumber.java.Invoker.doInvoke(Invoker.java:66)
	at io.cucumber.java.Invoker.invoke(Invoker.java:24)
	at io.cucumber.java.AbstractGlueDefinition.invokeMethod(AbstractGlueDefinition.java:47)
	at io.cucumber.java.JavaHookDefinition.execute(JavaHookDefinition.java:64)
	at io.cucumber.core.runner.CoreHookDefinition.execute(CoreHookDefinition.java:46)
	at io.cucumber.core.runner.HookDefinitionMatch.runStep(HookDefinitionMatch.java:21)
	at io.cucumber.core.runner.ExecutionMode$1.execute(ExecutionMode.java:10)
	at io.cucumber.core.runner.TestStep.executeStep(TestStep.java:81)
	at io.cucumber.core.runner.TestStep.run(TestStep.java:53)
	at io.cucumber.core.runner.TestCase.run(TestCase.java:78)
	at io.cucumber.core.runner.Runner.runPickle(Runner.java:75)
	at io.cucumber.testng.TestNGCucumberRunner.lambda$runScenario$1(TestNGCucumberRunner.java:132)
	at io.cucumber.core.runtime.CucumberExecutionContext.lambda$runTestCase$5(CucumberExecutionContext.java:136)
	at io.cucumber.core.runtime.RethrowingThrowableCollector.executeAndThrow(RethrowingThrowableCollector.java:23)
	at io.cucumber.core.runtime.CucumberExecutionContext.runTestCase(CucumberExecutionContext.java:136)
	at io.cucumber.testng.TestNGCucumberRunner.runScenario(TestNGCucumberRunner.java:129)
	at io.cucumber.testng.AbstractTestNGCucumberTests.runScenario(AbstractTestNGCucumberTests.java:35)
	at java.base/jdk.internal.reflect.DirectMethodHandleAccessor.invoke(DirectMethodHandleAccessor.java:104)
	at java.base/java.lang.reflect.Method.invoke(Method.java:565)
	at org.testng.internal.invokers.MethodInvocationHelper.invokeMethod(MethodInvocationHelper.java:141)
	at org.testng.internal.invokers.TestInvoker.invokeMethod(TestInvoker.java:686)
	at org.testng.internal.invokers.TestInvoker.invokeTestMethod(TestInvoker.java:230)
	at org.testng.internal.invokers.TestMethodWithDataProviderMethodWorker.call(TestMethodWithDataProviderMethodWorker.java:81)
	at org.testng.internal.thread.Async$AsyncTask.run(Async.java:34)
	at java.base/java.util.concurrent.ThreadPoolExecutor.runWorker(ThreadPoolExecutor.java:1090)
	at java.base/java.util.concurrent.ThreadPoolExecutor$Worker.run(ThreadPoolExecutor.java:614)
	at java.base/java.lang.Thread.run(Thread.java:1474)
]]></failure>
  </testcase>
  <testcase name="runScenario[&quot;GET users returns 200 with data array&quot;, &quot;REST API&quot;](3)" classname="runners.SmokeTestRunner" time="22.148">
    <failure message="Expected HTTP status [200] but received [404] expected [200] but found [404]" type="java.lang.AssertionError"><![CDATA[java.lang.AssertionError: Expected HTTP status [200] but received [404] expected [200] but found [404]
	at org.testng.Assert.fail(Assert.java:111)
	at org.testng.Assert.failNotEquals(Assert.java:1578)
	at org.testng.Assert.assertEqualsImpl(Assert.java:150)
	at org.testng.Assert.assertEquals(Assert.java:132)
	at org.testng.Assert.assertEquals(Assert.java:1419)
	at org.testng.Assert.assertEquals(Assert.java:1383)
	at utils.CustomAssert.assertStatusCode(CustomAssert.java:354)
	at utils.ResponseValidator.assertStatusCode(ResponseValidator.java:93)
	at stepdefinitions.ApiSteps.iAmAuthenticatedAs(ApiSteps.java:61)
	at ✽.I am authenticated as "admin"(file:///Users/jok208/selenium-hybrid-template/src/test/resources/features/api.feature:70)
]]></failure>
    <system-out><![CDATA[HTTP/1.1 404 Not Found
Content-Type: text/html; charset=utf-8
Date: Wed, 25 Mar 2026 12:53:28 GMT
Server: Kestrel
Transfer-Encoding: chunked

<html>
  <head>
    <title>Not Found</title>
  </head>
  <body>404; Not Found</body>
</html>
HTTP/1.1 404 Not Found
Content-Type: text/html; charset=utf-8
Date: Wed, 25 Mar 2026 12:53:28 GMT
Server: Kestrel
Transfer-Encoding: chunked

<html>
  <head>
    <title>Not Found</title>
  </head>
  <body>404; Not Found</body>
</html>
  When I send a POST request to "/api/v1/auth/login" with body: # stepdefinitions.ApiSteps.iSendAPostRequestToWithBody(java.lang.String,java.lang.String)
08:53:29.162 &amp#27;[34mINFO &amp#27;[0;39m [&amp#27;[36mTestNG-PoolService-2&amp#27;[0;39m] &amp#27;[33mutils.ResponseValidator&amp#27;[0;39m - Asserting status code → Expected: [200] Actual: [404]
08:53:29.163 &amp#27;[1;31mERROR&amp#27;[0;39m [&amp#27;[36mTestNG-PoolService-2&amp#27;[0;39m] &amp#27;[33mutils.ResponseValidator&amp#27;[0;39m - Status code mismatch. Expected [200] but got [404]. Body: <html><head><title>Not Found</title></head><body>404; Not Found</body></html>
08:53:29.163 &amp#27;[34mINFO &amp#27;[0;39m [&amp#27;[36mTestNG-PoolService-1&amp#27;[0;39m] &amp#27;[33mutils.ResponseValidator&amp#27;[0;39m - Asserting status code → Expected: [200] Actual: [404]
08:53:29.164 &amp#27;[1;31mERROR&amp#27;[0;39m [&amp#27;[36mTestNG-PoolService-1&amp#27;[0;39m] &amp#27;[33mutils.ResponseValidator&amp#27;[0;39m - Status code mismatch. Expected [200] but got [404]. Body: <html><head><title>Not Found</title></head><body>404; Not Found</body></html>
08:53:29.168 &amp#27;[1;31mERROR&amp#27;[0;39m [&amp#27;[36mTestNG-PoolService-2&amp#27;[0;39m] &amp#27;[33mutils.CustomAssert&amp#27;[0;39m - ✖ FAIL | assertStatusCode | HTTP Status Code | Expected [200] but was [404]
08:53:29.168 &amp#27;[1;31mERROR&amp#27;[0;39m [&amp#27;[36mTestNG-PoolService-1&amp#27;[0;39m] &amp#27;[33mutils.CustomAssert&amp#27;[0;39m - ✖ FAIL | assertStatusCode | HTTP Status Code | Expected [200] but was [404]
  Then the response status should be 200                        # stepdefinitions.ApiSteps.theResponseStatusShouldBe(int)
      java.lang.AssertionError: Expected HTTP status [200] but received [404] expected [200] but found [404]
	at org.testng.Assert.fail(Assert.java:111)
	at org.testng.Assert.failNotEquals(Assert.java:1578)
	at org.testng.Assert.assertEqualsImpl(Assert.java:150)
	at org.testng.Assert.assertEquals(Assert.java:132)
	at org.testng.Assert.assertEquals(Assert.java:1419)
	at org.testng.Assert.assertEquals(Assert.java:1383)
	at utils.CustomAssert.assertStatusCode(CustomAssert.java:354)
	at utils.ResponseValidator.assertStatusCode(ResponseValidator.java:93)
	at stepdefinitions.ApiSteps.theResponseStatusShouldBe(ApiSteps.java:136)
	at ✽.the response status should be 200(file:///Users/jok208/selenium-hybrid-template/src/test/resources/features/api.feature:43)

  Given I am authenticated as "admin"                         # stepdefinitions.ApiSteps.iAmAuthenticatedAs(java.lang.String)
      java.lang.AssertionError: Expected HTTP status [200] but received [404] expected [200] but found [404]
	at org.testng.Assert.fail(Assert.java:111)
	at org.testng.Assert.failNotEquals(Assert.java:1578)
	at org.testng.Assert.assertEqualsImpl(Assert.java:150)
	at org.testng.Assert.assertEquals(Assert.java:132)
	at org.testng.Assert.assertEquals(Assert.java:1419)
	at org.testng.Assert.assertEquals(Assert.java:1383)
	at utils.CustomAssert.assertStatusCode(CustomAssert.java:354)
	at utils.ResponseValidator.assertStatusCode(ResponseValidator.java:93)
	at stepdefinitions.ApiSteps.iAmAuthenticatedAs(ApiSteps.java:61)
	at ✽.I am authenticated as "admin"(file:///Users/jok208/selenium-hybrid-template/src/test/resources/features/api.feature:70)

HTTP/1.1 200 OK
Date: Wed, 25 Mar 2026 12:53:29 GMT
Content-Type: text/html; charset=utf-8
Transfer-Encoding: chunked
Connection: keep-alive
cache-control: private
Report-To: {"group":"cf-nel","max_age":604800,"endpoints":[{"url":"https://a.nel.cloudflare.com/report/v4?s=chhz686w%2B3OPZpORLAFXD5vgzp9vT8mHywhCo%2BS5PJS3RqgQcscq4u5dNtjurAagcjT2HLbRsOBI76Gr9cPe6bw7axfaOsfBpeEoEcuwnY7qoQ%3D%3D"}]}
vary: Accept-Encoding
set-cookie: site_version_phase=108; expires=Sat, 20-Mar-2027 12:53:28 GMT; path=/
set-cookie: site_version=HDv3; expires=Sat, 20-Mar-2027 12:53:28 GMT; path=/
x-powered-by: ASP.NET
lb: TclPrdLbHdZ1
cf-cache-status: DYNAMIC
Nel: {"report_to":"cf-nel","success_fraction":0.0,"max_age":604800}
content-encoding: gzip
Server: cloudflare
CF-RAY: 9e1e0f08aa2f9621-IAD

<html lang="en">
  <head>
    <script id="cookieyes" type="text/javascript" src="https://cdn-cookieyes.com/client_data/e71bc53f1cb88666d160c1e2/script.js"/>
    <meta http-equiv="Content-Type" content="text/html; charset=UTF-8"/>
    <meta name="viewport" content="width=device-width, initial-scale=1, shrink-to-fit=no"/>
    <link rel="preconnect" href="https://www.google.com"/>
    <link rel="preconnect" href="https://www.gstatic.com" crossorigin="crossorigin"/>
    <link rel="stylesheet" href="https://cdn.jsdelivr.net/gh/fancyapps/fancybox@3.5.7/dist/jquery.fancybox.min.css"/>
    <link rel="stylesheet" href="https://static.hugedomains.com/css/hdv3-css/reboot.min.css"/>
    <link rel="stylesheet" href="https://static.hugedomains.com/css/hdv3-css/style.css?aa=2021-06-09a"/>
    <link rel="stylesheet" href="https://static.hugedomains.com/css/hdv3-css/responsive.css?aa=2021-06-09a"/>
    <link rel="stylesheet" href="https://static.hugedomains.com/css/hdv3-css/hd-style.css?aa=2022-10-33"/>
    <link rel="stylesheet" href="https://static.hugedomains.com/css/hdv3-css/hd-style-print.css"/>
    <meta name="theme-color" content="#4e73b7"/>
    <meta property="og:site_name" content="HugeDomains"/>
    <meta property="og:type" content="website"/>
    <meta property="og:image" content="https://static.hugedomains.com/images/hdv3-img/og_hugedomains.png"/>
    <title>Your-App.com is for sale | HugeDomains</title>
    <meta property="og:title" content="Your-App.com is for sale | HugeDomains"/>
    <meta property="og:url" content="https://www.hugeDomains.com/domain_profile.cfm?d=Your-App.com"/>
    <link rel="canonical" href="https://www.hugeDomains.com/domain_profile.cfm?d=Your-App.com"/>
    <meta property="og:description" content="Friendly and helpful customer support that goes above and beyond. We help you get the perfect domain name."/>
    <meta name="description" content="Friendly and helpful customer support that goes above and beyond. We help you get the perfect domain name."/>
    <link rel="stylesheet" href="https://fonts.googleapis.com/css?family=Noto+Sans:400,700&amp;display=swap"/>
    <link rel="stylesheet" href="https://use.typekit.net/zyw6mds.css"/>
    <script async="async" src="https://www.googletagmanager.com/gtag/js?id=UA-7117339-4"/>
    <script>
window.dataLayer = window.dataLayer || [];
function gtag(){dataLayer.push(arguments);}
gtag('js', new Date());
/* gtag('config', 'UA-7117339-4'); */
gtag('config', 'UA-7117339-4', {
'custom_map': {
'dimension3': 'siteversion'
}
});
gtag('event', 'pageLoad', { 'siteversion': 'HDv3' });
</script>
  </head>
  <body>
    <a shape="rect" class="skip-main" href="#main">Skip to main content</a>
    <header id="header" class="hdv3HeaderDarkBlue noBottomBorderPrint">
      <div class="js-overlay-modal overlay-modal"/>
      <div class="container">
        <div class="header-top d-flex ai-center">
          <div class="navBurger" id="navToggle" role="button" aria-label="Navigation Toggle"/>
          <a shape="rect" class="logo" href="https://www.hugeDomains.com/index.cfm">
            <img class="img-fluid" src="https://static.hugedomains.com/images/hdv3-img/hd-header-logo-v3.svg" alt="logo"/>
          </a>
          <div class="d-flex ai-center jc-end">
            <div class="search-trigger">
              <a shape="rect" class="header-tel headerMobileSearchPhone" href="tel:1-303-893-0552" aria-label="HugeDomains Phone Number">
                <img src="https://static.hugedomains.com/images/hdv3-img/phone-icon-white.png" alt="" border="0"/>
              </a>
              <input tabindex="0" type="image" class="headerSearchMagInputImg" src="https://static.hugedomains.com/images/hdv3-img/search-icon-white.png" alt="Header Mobile Search" border="0" onclick="headerMobileSearchMagFunc(); return false;"/>
            </div>
            <div class="search-box" id="hdv3HeaderSearchBoxDivID">
              <form enctype="application/x-www-form-urlencoded" method="get" class="search-form" id="siteHeaderFormSearchID" action="https://www.hugeDomains.com/domain_search.cfm">
                <input type="text" class="search-input" id="hdv3HeaderSearchTextID" name="domain_name" value="" aria-label="Header Domain Search"/>
                <button type="submit" class="search-btn" id="hdv3HeaderSearchButtonID" value="" onclick="hdv3HeaderSearchSubmitFunc(); return false; " style="min-width:90px; height:35px;">Search</button>
                <button type="button" class="search-btn btn hiddenAtLoad width50" id="hdv3HeaderSearchProcessingID" value="" onclick="return false;" style=" height:35px; min-width:90px; width:90px; padding-left:0px; padding-right:0px; padding-bottom:0px; padding-top:0px; margin-bottom:0px; overflow:hidden;">
                  <div class="circularJ circularBlackJ" style="margin-left:0px; margin-right:0px; margin-top:2px; display:inline-block;">
                    <div class="circularJ_1"/>
                    <div class="circularJ_2"/>
                    <div class="circularJ_3"/>
                    <div class="circularJ_4"/>
                    <div class="circularJ_5"/>
                    <div class="circularJ_6"/>
                    <div class="circularJ_7"/>
                    <div class="circularJ_8"/>
                  </div>
                </button>
              </form>
            </div>
            <a shape="rect" class="header-tel hideAt991Width" href="tel:1-303-893-0552" aria-label="HugeDomains Phone Number">
              <img src="https://static.hugedomains.com/images/hdv3-img/phone-icon.png" alt=""/>
              <span class="tell-text">+1-303-893-0552</span>
            </a>
          </div>
        </div>
      </div>
      <nav class="navbar hQQQideAt991Width">
        <div class="overDrawerLay" onclick=" $( '#navToggle' ).click(); "/>
        <div class="overlay">
          <div class="overlayMenu d-flex ai-center jc-between">
            <ul class="navbar-nav">
              <li class="nav-item">
                <a shape="rect" class="nav-link" href="https://www.hugeDomains.com/index.cfm">Home</a>
              </li>
              <li class="nav-item">
                <a shape="rect" class="nav-link" href="https://www.hugeDomains.com/faq.cfm">FAQs</a>
              </li>
              <li class="nav-item">
                <a shape="rect" class="nav-link" href="https://www.hugeDomains.com/about.cfm">About us</a>
              </li>
              <li class="nav-item">
                <a shape="rect" class="nav-link" href="https://www.hugeDomains.com/contact.cfm">Contact us</a>
              </li>
              <li class="nav-item">
                <a shape="rect" class="nav-link" href="https://www.hugeDomains.com/payment-plan-login.cfm">My account</a>
              </li>
            </ul>
            <div class="shop-links">
              <div class="cart-icon favorit-ico" style="padding-top:0px;">
                <a shape="rect" class="whiteLink" id="hdv3HeaderFavIconLinkID" href="https://www.hugeDomains.com/my-favorites.cfm" aria-label="My favorites">
                  <span class="mobile-show">My favorites</span>
                  <img src="https://static.hugedomains.com/images/hdv3-img/favorite-header.png" alt=""/>
                  <span class="cart-number hiddenAtLoad" id="hdv3FavNumberSpanID"/>
                </a>
              </div>
              <div class="cart-icon" style="padding-top:0px;">
                <a shape="rect" class="whiteLink" id="hdv3HeaderShoppingCartLinkID" href="https://www.hugeDomains.com/shopping_cart.cfm" aria-label="Shopping Cart">
                  <span class="mobile-show">Shopping cart</span>
                  <img src="https://static.hugedomains.com/images/hdv3-img/cart.png" alt=""/>
                  <span class="cart-number hiddenAtLoad" id="hdv3CartNumberSpanID"/>
                </a>
              </div>
            </div>
          </div>
        </div>
      </nav>
    </header>
    <main class="site-main ">
      <div class="product-fav-wrapp container">
        <div class="side-wrapp dn-mobile">
          <div class="slide-sidebar-block">
            <div class="ss-block-inner">
              <div class="ss-block-inner-new">
                <span class="ss-block-title green">Your-App.com</span>
                <span class="row-save ss-bn">
                  <span>Buy now:</span>
                  <span class="big-text green">$1,595</span>
                </span>
                <a shape="rect" class="btn m-b-0 m-t-0" id="hdv3Billboard197BuyID" href="https://www.hugeDomains.com/shopping_cart.cfm?d=Your-App&amp;e=com" onclick="$('#hdv3Billboard197BuyID').addClass('hiddenAtLoad'); $('#hdv3Billboard197BuyProceID').removeClass('hiddenAtLoad'); landerFuncA5D81EA57EB7465AB54D1288CE7B22F1Func(); return false;" style="height:50px; padding-right:30px;">▸ Buy now</a>
                <button type="button" class="place-order-btn paymentpay-accaunt-content-btn btn hiddenAtLoad" id="hdv3Billboard197BuyProceID" value="" onclick="return false;" style="height:50px; margin-left:0px; min-width:273px; margin-top:0px; margin-bottom:0px; display:flex;">
Processing
                  <div class="circularJ">
                    <div class="circularJ_1"/>
                    <div class="circularJ_2"/>
                    <div class="circularJ_3"/>
                    <div class="circularJ_4"/>
                    <div class="circularJ_5"/>
                    <div class="circularJ_6"/>
                    <div class="circularJ_7"/>
                    <div class="circularJ_8"/>
                  </div>
                </button>
                <span class="or">or</span>
                <a shape="rect" class="btn m-t-0" id="hdv3Billboard197PPID" href="https://www.hugeDomains.com/payment-plan-setup.cfm?d=Your-App.com" onclick="$('#hdv3Billboard197PPID').addClass('hiddenAtLoad'); $('#hdv3Billboard197PPProceID').removeClass('hiddenAtLoad');" style="height:50px; padding-right:30px;">▸ Start payment plan</a>
                <button type="button" class="place-order-btn paymentpay-accaunt-content-btn btn hiddenAtLoad" id="hdv3Billboard197PPProceID" value="" onclick="return false;" style="height:50px; margin-left:0px; min-width:273px; margin-top:0px; margin-bottom:25px; display:flex;">
Processing
                  <div class="circularJ">
                    <div class="circularJ_1"/>
                    <div class="circularJ_2"/>
                    <div class="circularJ_3"/>
                    <div class="circularJ_4"/>
                    <div class="circularJ_5"/>
                    <div class="circularJ_6"/>
                    <div class="circularJ_7"/>
                    <div class="circularJ_8"/>
                  </div>
                </button>
                <span class="ssblock-footer">Only $66.46/mo. for 24 months</span>
                <a shape="rect" class="link dif-l" href="https://www.hugeDomains.com/payment-plan-setup.cfm?d=Your-App.com">See details</a>
              </div>
              <div class="crediti">
                <ul>
                  <li>
                    <div class="img">
                      <img src="https://static.hugedomains.com/images/hdv3-img/30daysmallico.png" alt=""/>
                    </div>
                    <div class="content">
                      <span>30-day money back guarantee</span>
                    </div>
                  </li>
                  <li>
                    <div class="img">
                      <img src="https://static.hugedomains.com/images/hdv3-img/roket-side-ico.png" alt=""/>
                    </div>
                    <div class="content">
                      <span>Take immediate ownership</span>
                    </div>
                  </li>
                  <li>
                    <div class="img">
                      <img src="https://static.hugedomains.com/images/hdv3-img/safesmallico.png" alt=""/>
                    </div>
                    <div class="content">
                      <span>Safe and secure shopping</span>
                    </div>
                  </li>
                </ul>
              </div>
            </div>
          </div>
        </div>
        <form enctype="application/x-www-form-urlencoded" method="post" id="landerFormA5D81EA57EB7465AB54D1288CE7B22F1ID" action="https://www.hugeDomains.com/shopping_cart.cfm?d=Your-App.com">
          <input type="hidden" id="landerFormA5D81EA57EB7465AB54D1288CE7B22F1CheckID" name="cartCheck" value="0"/>
        </form>
        <script>
function landerFuncA5D81EA57EB7465AB54D1288CE7B22F1Func() {
document.getElementById('landerFormA5D81EA57EB7465AB54D1288CE7B22F1CheckID').value = 42;
document.getElementById('landerFormA5D81EA57EB7465AB54D1288CE7B22F1ID').submit();
}
</script>
        <div class="content-wrapp">
          <section class="buy-now single-product top-container-new-product">
            <div class="container">
              <div class="single-product-block">
                <div class="bn-block">
                  <h1 class="domain-name" id="main">Your-App.com</h1>
                  <p class="d-t-n">
This domain is for sale:                     <span class="green">$1,595</span>
                  </p>
                </div>
                <div class="tablet-block-s">
                  <p class="text-center">
Buy now for                     <span class="green">$1,595</span>
 or pay                     <span class="green">$66.46</span>
 per month for 24 months                  </p>
                  <div class="tablet-block-row">
                    <div class="tablet-block-left">
                      <a shape="rect" class="btn" id="hdv3Billboard197BuyTabID" href="https://www.hugeDomains.com/shopping_cart.cfm?d=Your-App&amp;e=com" style="padding-right:30px; width:170px; min-width:170px; margin-top:10px; " onclick="$('#hdv3Billboard197BuyTabID').addClass('hiddenAtLoad'); $('#hdv3Billboard197BuyTabProceID').removeClass('hiddenAtLoad'); landerFuncA5D81EA57EB7465AB54D1288CE7B22F1Func(); return false;">▸ Buy now</a>
                      <button type="button" class="place-order-btn paymentpay-accaunt-content-btn btn hiddenAtLoad" id="hdv3Billboard197BuyTabProceID" value="" onclick="return false;" style="height:50px; margin-left:0px; min-width:170px; margin-top:10px; margin-bottom:25px; display:flex;">
Processing
                        <div class="circularJ">
                          <div class="circularJ_1"/>
                          <div class="circularJ_2"/>
                          <div class="circularJ_3"/>
                          <div class="circularJ_4"/>
                          <div class="circularJ_5"/>
                          <div class="circularJ_6"/>
                          <div class="circularJ_7"/>
                          <div class="circularJ_8"/>
                        </div>
                      </button>
                    </div>
                    <div class="tablet-block-midle" style="padding-bottom:25px;">
                      <span style="font-size:16px;">or</span>
                    </div>
                    <div class="tablet-block-right">
                      <a shape="rect" class="btn" id="hdv3Billboard197BuyTabPPID" href="https://www.hugeDomains.com/payment-plan-setup.cfm?d=Your-App.com" style="padding-right:30px; width:247px; min-width:247px; margin-top:10px; " onclick="$('#hdv3Billboard197BuyTabPPID').addClass('hiddenAtLoad'); $('#hdv3Billboard197BuyTabPPProceID').removeClass('hiddenAtLoad');">▸ Start payment plan</a>
                      <button type="button" class="place-order-btn paymentpay-accaunt-content-btn btn hiddenAtLoad" id="hdv3Billboard197BuyTabPPProceID" value="" onclick="return false;" style="height:50px; margin-left:0px; min-width:247px; margin-top:10px; margin-bottom:25px; display:flex;">
Processing
                        <div class="circularJ">
                          <div class="circularJ_1"/>
                          <div class="circularJ_2"/>
                          <div class="circularJ_3"/>
                          <div class="circularJ_4"/>
                          <div class="circularJ_5"/>
                          <div class="circularJ_6"/>
                          <div class="circularJ_7"/>
                          <div class="circularJ_8"/>
                        </div>
                      </button>
                    </div>
                  </div>
                  <div class="tablet-block-footer hdv3Product3b196TabletPPOneLine" id="" style="">
                    <p>
                      <span>Make 24 monthly payments</span>
                      <span>Pay 0% interest</span>
                      <span>
Start using the domain today.                         <a shape="rect" class="blueLink linkUnderlineHover" href="https://www.hugeDomains.com/payment-plan-setup.cfm?d=Your-App.com">See details</a>
                      </span>
                    </p>
                  </div>
                  <div class="tablet-block-footer hdv3Product3b196TabletPPTwoLine" style="margin-top:0px;">
                    <p>
                      <span>Make 24 monthly payments</span>
                      <span>Pay 0% interest</span>
                    </p>
                    <p>
                      <span>
Start using the domain today.                         <a shape="rect" class="blueLink linkUnderlineHover" href="https://www.hugeDomains.com/payment-plan-setup.cfm?d=Your-App.com">See details</a>
                      </span>
                    </p>
                  </div>
                </div>
                <div class="moble-block leftRightMargin20Mobile560">
                  <p class="text-center" style="margin-bottom:0px;">
This domain is for sale:                     <span class="green">$1,595</span>
                  </p>
                  <div class="ss-block-inner-new bb-none">
                    <a shape="rect" class="btn m-b-0 m-t-0" id="hdv3Billboard197BuyMobileID" href="https://www.hugeDomains.com/shopping_cart.cfm?d=Your-App&amp;e=com" onclick="$('#hdv3Billboard197BuyMobileID').addClass('hiddenAtLoad'); $('#hdv3Billboard197BuyMobileProceID').removeClass('hiddenAtLoad'); landerFuncA5D81EA57EB7465AB54D1288CE7B22F1Func(); return false;" style="height:50px; padding-right:30px;">▸ Buy now</a>
                    <button type="button" class="place-order-btn paymentpay-accaunt-content-btn btn hiddenAtLoad" id="hdv3Billboard197BuyMobileProceID" value="" onclick="return false;" style="height:50px; margin-left:0px; min-width:170px; margin-top:0px; margin-bottom:0px; display:flex;">
                      <span style="font-size:20px;">Processing</span>
                      <div class="circularJ">
                        <div class="circularJ_1"/>
                        <div class="circularJ_2"/>
                        <div class="circularJ_3"/>
                        <div class="circularJ_4"/>
                        <div class="circularJ_5"/>
                        <div class="circularJ_6"/>
                        <div class="circularJ_7"/>
                        <div class="circularJ_8"/>
                      </div>
                    </button>
                    <span class="or" style="text-align:center;">or</span>
                    <a shape="rect" class="btn m-t-0" id="hdv3Billboard197BuyMobilePPID" href="https://www.hugeDomains.com/payment-plan-setup.cfm?d=Your-App.com" onclick="$('#hdv3Billboard197BuyMobilePPID').addClass('hiddenAtLoad'); $('#hdv3Billboard197BuyMobilePPProceID').removeClass('hiddenAtLoad');" style="height:50px; padding-right:30px;">▸ Start payment plan</a>
                    <button type="button" class="place-order-btn paymentpay-accaunt-content-btn btn hiddenAtLoad" id="hdv3Billboard197BuyMobilePPProceID" value="" onclick="return false;" style="height:50px; margin-left:0px; min-width:247px; margin-top:0px; margin-bottom:25px; display:flex;">
                      <span style="font-size:20px;">Processing</span>
                      <div class="circularJ">
                        <div class="circularJ_1"/>
                        <div class="circularJ_2"/>
                        <div class="circularJ_3"/>
                        <div class="circularJ_4"/>
                        <div class="circularJ_5"/>
                        <div class="circularJ_6"/>
                        <div class="circularJ_7"/>
                        <div class="circularJ_8"/>
                      </div>
                    </button>
                    <span class="ssblock-footer">Only $66.46/mo. for 24 months</span>
                    <a shape="rect" class="link dif-l" href="https://www.hugeDomains.com/payment-plan-setup.cfm?d=Your-App.com">See details</a>
                  </div>
                </div>
                <div class="full-width-favorite favorite-left-side">
                  <div class="favorite-check-wrap topBottomMargin4Mobile560">
                    <label for="hdv3ProductFavoriteHeartID">
                      <input type="checkbox" id="hdv3ProductFavoriteHeartID" onchange="favoriteProductBarFirstFunc('Your-App.com');"/>
                      <span>
Favorite                         <span class="hiddenAtLoad" id="hdv3ProductHurrySpanID"/>
                      </span>
                    </label>
                  </div>
                </div>
                <div class="leftRightMargin20Mobile560 borderTopGreyBar560 marginTop15px560" style=""/>
                <div class="top-bottom-bordered-block noBorderTop560 noMarginTop560">
                  <span>
Questions? Talk to a domain expert:                     <a shape="rect" class="link" href="tel:1-303-893-0552">1‑303‑893‑0552</a>
                  </span>
                </div>
              </div>
            </div>
          </section>
          <div class="crediti tablet-block hdv3pitch noMobileLeftRightBorder560 leftRightPadding20Mobile560">
            <ul>
              <li>
                <div class="img">
                  <img src="https://static.hugedomains.com/images/hdv3-img/zero-side-ico.png" alt=""/>
                </div>
                <div class="content">
                  <span>Enjoy zero percent financing</span>
                </div>
              </li>
              <li>
                <div class="img">
                  <img src="https://static.hugedomains.com/images/hdv3-img/roket-side-ico.png" alt=""/>
                </div>
                <div class="content">
                  <span>Quick delivery of the domain</span>
                </div>
              </li>
              <li>
                <div class="img">
                  <img src="https://static.hugedomains.com/images/hdv3-img/safesmallico.png" alt=""/>
                </div>
                <div class="content">
                  <span>Safe and secure shopping</span>
                </div>
              </li>
            </ul>
          </div>
          <section class="testimonails single-product hdv3pitch leftRightPadding20Mobile991 leftRightPadding20Mobile560 leftRightPaddingImp20Mobile991 " style="border-bottom:0px; ">
            <div class="testimonails-wrap container">
              <div class="single-product-block">
                <h2>Since 2005, we've helped thousands of people get the perfect domain name</h2>
                <div class="testimonials-container">
                  <div class="testimonials-item">
                    <div class="testimonials-item_image">
                      <div class="img-placeholder darkblue" style="background-color:#9085ff;">G</div>
                    </div>
                    <div class="testimonials-item_content bb-quotes-content">
                      <p class="feedback">I have been wanting this site for so long and it was EZ Breazy with HugeDomains.</p>
                      <span class="feedback-owner">- Gregory Hardy, February 18, 2026</span>
                    </div>
                  </div>
                  <div class="testimonials-item">
                    <div class="testimonials-item_image">
                      <div class="img-placeholder darkblue" style="background-color:#0047af;">D</div>
                    </div>
                    <div class="testimonials-item_content bb-quotes-content">
                      <p class="feedback">Love your interest-free payment plans! This is my 3rd or 4th domain purchase with you, quick, trustable and easy, thank you!</p>
                      <span class="feedback-owner">- Dmitri Sennikov, February 10, 2026</span>
                    </div>
                  </div>
                  <div class="testimonials-item">
                    <div class="testimonials-item_image">
                      <div class="img-placeholder darkblue" style="background-color:#830000;">J</div>
                    </div>
                    <div class="testimonials-item_content bb-quotes-content">
                      <p class="feedback">The team was helpful, quick and provided more discount than what I proposed. Thanks a lot team HudeDomains.</p>
                      <span class="feedback-owner">- Joseph Azar, February 2, 2026</span>
                    </div>
                  </div>
                  <div class="testimonials-item">
                    <div class="testimonials-item_image">
                      <div class="img-placeholder darkblue" style="background-color:#89969f;">C</div>
                    </div>
                    <div class="testimonials-item_content bb-quotes-content">
                      <p class="feedback">Good service and immediate responses.</p>
                      <span class="feedback-owner">- Christian Alexander Margaritis, January 30, 2026</span>
                    </div>
                  </div>
                  <div class="testimonials-item">
                    <div class="testimonials-item_image">
                      <div class="img-placeholder darkblue" style="background-color:#2aa527;">J</div>
                    </div>
                    <div class="testimonials-item_content bb-quotes-content">
                      <p class="feedback">Easy Transaction with quick response and quick delivery of domain. We would definitely work with Huge Domains again.</p>
                      <span class="feedback-owner">- J M Gaffney, January 30, 2026</span>
                    </div>
                  </div>
                </div>
                <a shape="rect" class="see-more testim-see-more blueLink linkUnderlineHover centerTextAt560Width" href="https://www.hugeDomains.com/testimonials.cfm" target="_blank">See more testimonials</a>
              </div>
            </div>
          </section>
          <style>
.testimonailQQQs {
border-bottom: 0px solid #d2d6da !important;
}
</style>
          <h2 class="size24">Our promise to you</h2>
          <section class="noMobileLeftRightBorder560 leftRightMargin20Mobile991 noLeftRightMargin20Mobile560 noMiddleBorderBottomMobile991 width100Minus42Mobile991 widthQQQ100Mobile991 width100Mobile560 testimonails single-product colored-section m-mb-0 boreder-b-none hdv3pitch ">
            <div class="testimonails-wrap container widthQQQ100Mobile991 widthAutoMobile991">
              <div class="single-product-block small-p">
                <h3 class="subtitels">30-day money back guarantee</h3>
                <p>HugeDomains provides a 100% satisfaction guarantee on every domain name that we sell through our website. If you buy a domain and are unhappy with it, we will accept the return within 30 days and issue a full refund – no questions asked.</p>
              </div>
            </div>
          </section>
          <section class="testimonails single-product colored-section m-mb-0 boreder-t-none boreder-b-none m-border-block noMobileLeftRightBorder560 leftRightMargin20Mobile991 width100Mobile560 noLeftRightMargin20Mobile560 noMiddleBorderBottomMobile991 width100Minus42Mobile991 widthQQQ100Mobile991">
            <div class="testimonails-wrap container widthAutoMobile991">
              <div class="single-product-block small-p">
                <h3 class="subtitels">Quick delivery of the domain</h3>
                <p>In most cases access to the domain will be available within one to two hours of purchase, however access to domains purchased after business hours will be available within the next business day.</p>
              </div>
            </div>
          </section>
          <section class="testimonails single-product colored-section boreder-t-none noMobileLeftRightBorder560 leftRightMargin20Mobile991 noLeftRightMargin20Mobile560 width100Minus42Mobile991 width100Mobile560 widthQQQ100Mobile991">
            <div class="testimonails-wrap container widthAutoMobile991">
              <div class="single-product-block small-p">
                <h3 class="subtitels">Safe and secure shopping</h3>
                <p>Your online safety and security is our top priority. We understand the importance of protecting your personal information.</p>
                <br clear="none"/>
                <p>We protect your information through SSL encryption technology, providing the safest, most secure shopping experience possible. Additionally, you may checkout with PayPal or Escrow.com.</p>
              </div>
            </div>
          </section>
          <section class="faq-section single-product bordered-section hdv3pitch lQQQeftRightPadding20Mobile991 leftRightPadding20Mobile560 lQQQeftRightPaddingImp20Mobile991 LeftRightPaddingImp20Mobile560 lQQQeftRightMargin20Mobile560 width100Minus40Mobile991 leftRightMargin20Mobile991 noLeftRightPaddingImpMobile991 ">
            <div class="container">
              <div class="single-product-block">
                <div class="oter-domain-title d-flex jc-between">
                  <h2 class="size24">FAQs</h2>
                  <a shape="rect" class="see-more-domains blueLink linkUnderlineHover hideAt560Width" href="https://www.hugeDomains.com/faq.cfm" target="_blank">See more FAQs</a>
                </div>
                <div class="faq-block">
                  <div class="faq-block-item">
                    <div class="faq-bi-title">
                      <a shape="rect" href="#" style="color:white; ">How do I transfer to another registrar such as GoDaddy?</a>
                    </div>
                    <div class="faq-bi-content">
                      <p>Yes, you can transfer your domain to any registrar or hosting company once you have purchased it. Since domain transfers are a manual process, it can take up to 5 days to transfer the domain.</p>
                      <p> </p>
                      <p>Domains purchased with payment plans are not eligible to transfer until all payments have been made. Please remember that our 30-day money back guarantee is void once a domain has been transferred.</p>
                      <p> </p>
                      <p>
For transfer instructions to GoDaddy, please                         <a shape="rect" class="whiteLink" href="https://www.hugeDomains.com/transfer-domain-to-godaddy.cfm" style="text-decoration:underline;">click here</a>
.                      </p>
                    </div>
                  </div>
                  <div class="faq-block-item">
                    <div class="faq-bi-title">
                      <a shape="rect" href="#" style="color:white; ">How do I get the domain after the purchase?</a>
                    </div>
                    <div class="faq-bi-content">
[...]
08:53:42.256 &amp#27;[34mINFO &amp#27;[0;39m [&amp#27;[36mTestNG-PoolService-8&amp#27;[0;39m] &amp#27;[33mutils.ScreenshotUtils&amp#27;[0;39m - Screenshot saved → [/Users/jok208/selenium-hybrid-template/target/screenshots/Sample_page_loads_successfully_2026-03-25_08-53-42-247.png]
08:53:42.259 &amp#27;[34mINFO &amp#27;[0;39m [&amp#27;[36mTestNG-PoolService-7&amp#27;[0;39m] &amp#27;[33mutils.ScreenshotUtils&amp#27;[0;39m - Screenshot saved → [/Users/jok208/selenium-hybrid-template/target/screenshots/Successful_login_with_valid_standard_user_credentials_2026-03-25_08-53-42-249.png]
08:53:42.259 &amp#27;[34mINFO &amp#27;[0;39m [&amp#27;[36mTestNG-PoolService-9&amp#27;[0;39m] &amp#27;[33mutils.ScreenshotUtils&amp#27;[0;39m - Screenshot saved → [/Users/jok208/selenium-hybrid-template/target/screenshots/Primary_action_button_performs_expected_action_2026-03-25_08-53-42-246.png]

    Embedding Successful login with valid admin credentials [image/png 152672 bytes]


    Embedding Successful login with valid standard user credentials [image/png 152672 bytes]


    Embedding Primary action button performs expected action [image/png 152672 bytes]

08:53:42.912 &amp#27;[34mINFO &amp#27;[0;39m [&amp#27;[36mTestNG-PoolService-6&amp#27;[0;39m] &amp#27;[33mhooks.Hooks&amp#27;[0;39m - Screenshot attached to Cucumber report
08:53:42.912 &amp#27;[34mINFO &amp#27;[0;39m [&amp#27;[36mTestNG-PoolService-7&amp#27;[0;39m] &amp#27;[33mhooks.Hooks&amp#27;[0;39m - Screenshot attached to Cucumber report

    Embedding Sample page loads successfully [image/png 152672 bytes]

08:53:42.913 &amp#27;[34mINFO &amp#27;[0;39m [&amp#27;[36mTestNG-PoolService-9&amp#27;[0;39m] &amp#27;[33mhooks.Hooks&amp#27;[0;39m - Screenshot attached to Cucumber report
08:53:42.914 &amp#27;[34mINFO &amp#27;[0;39m [&amp#27;[36mTestNG-PoolService-8&amp#27;[0;39m] &amp#27;[33mhooks.Hooks&amp#27;[0;39m - Screenshot attached to Cucumber report
08:53:43.375 &amp#27;[34mINFO &amp#27;[0;39m [&amp#27;[36mTestNG-PoolService-8&amp#27;[0;39m] &amp#27;[33mutils.DriverManager&amp#27;[0;39m - WebDriver quit successfully for thread [TestNG-PoolService-8]
08:53:43.376 &amp#27;[1;31mERROR&amp#27;[0;39m [&amp#27;[36mTestNG-PoolService-8&amp#27;[0;39m] &amp#27;[33mScenario&amp#27;[0;39m - │  ✖ FAILED : Sample page loads successfully
08:53:43.376 &amp#27;[34mINFO &amp#27;[0;39m [&amp#27;[36mTestNG-PoolService-8&amp#27;[0;39m] &amp#27;[33mScenario&amp#27;[0;39m - └─────────────────────────────────────────────────────
]]></system-out>
  </testcase>
  <testcase name="runScenario[&quot;Primary action button performs expected action&quot;, &quot;Sample Page UI Interactions&quot;](7)" classname="runners.SmokeTestRunner" time="33.847">
    <failure message="Element not visible after 10s: [By.id: username]" type="org.openqa.selenium.TimeoutException"><![CDATA[org.openqa.selenium.TimeoutException: Element not visible after 10s: [By.id: username]
	at utils.WaitUtils.waitForVisible(WaitUtils.java:99)
	at utils.WaitUtils.waitForVisible(WaitUtils.java:89)
	at pages.BasePage.type(BasePage.java:229)
	at pages.LoginPage.enterUsername(LoginPage.java:67)
	at pages.LoginPage.login(LoginPage.java:98)
	at pages.LoginPage.loginAs(LoginPage.java:116)
	at stepdefinitions.LoginSteps.iAmLoggedInAs(LoginSteps.java:58)
	at ✽.I am logged in as "admin"(file:///Users/jok208/selenium-hybrid-template/src/test/resources/features/ui.feature:29)
Caused by: org.openqa.selenium.TimeoutException: Expected condition failed: waiting for visibility of element located by By.id: username (tried for 10 second(s) with 500 milliseconds interval)
Build info: version: '4.21.0', revision: '79ed462ef4'
System info: os.name: 'Mac OS X', os.arch: 'x86_64', os.version: '15.6', java.version: '25.0.1'
Driver info: org.openqa.selenium.chrome.ChromeDriver
Capabilities {acceptInsecureCerts: true, browserName: chrome, browserVersion: 146.0.7680.164, chrome: {chromedriverVersion: 146.0.7680.165 (4b989da09e1..., userDataDir: /var/folders/w2/67mk25c54mj...}, fedcm:accounts: true, goog:chromeOptions: {debuggerAddress: localhost:53331}, goog:processID: 60891, networkConnectionEnabled: false, pageLoadStrategy: normal, platformName: mac, proxy: Proxy(), se:cdp: ws://localhost:53331/devtoo..., se:cdpVersion: 146.0.7680.164, setWindowRect: true, strictFileInteractability: false, timeouts: {implicit: 0, pageLoad: 300000, script: 30000}, unhandledPromptBehavior: dismiss and notify, webauthn:extension:credBlob: true, webauthn:extension:largeBlob: true, webauthn:extension:minPinLength: true, webauthn:extension:prf: true, webauthn:virtualAuthenticators: true}
Session ID: f62663b8505b061bfba16c35e87a4be4
	at org.openqa.selenium.support.ui.WebDriverWait.timeoutException(WebDriverWait.java:84)
	at org.openqa.selenium.support.ui.FluentWait.until(FluentWait.java:228)
	at utils.WaitUtils.waitForVisible(WaitUtils.java:96)
	at utils.WaitUtils.waitForVisible(WaitUtils.java:89)
	at pages.BasePage.type(BasePage.java:229)
	at pages.LoginPage.enterUsername(LoginPage.java:67)
	at pages.LoginPage.login(LoginPage.java:98)
	at pages.LoginPage.loginAs(LoginPage.java:116)
	at stepdefinitions.LoginSteps.iAmLoggedInAs(LoginSteps.java:58)
	at java.base/jdk.internal.reflect.DirectMethodHandleAccessor.invoke(DirectMethodHandleAccessor.java:104)
	at java.base/java.lang.reflect.Method.invoke(Method.java:565)
	at io.cucumber.java.Invoker.doInvoke(Invoker.java:66)
	at io.cucumber.java.Invoker.invoke(Invoker.java:24)
	at io.cucumber.java.AbstractGlueDefinition.invokeMethod(AbstractGlueDefinition.java:47)
	at io.cucumber.java.JavaStepDefinition.execute(JavaStepDefinition.java:29)
	at io.cucumber.core.runner.CoreStepDefinition.execute(CoreStepDefinition.java:66)
	at io.cucumber.core.runner.PickleStepDefinitionMatch.runStep(PickleStepDefinitionMatch.java:63)
	at io.cucumber.core.runner.ExecutionMode$1.execute(ExecutionMode.java:10)
	at io.cucumber.core.runner.TestStep.executeStep(TestStep.java:81)
	at io.cucumber.core.runner.TestStep.run(TestStep.java:53)
	at io.cucumber.core.runner.PickleStepTestStep.run(PickleStepTestStep.java:51)
	at io.cucumber.core.runner.TestCase.run(TestCase.java:84)
	at io.cucumber.core.runner.Runner.runPickle(Runner.java:75)
	at io.cucumber.testng.TestNGCucumberRunner.lambda$runScenario$1(TestNGCucumberRunner.java:132)
	at io.cucumber.core.runtime.CucumberExecutionContext.lambda$runTestCase$5(CucumberExecutionContext.java:136)
	at io.cucumber.core.runtime.RethrowingThrowableCollector.executeAndThrow(RethrowingThrowableCollector.java:23)
	at io.cucumber.core.runtime.CucumberExecutionContext.runTestCase(CucumberExecutionContext.java:136)
	at io.cucumber.testng.TestNGCucumberRunner.runScenario(TestNGCucumberRunner.java:129)
	at io.cucumber.testng.AbstractTestNGCucumberTests.runScenario(AbstractTestNGCucumberTests.java:35)
	at java.base/jdk.internal.reflect.DirectMethodHandleAccessor.invoke(DirectMethodHandleAccessor.java:104)
	at java.base/java.lang.reflect.Method.invoke(Method.java:565)
	at org.testng.internal.invokers.MethodInvocationHelper.invokeMethod(MethodInvocationHelper.java:141)
	at org.testng.internal.invokers.TestInvoker.invokeMethod(TestInvoker.java:686)
	at org.testng.internal.invokers.TestInvoker.invokeTestMethod(TestInvoker.java:230)
	at org.testng.internal.invokers.TestMethodWithDataProviderMethodWorker.call(TestMethodWithDataProviderMethodWorker.java:81)
	at org.testng.internal.thread.Async$AsyncTask.run(Async.java:34)
	at java.base/java.util.concurrent.ThreadPoolExecutor.runWorker(ThreadPoolExecutor.java:1090)
	at java.base/java.util.concurrent.ThreadPoolExecutor$Worker.run(ThreadPoolExecutor.java:614)
	at java.base/java.lang.Thread.run(Thread.java:1474)
]]></failure>
    <system-out><![CDATA[08:53:43.379 &amp#27;[34mINFO &amp#27;[0;39m [&amp#27;[36mTestNG-PoolService-9&amp#27;[0;39m] &amp#27;[33mutils.DriverManager&amp#27;[0;39m - WebDriver quit successfully for thread [TestNG-PoolService-9]
08:53:43.379 &amp#27;[1;31mERROR&amp#27;[0;39m [&amp#27;[36mTestNG-PoolService-9&amp#27;[0;39m] &amp#27;[33mScenario&amp#27;[0;39m - │  ✖ FAILED : Primary action button performs expected action
08:53:43.379 &amp#27;[34mINFO &amp#27;[0;39m [&amp#27;[36mTestNG-PoolService-9&amp#27;[0;39m] &amp#27;[33mScenario&amp#27;[0;39m - └─────────────────────────────────────────────────────
]]></system-out>
  </testcase>
  <testcase name="runScenario[&quot;Successful login with valid standard user credentials&quot;, &quot;User Login&quot;](8)" classname="runners.SmokeTestRunner" time="33.857">
    <failure message="Element not visible after 10s: [By.id: username]" type="org.openqa.selenium.TimeoutException"><![CDATA[org.openqa.selenium.TimeoutException: Element not visible after 10s: [By.id: username]
	at utils.WaitUtils.waitForVisible(WaitUtils.java:99)
	at utils.WaitUtils.waitForVisible(WaitUtils.java:89)
	at pages.BasePage.type(BasePage.java:229)
	at pages.LoginPage.enterUsername(LoginPage.java:67)
	at pages.LoginPage.login(LoginPage.java:98)
	at pages.LoginPage.loginAs(LoginPage.java:116)
	at stepdefinitions.LoginSteps.iLoginAs(LoginSteps.java:93)
	at ✽.I login as "standard"(file:///Users/jok208/selenium-hybrid-template/src/test/resources/features/login.feature:41)
Caused by: org.openqa.selenium.TimeoutException: Expected condition failed: waiting for visibility of element located by By.id: username (tried for 10 second(s) with 500 milliseconds interval)
Build info: version: '4.21.0', revision: '79ed462ef4'
System info: os.name: 'Mac OS X', os.arch: 'x86_64', os.version: '15.6', java.version: '25.0.1'
Driver info: org.openqa.selenium.chrome.ChromeDriver
Capabilities {acceptInsecureCerts: true, browserName: chrome, browserVersion: 146.0.7680.164, chrome: {chromedriverVersion: 146.0.7680.165 (4b989da09e1..., userDataDir: /var/folders/w2/67mk25c54mj...}, fedcm:accounts: true, goog:chromeOptions: {debuggerAddress: localhost:53329}, goog:processID: 60928, networkConnectionEnabled: false, pageLoadStrategy: normal, platformName: mac, proxy: Proxy(), se:cdp: ws://localhost:53329/devtoo..., se:cdpVersion: 146.0.7680.164, setWindowRect: true, strictFileInteractability: false, timeouts: {implicit: 0, pageLoad: 300000, script: 30000}, unhandledPromptBehavior: dismiss and notify, webauthn:extension:credBlob: true, webauthn:extension:largeBlob: true, webauthn:extension:minPinLength: true, webauthn:extension:prf: true, webauthn:virtualAuthenticators: true}
Session ID: 6b662d3e12ca08e0f493b6f07d6369eb
	at org.openqa.selenium.support.ui.WebDriverWait.timeoutException(WebDriverWait.java:84)
	at org.openqa.selenium.support.ui.FluentWait.until(FluentWait.java:228)
	at utils.WaitUtils.waitForVisible(WaitUtils.java:96)
	at utils.WaitUtils.waitForVisible(WaitUtils.java:89)
	at pages.BasePage.type(BasePage.java:229)
	at pages.LoginPage.enterUsername(LoginPage.java:67)
	at pages.LoginPage.login(LoginPage.java:98)
	at pages.LoginPage.loginAs(LoginPage.java:116)
	at stepdefinitions.LoginSteps.iLoginAs(LoginSteps.java:93)
	at java.base/jdk.internal.reflect.DirectMethodHandleAccessor.invoke(DirectMethodHandleAccessor.java:104)
	at java.base/java.lang.reflect.Method.invoke(Method.java:565)
	at io.cucumber.java.Invoker.doInvoke(Invoker.java:66)
	at io.cucumber.java.Invoker.invoke(Invoker.java:24)
	at io.cucumber.java.AbstractGlueDefinition.invokeMethod(AbstractGlueDefinition.java:47)
	at io.cucumber.java.JavaStepDefinition.execute(JavaStepDefinition.java:29)
	at io.cucumber.core.runner.CoreStepDefinition.execute(CoreStepDefinition.java:66)
	at io.cucumber.core.runner.PickleStepDefinitionMatch.runStep(PickleStepDefinitionMatch.java:63)
	at io.cucumber.core.runner.ExecutionMode$1.execute(ExecutionMode.java:10)
	at io.cucumber.core.runner.TestStep.executeStep(TestStep.java:81)
	at io.cucumber.core.runner.TestStep.run(TestStep.java:53)
	at io.cucumber.core.runner.PickleStepTestStep.run(PickleStepTestStep.java:51)
	at io.cucumber.core.runner.TestCase.run(TestCase.java:84)
	at io.cucumber.core.runner.Runner.runPickle(Runner.java:75)
	at io.cucumber.testng.TestNGCucumberRunner.lambda$runScenario$1(TestNGCucumberRunner.java:132)
	at io.cucumber.core.runtime.CucumberExecutionContext.lambda$runTestCase$5(CucumberExecutionContext.java:136)
	at io.cucumber.core.runtime.RethrowingThrowableCollector.executeAndThrow(RethrowingThrowableCollector.java:23)
	at io.cucumber.core.runtime.CucumberExecutionContext.runTestCase(CucumberExecutionContext.java:136)
	at io.cucumber.testng.TestNGCucumberRunner.runScenario(TestNGCucumberRunner.java:129)
	at io.cucumber.testng.AbstractTestNGCucumberTests.runScenario(AbstractTestNGCucumberTests.java:35)
	at java.base/jdk.internal.reflect.DirectMethodHandleAccessor.invoke(DirectMethodHandleAccessor.java:104)
	at java.base/java.lang.reflect.Method.invoke(Method.java:565)
	at org.testng.internal.invokers.MethodInvocationHelper.invokeMethod(MethodInvocationHelper.java:141)
	at org.testng.internal.invokers.TestInvoker.invokeMethod(TestInvoker.java:686)
	at org.testng.internal.invokers.TestInvoker.invokeTestMethod(TestInvoker.java:230)
	at org.testng.internal.invokers.TestMethodWithDataProviderMethodWorker.call(TestMethodWithDataProviderMethodWorker.java:81)
	at org.testng.internal.thread.Async$AsyncTask.run(Async.java:34)
	at java.base/java.util.concurrent.ThreadPoolExecutor.runWorker(ThreadPoolExecutor.java:1090)
	at java.base/java.util.concurrent.ThreadPoolExecutor$Worker.run(ThreadPoolExecutor.java:614)
	at java.base/java.lang.Thread.run(Thread.java:1474)
]]></failure>
    <system-out><![CDATA[08:53:43.385 &amp#27;[34mINFO &amp#27;[0;39m [&amp#27;[36mTestNG-PoolService-7&amp#27;[0;39m] &amp#27;[33mutils.DriverManager&amp#27;[0;39m - WebDriver quit successfully for thread [TestNG-PoolService-7]
08:53:43.385 &amp#27;[34mINFO &amp#27;[0;39m [&amp#27;[36mTestNG-PoolService-6&amp#27;[0;39m] &amp#27;[33mutils.DriverManager&amp#27;[0;39m - WebDriver quit successfully for thread [TestNG-PoolService-6]
08:53:43.385 &amp#27;[1;31mERROR&amp#27;[0;39m [&amp#27;[36mTestNG-PoolService-7&amp#27;[0;39m] &amp#27;[33mScenario&amp#27;[0;39m - │  ✖ FAILED : Successful login with valid standard user credentials
08:53:43.386 &amp#27;[34mINFO &amp#27;[0;39m [&amp#27;[36mTestNG-PoolService-7&amp#27;[0;39m] &amp#27;[33mScenario&amp#27;[0;39m - └─────────────────────────────────────────────────────
08:53:43.386 &amp#27;[1;31mERROR&amp#27;[0;39m [&amp#27;[36mTestNG-PoolService-6&amp#27;[0;39m] &amp#27;[33mScenario&amp#27;[0;39m - │  ✖ FAILED : Successful login with valid admin credentials
08:53:43.386 &amp#27;[34mINFO &amp#27;[0;39m [&amp#27;[36mTestNG-PoolService-6&amp#27;[0;39m] &amp#27;[33mScenario&amp#27;[0;39m - └─────────────────────────────────────────────────────
]]></system-out>
  </testcase>
  <testcase name="runScenario[&quot;Successful login with valid admin credentials&quot;, &quot;User Login&quot;](9)" classname="runners.SmokeTestRunner" time="33.858">
    <failure message="Element not visible after 10s: [By.id: username]" type="org.openqa.selenium.TimeoutException"><![CDATA[org.openqa.selenium.TimeoutException: Element not visible after 10s: [By.id: username]
	at utils.WaitUtils.waitForVisible(WaitUtils.java:99)
	at utils.WaitUtils.waitForVisible(WaitUtils.java:89)
	at pages.BasePage.type(BasePage.java:229)
	at pages.LoginPage.enterUsername(LoginPage.java:67)
	at pages.LoginPage.login(LoginPage.java:98)
	at pages.LoginPage.loginAs(LoginPage.java:116)
	at stepdefinitions.LoginSteps.iLoginAs(LoginSteps.java:93)
	at ✽.I login as "admin"(file:///Users/jok208/selenium-hybrid-template/src/test/resources/features/login.feature:36)
Caused by: org.openqa.selenium.TimeoutException: Expected condition failed: waiting for visibility of element located by By.id: username (tried for 10 second(s) with 500 milliseconds interval)
Build info: version: '4.21.0', revision: '79ed462ef4'
System info: os.name: 'Mac OS X', os.arch: 'x86_64', os.version: '15.6', java.version: '25.0.1'
Driver info: org.openqa.selenium.chrome.ChromeDriver
Capabilities {acceptInsecureCerts: true, browserName: chrome, browserVersion: 146.0.7680.164, chrome: {chromedriverVersion: 146.0.7680.165 (4b989da09e1..., userDataDir: /var/folders/w2/67mk25c54mj...}, fedcm:accounts: true, goog:chromeOptions: {debuggerAddress: localhost:53326}, goog:processID: 60916, networkConnectionEnabled: false, pageLoadStrategy: normal, platformName: mac, proxy: Proxy(), se:cdp: ws://localhost:53326/devtoo..., se:cdpVersion: 146.0.7680.164, setWindowRect: true, strictFileInteractability: false, timeouts: {implicit: 0, pageLoad: 300000, script: 30000}, unhandledPromptBehavior: dismiss and notify, webauthn:extension:credBlob: true, webauthn:extension:largeBlob: true, webauthn:extension:minPinLength: true, webauthn:extension:prf: true, webauthn:virtualAuthenticators: true}
Session ID: db5a9f11ea3f6e1ac6401ffa692f9e15
	at org.openqa.selenium.support.ui.WebDriverWait.timeoutException(WebDriverWait.java:84)
	at org.openqa.selenium.support.ui.FluentWait.until(FluentWait.java:228)
	at utils.WaitUtils.waitForVisible(WaitUtils.java:96)
	at utils.WaitUtils.waitForVisible(WaitUtils.java:89)
	at pages.BasePage.type(BasePage.java:229)
	at pages.LoginPage.enterUsername(LoginPage.java:67)
	at pages.LoginPage.login(LoginPage.java:98)
	at pages.LoginPage.loginAs(LoginPage.java:116)
	at stepdefinitions.LoginSteps.iLoginAs(LoginSteps.java:93)
	at java.base/jdk.internal.reflect.DirectMethodHandleAccessor.invoke(DirectMethodHandleAccessor.java:104)
	at java.base/java.lang.reflect.Method.invoke(Method.java:565)
	at io.cucumber.java.Invoker.doInvoke(Invoker.java:66)
	at io.cucumber.java.Invoker.invoke(Invoker.java:24)
	at io.cucumber.java.AbstractGlueDefinition.invokeMethod(AbstractGlueDefinition.java:47)
	at io.cucumber.java.JavaStepDefinition.execute(JavaStepDefinition.java:29)
	at io.cucumber.core.runner.CoreStepDefinition.execute(CoreStepDefinition.java:66)
	at io.cucumber.core.runner.PickleStepDefinitionMatch.runStep(PickleStepDefinitionMatch.java:63)
	at io.cucumber.core.runner.ExecutionMode$1.execute(ExecutionMode.java:10)
	at io.cucumber.core.runner.TestStep.executeStep(TestStep.java:81)
	at io.cucumber.core.runner.TestStep.run(TestStep.java:53)
	at io.cucumber.core.runner.PickleStepTestStep.run(PickleStepTestStep.java:51)
	at io.cucumber.core.runner.TestCase.run(TestCase.java:84)
	at io.cucumber.core.runner.Runner.runPickle(Runner.java:75)
	at io.cucumber.testng.TestNGCucumberRunner.lambda$runScenario$1(TestNGCucumberRunner.java:132)
	at io.cucumber.core.runtime.CucumberExecutionContext.lambda$runTestCase$5(CucumberExecutionContext.java:136)
	at io.cucumber.core.runtime.RethrowingThrowableCollector.executeAndThrow(RethrowingThrowableCollector.java:23)
	at io.cucumber.core.runtime.CucumberExecutionContext.runTestCase(CucumberExecutionContext.java:136)
	at io.cucumber.testng.TestNGCucumberRunner.runScenario(TestNGCucumberRunner.java:129)
	at io.cucumber.testng.AbstractTestNGCucumberTests.runScenario(AbstractTestNGCucumberTests.java:35)
	at java.base/jdk.internal.reflect.DirectMethodHandleAccessor.invoke(DirectMethodHandleAccessor.java:104)
	at java.base/java.lang.reflect.Method.invoke(Method.java:565)
	at org.testng.internal.invokers.MethodInvocationHelper.invokeMethod(MethodInvocationHelper.java:141)
	at org.testng.internal.invokers.TestInvoker.invokeMethod(TestInvoker.java:686)
	at org.testng.internal.invokers.TestInvoker.invokeTestMethod(TestInvoker.java:230)
	at org.testng.internal.invokers.TestMethodWithDataProviderMethodWorker.call(TestMethodWithDataProviderMethodWorker.java:81)
	at org.testng.internal.thread.Async$AsyncTask.run(Async.java:34)
	at java.base/java.util.concurrent.ThreadPoolExecutor.runWorker(ThreadPoolExecutor.java:1090)
	at java.base/java.util.concurrent.ThreadPoolExecutor$Worker.run(ThreadPoolExecutor.java:614)
	at java.base/java.lang.Thread.run(Thread.java:1474)
]]></failure>
  </testcase>
</testsuite>